[ 2017-08-02T09:54:17+08:00 ] 127.0.0.1 /index.php
INFO: [ app_init ] --START--
INFO: Run Behavior\BuildLiteBehavior [ RunTime:0.000000s ]
INFO: [ app_init ] --END-- [ RunTime:0.001000s ]
INFO: [ app_begin ] --START--
INFO: Run Behavior\ReadHtmlCacheBehavior [ RunTime:0.001000s ]
INFO: [ app_begin ] --END-- [ RunTime:0.001000s ]
SQL: SHOW COLUMNS FROM `tw_config` [ RunTime:0.0080s ]
SQL: SELECT `config_value` FROM `tw_config` WHERE ( config_key='web_name' ) LIMIT 1   [ RunTime:0.0010s ]
SQL: SELECT `config_value` FROM `tw_config` WHERE ( config_key='web_footer' ) LIMIT 1   [ RunTime:0.0010s ]
SQL: SELECT `config_value` FROM `tw_config` WHERE ( config_key='web_keys' ) LIMIT 1   [ RunTime:0.0010s ]
SQL: SELECT `config_value` FROM `tw_config` WHERE ( config_key='web_description' ) LIMIT 1   [ RunTime:0.0000s ]
SQL: SELECT `config_value` FROM `tw_config` WHERE ( config_key='web_start' ) LIMIT 1   [ RunTime:0.0000s ]
SQL: SHOW COLUMNS FROM `tw_pages` [ RunTime:0.0470s ]
SQL: SELECT `pages_content` FROM `tw_pages` WHERE ( pages_title='TWOWAY' ) LIMIT 1   [ RunTime:0.0010s ]
SQL: SHOW COLUMNS FROM `tw_banner` [ RunTime:0.0080s ]
SQL: SELECT * FROM `tw_banner` WHERE ( banner_state=1 ) ORDER BY banner_sort,banner_id ASC  [ RunTime:0.0000s ]
SQL: SHOW COLUMNS FROM `tw_posts` [ RunTime:0.0090s ]
SQL: SELECT * FROM `tw_posts` WHERE ( posts_class=1 ) ORDER BY posts_edit_time DESC LIMIT 0,8   [ RunTime:0.0010s ]
SQL: SELECT * FROM `tw_posts` WHERE ( posts_class=2 ) ORDER BY posts_edit_time DESC LIMIT 0,5   [ RunTime:0.0010s ]
SQL: SELECT * FROM `tw_posts` WHERE ( posts_class=3 ) ORDER BY posts_edit_time DESC LIMIT 0,5   [ RunTime:0.0010s ]
INFO: [ view_parse ] --START--
INFO: [ template_filter ] --START--
INFO: Run Behavior\ContentReplaceBehavior [ RunTime:0.001000s ]
INFO: [ template_filter ] --END-- [ RunTime:0.001000s ]
NOTIC: [8] Undefined variable: abouttitle E:\phpStudy\WWW\twoway\Application\Runtime\Cache\Home\d9f819b3b48479d96fea8a8f2f546a01.php 第 180 行.
INFO: Run Behavior\ParseTemplateBehavior [ RunTime:0.076000s ]
INFO: [ view_parse ] --END-- [ RunTime:0.076000s ]
INFO: [ view_filter ] --START--
INFO: Run Behavior\WriteHtmlCacheBehavior [ RunTime:0.000000s ]
INFO: [ view_filter ] --END-- [ RunTime:0.000000s ]
INFO: [ app_end ] --START--
INFO: Run Behavior\ShowPageTraceBehavior [ RunTime:0.000000s ]
INFO: [ app_end ] --END-- [ RunTime:0.000000s ]

[ 2017-08-02T11:13:15+08:00 ] 127.0.0.1 /index.php
INFO: [ app_init ] --START--
INFO: Run Behavior\BuildLiteBehavior [ RunTime:0.000000s ]
INFO: [ app_init ] --END-- [ RunTime:0.000000s ]
INFO: [ app_begin ] --START--
INFO: Run Behavior\ReadHtmlCacheBehavior [ RunTime:0.001000s ]
INFO: [ app_begin ] --END-- [ RunTime:0.001000s ]
SQL: SHOW COLUMNS FROM `tw_config` [ RunTime:0.0100s ]
SQL: SELECT `config_value` FROM `tw_config` WHERE ( config_key='web_name' ) LIMIT 1   [ RunTime:0.0010s ]
SQL: SELECT `config_value` FROM `tw_config` WHERE ( config_key='web_footer' ) LIMIT 1   [ RunTime:0.0090s ]
SQL: SELECT `config_value` FROM `tw_config` WHERE ( config_key='web_keys' ) LIMIT 1   [ RunTime:0.0010s ]
SQL: SELECT `config_value` FROM `tw_config` WHERE ( config_key='web_description' ) LIMIT 1   [ RunTime:0.0010s ]
SQL: SELECT `config_value` FROM `tw_config` WHERE ( config_key='web_start' ) LIMIT 1   [ RunTime:0.0010s ]
SQL: SHOW COLUMNS FROM `tw_pages` [ RunTime:0.0380s ]
SQL: SELECT `pages_content` FROM `tw_pages` WHERE ( pages_title='TWOWAY' ) LIMIT 1   [ RunTime:0.0010s ]
SQL: SHOW COLUMNS FROM `tw_banner` [ RunTime:0.0120s ]
SQL: SELECT * FROM `tw_banner` WHERE ( banner_state=1 ) ORDER BY banner_sort,banner_id ASC  [ RunTime:0.0660s ]
SQL: SHOW COLUMNS FROM `tw_posts` [ RunTime:0.0120s ]
SQL: SELECT * FROM `tw_posts` WHERE ( posts_class=1 ) ORDER BY posts_edit_time DESC LIMIT 0,8   [ RunTime:0.0020s ]
SQL: SELECT * FROM `tw_posts` WHERE ( posts_class=2 ) ORDER BY posts_edit_time DESC LIMIT 0,5   [ RunTime:0.0010s ]
SQL: SELECT * FROM `tw_posts` WHERE ( posts_class=3 ) ORDER BY posts_edit_time DESC LIMIT 0,5   [ RunTime:0.0010s ]
INFO: [ view_parse ] --START--
INFO: [ template_filter ] --START--
INFO: Run Behavior\ContentReplaceBehavior [ RunTime:0.000000s ]
INFO: [ template_filter ] --END-- [ RunTime:0.001000s ]
NOTIC: [8] Undefined variable: abouttitle E:\phpStudy\WWW\twoway\Application\Runtime\Cache\Home\d9f819b3b48479d96fea8a8f2f546a01.php 第 180 行.
INFO: Run Behavior\ParseTemplateBehavior [ RunTime:0.107000s ]
INFO: [ view_parse ] --END-- [ RunTime:0.107000s ]
INFO: [ view_filter ] --START--
INFO: Run Behavior\WriteHtmlCacheBehavior [ RunTime:0.001000s ]
INFO: [ view_filter ] --END-- [ RunTime:0.001000s ]
INFO: [ app_end ] --START--
INFO: Run Behavior\ShowPageTraceBehavior [ RunTime:0.001000s ]
INFO: [ app_end ] --END-- [ RunTime:0.001000s ]

[ 2017-08-02T11:34:57+08:00 ] 127.0.0.1 /
INFO: [ app_init ] --START--
INFO: Run Behavior\BuildLiteBehavior [ RunTime:0.000000s ]
INFO: [ app_init ] --END-- [ RunTime:0.050000s ]
INFO: [ app_begin ] --START--
INFO: Run Behavior\ReadHtmlCacheBehavior [ RunTime:0.244000s ]
INFO: [ app_begin ] --END-- [ RunTime:0.244000s ]
SQL: SHOW COLUMNS FROM `tw_config` [ RunTime:0.2520s ]
SQL: SELECT `config_value` FROM `tw_config` WHERE ( config_key='web_name' ) LIMIT 1   [ RunTime:0.0000s ]
SQL: SELECT `config_value` FROM `tw_config` WHERE ( config_key='web_footer' ) LIMIT 1   [ RunTime:0.0010s ]
SQL: SELECT `config_value` FROM `tw_config` WHERE ( config_key='web_keys' ) LIMIT 1   [ RunTime:0.0000s ]
SQL: SELECT `config_value` FROM `tw_config` WHERE ( config_key='web_description' ) LIMIT 1   [ RunTime:0.0000s ]
SQL: SELECT `config_value` FROM `tw_config` WHERE ( config_key='web_start' ) LIMIT 1   [ RunTime:0.0010s ]
SQL: SHOW COLUMNS FROM `tw_pages` [ RunTime:1.5270s ]
SQL: SELECT `pages_content` FROM `tw_pages` WHERE ( pages_title='TWOWAY' ) LIMIT 1   [ RunTime:0.0000s ]
SQL: SHOW COLUMNS FROM `tw_banner` [ RunTime:0.5850s ]
SQL: SELECT * FROM `tw_banner` WHERE ( banner_state=1 ) ORDER BY banner_sort,banner_id ASC  [ RunTime:0.0010s ]
SQL: SHOW COLUMNS FROM `tw_posts` [ RunTime:0.1480s ]
SQL: SELECT * FROM `tw_posts` WHERE ( posts_class=1 ) ORDER BY posts_edit_time DESC LIMIT 0,8   [ RunTime:0.0010s ]
SQL: SELECT * FROM `tw_posts` WHERE ( posts_class=2 ) ORDER BY posts_edit_time DESC LIMIT 0,5   [ RunTime:0.0030s ]
SQL: SELECT * FROM `tw_posts` WHERE ( posts_class=3 ) ORDER BY posts_edit_time DESC LIMIT 0,5   [ RunTime:0.0000s ]
INFO: [ view_parse ] --START--
INFO: [ template_filter ] --START--
INFO: Run Behavior\ContentReplaceBehavior [ RunTime:0.000000s ]
INFO: [ template_filter ] --END-- [ RunTime:0.001000s ]
NOTIC: [8] Undefined variable: abouttitle E:\phpStudy\WWW\twoway\Application\Runtime\Cache\Home\d9f819b3b48479d96fea8a8f2f546a01.php 第 180 行.
INFO: Run Behavior\ParseTemplateBehavior [ RunTime:1.260000s ]
INFO: [ view_parse ] --END-- [ RunTime:1.260000s ]
INFO: [ view_filter ] --START--
INFO: Run Behavior\WriteHtmlCacheBehavior [ RunTime:0.074000s ]
INFO: [ view_filter ] --END-- [ RunTime:0.074000s ]
INFO: [ app_end ] --START--
INFO: Run Behavior\ShowPageTraceBehavior [ RunTime:0.032000s ]
INFO: [ app_end ] --END-- [ RunTime:0.032000s ]

[ 2017-08-02T11:35:21+08:00 ] 127.0.0.1 /
INFO: [ app_init ] --START--
INFO: Run Behavior\BuildLiteBehavior [ RunTime:0.000000s ]
INFO: [ app_init ] --END-- [ RunTime:0.000000s ]
INFO: [ app_begin ] --START--
INFO: Run Behavior\ReadHtmlCacheBehavior [ RunTime:0.001000s ]
INFO: [ app_begin ] --END-- [ RunTime:0.001000s ]
SQL: SHOW COLUMNS FROM `tw_config` [ RunTime:0.0160s ]
SQL: SELECT `config_value` FROM `tw_config` WHERE ( config_key='web_name' ) LIMIT 1   [ RunTime:0.0010s ]
SQL: SELECT `config_value` FROM `tw_config` WHERE ( config_key='web_footer' ) LIMIT 1   [ RunTime:0.0010s ]
SQL: SELECT `config_value` FROM `tw_config` WHERE ( config_key='web_keys' ) LIMIT 1   [ RunTime:0.0000s ]
SQL: SELECT `config_value` FROM `tw_config` WHERE ( config_key='web_description' ) LIMIT 1   [ RunTime:0.0000s ]
SQL: SELECT `config_value` FROM `tw_config` WHERE ( config_key='web_start' ) LIMIT 1   [ RunTime:0.0000s ]
SQL: SHOW COLUMNS FROM `tw_pages` [ RunTime:0.0060s ]
SQL: SELECT `pages_content` FROM `tw_pages` WHERE ( pages_title='TWOWAY' ) LIMIT 1   [ RunTime:0.0000s ]
SQL: SHOW COLUMNS FROM `tw_banner` [ RunTime:0.0060s ]
SQL: SELECT * FROM `tw_banner` WHERE ( banner_state=1 ) ORDER BY banner_sort,banner_id ASC  [ RunTime:0.0010s ]
SQL: SHOW COLUMNS FROM `tw_posts` [ RunTime:0.0060s ]
SQL: SELECT * FROM `tw_posts` WHERE ( posts_class=1 ) ORDER BY posts_edit_time DESC LIMIT 0,8   [ RunTime:0.0010s ]
SQL: SELECT * FROM `tw_posts` WHERE ( posts_class=2 ) ORDER BY posts_edit_time DESC LIMIT 0,5   [ RunTime:0.0000s ]
SQL: SELECT * FROM `tw_posts` WHERE ( posts_class=3 ) ORDER BY posts_edit_time DESC LIMIT 0,5   [ RunTime:0.0000s ]
INFO: [ view_parse ] --START--
INFO: [ template_filter ] --START--
INFO: Run Behavior\ContentReplaceBehavior [ RunTime:0.001000s ]
INFO: [ template_filter ] --END-- [ RunTime:0.001000s ]
NOTIC: [8] Undefined variable: abouttitle E:\phpStudy\WWW\twoway\Application\Runtime\Cache\Home\d9f819b3b48479d96fea8a8f2f546a01.php 第 180 行.
INFO: Run Behavior\ParseTemplateBehavior [ RunTime:0.017000s ]
INFO: [ view_parse ] --END-- [ RunTime:0.018000s ]
INFO: [ view_filter ] --START--
INFO: Run Behavior\WriteHtmlCacheBehavior [ RunTime:0.000000s ]
INFO: [ view_filter ] --END-- [ RunTime:0.000000s ]
INFO: [ app_end ] --START--
INFO: Run Behavior\ShowPageTraceBehavior [ RunTime:0.001000s ]
INFO: [ app_end ] --END-- [ RunTime:0.001000s ]

[ 2017-08-02T11:36:43+08:00 ] 127.0.0.1 /
INFO: [ app_init ] --START--
INFO: Run Behavior\BuildLiteBehavior [ RunTime:0.000000s ]
INFO: [ app_init ] --END-- [ RunTime:0.000000s ]
INFO: [ app_begin ] --START--
INFO: Run Behavior\ReadHtmlCacheBehavior [ RunTime:0.001000s ]
INFO: [ app_begin ] --END-- [ RunTime:0.001000s ]
SQL: SHOW COLUMNS FROM `tw_config` [ RunTime:0.0080s ]
SQL: SELECT `config_value` FROM `tw_config` WHERE ( config_key='web_name' ) LIMIT 1   [ RunTime:0.0000s ]
SQL: SELECT `config_value` FROM `tw_config` WHERE ( config_key='web_footer' ) LIMIT 1   [ RunTime:0.0010s ]
SQL: SELECT `config_value` FROM `tw_config` WHERE ( config_key='web_keys' ) LIMIT 1   [ RunTime:0.0000s ]
SQL: SELECT `config_value` FROM `tw_config` WHERE ( config_key='web_description' ) LIMIT 1   [ RunTime:0.0010s ]
SQL: SELECT `config_value` FROM `tw_config` WHERE ( config_key='web_start' ) LIMIT 1   [ RunTime:0.0000s ]
SQL: SHOW COLUMNS FROM `tw_pages` [ RunTime:0.3810s ]
SQL: SELECT `pages_content` FROM `tw_pages` WHERE ( pages_title='TWOWAY' ) LIMIT 1   [ RunTime:0.0010s ]
SQL: SHOW COLUMNS FROM `tw_banner` [ RunTime:0.0050s ]
SQL: SELECT * FROM `tw_banner` WHERE ( banner_state=1 ) ORDER BY banner_sort,banner_id ASC  [ RunTime:0.0010s ]
SQL: SHOW COLUMNS FROM `tw_posts` [ RunTime:0.0050s ]
SQL: SELECT * FROM `tw_posts` WHERE ( posts_class=1 ) ORDER BY posts_edit_time DESC LIMIT 0,8   [ RunTime:0.0010s ]
SQL: SELECT * FROM `tw_posts` WHERE ( posts_class=2 ) ORDER BY posts_edit_time DESC LIMIT 0,5   [ RunTime:0.0000s ]
SQL: SELECT * FROM `tw_posts` WHERE ( posts_class=3 ) ORDER BY posts_edit_time DESC LIMIT 0,5   [ RunTime:0.0000s ]
INFO: [ view_parse ] --START--
INFO: [ template_filter ] --START--
INFO: Run Behavior\ContentReplaceBehavior [ RunTime:0.000000s ]
INFO: [ template_filter ] --END-- [ RunTime:0.000000s ]
NOTIC: [8] Undefined variable: abouttitle E:\phpStudy\WWW\twoway\Application\Runtime\Cache\Home\d9f819b3b48479d96fea8a8f2f546a01.php 第 180 行.
INFO: Run Behavior\ParseTemplateBehavior [ RunTime:0.019000s ]
INFO: [ view_parse ] --END-- [ RunTime:0.019000s ]
INFO: [ view_filter ] --START--
INFO: Run Behavior\WriteHtmlCacheBehavior [ RunTime:0.000000s ]
INFO: [ view_filter ] --END-- [ RunTime:0.000000s ]
INFO: [ app_end ] --START--
INFO: Run Behavior\ShowPageTraceBehavior [ RunTime:0.000000s ]
INFO: [ app_end ] --END-- [ RunTime:0.000000s ]

[ 2017-08-02T13:37:54+08:00 ] 127.0.0.1 /
INFO: [ app_init ] --START--
INFO: Run Behavior\BuildLiteBehavior [ RunTime:0.000000s ]
INFO: [ app_init ] --END-- [ RunTime:0.001000s ]
INFO: [ app_begin ] --START--
INFO: Run Behavior\ReadHtmlCacheBehavior [ RunTime:0.001000s ]
INFO: [ app_begin ] --END-- [ RunTime:0.001000s ]
SQL: SHOW COLUMNS FROM `tw_config` [ RunTime:0.0090s ]
SQL: SELECT `config_value` FROM `tw_config` WHERE ( config_key='web_name' ) LIMIT 1   [ RunTime:0.0010s ]
SQL: SELECT `config_value` FROM `tw_config` WHERE ( config_key='web_footer' ) LIMIT 1   [ RunTime:0.0000s ]
SQL: SELECT `config_value` FROM `tw_config` WHERE ( config_key='web_keys' ) LIMIT 1   [ RunTime:0.0010s ]
SQL: SELECT `config_value` FROM `tw_config` WHERE ( config_key='web_description' ) LIMIT 1   [ RunTime:0.0000s ]
SQL: SELECT `config_value` FROM `tw_config` WHERE ( config_key='web_start' ) LIMIT 1   [ RunTime:0.0000s ]
SQL: SHOW COLUMNS FROM `tw_pages` [ RunTime:0.0110s ]
SQL: SELECT `pages_content` FROM `tw_pages` WHERE ( pages_title='TWOWAY' ) LIMIT 1   [ RunTime:0.0000s ]
SQL: SHOW COLUMNS FROM `tw_banner` [ RunTime:0.0080s ]
SQL: SELECT * FROM `tw_banner` WHERE ( banner_state=1 ) ORDER BY banner_sort,banner_id ASC  [ RunTime:0.0000s ]
SQL: SHOW COLUMNS FROM `tw_posts` [ RunTime:0.0080s ]
SQL: SELECT * FROM `tw_posts` WHERE ( posts_class=1 ) ORDER BY posts_edit_time DESC LIMIT 0,8   [ RunTime:0.0010s ]
SQL: SELECT * FROM `tw_posts` WHERE ( posts_class=2 ) ORDER BY posts_edit_time DESC LIMIT 0,5   [ RunTime:0.0010s ]
SQL: SELECT * FROM `tw_posts` WHERE ( posts_class=3 ) ORDER BY posts_edit_time DESC LIMIT 0,5   [ RunTime:0.0000s ]
INFO: [ view_parse ] --START--
INFO: [ template_filter ] --START--
INFO: Run Behavior\ContentReplaceBehavior [ RunTime:0.000000s ]
INFO: [ template_filter ] --END-- [ RunTime:0.000000s ]
NOTIC: [8] Undefined variable: abouttitle E:\phpStudy\WWW\twoway\Application\Runtime\Cache\Home\d9f819b3b48479d96fea8a8f2f546a01.php 第 180 行.
INFO: Run Behavior\ParseTemplateBehavior [ RunTime:0.347000s ]
INFO: [ view_parse ] --END-- [ RunTime:0.347000s ]
INFO: [ view_filter ] --START--
INFO: Run Behavior\WriteHtmlCacheBehavior [ RunTime:0.001000s ]
INFO: [ view_filter ] --END-- [ RunTime:0.001000s ]
INFO: [ app_end ] --START--
INFO: Run Behavior\ShowPageTraceBehavior [ RunTime:0.002000s ]
INFO: [ app_end ] --END-- [ RunTime:0.002000s ]

[ 2017-08-02T16:41:14+08:00 ] 127.0.0.1 /
INFO: [ app_init ] --START--
INFO: Run Behavior\BuildLiteBehavior [ RunTime:0.000000s ]
INFO: [ app_init ] --END-- [ RunTime:0.001000s ]
INFO: [ app_begin ] --START--
INFO: Run Behavior\ReadHtmlCacheBehavior [ RunTime:0.001000s ]
INFO: [ app_begin ] --END-- [ RunTime:0.001000s ]
SQL: SHOW COLUMNS FROM `tw_config` [ RunTime:0.0110s ]
SQL: SELECT `config_value` FROM `tw_config` WHERE ( config_key='web_name' ) LIMIT 1   [ RunTime:0.0010s ]
SQL: SELECT `config_value` FROM `tw_config` WHERE ( config_key='web_footer' ) LIMIT 1   [ RunTime:0.0000s ]
SQL: SELECT `config_value` FROM `tw_config` WHERE ( config_key='web_keys' ) LIMIT 1   [ RunTime:0.0010s ]
SQL: SELECT `config_value` FROM `tw_config` WHERE ( config_key='web_description' ) LIMIT 1   [ RunTime:0.0010s ]
SQL: SELECT `config_value` FROM `tw_config` WHERE ( config_key='web_start' ) LIMIT 1   [ RunTime:0.0000s ]
SQL: SHOW COLUMNS FROM `tw_pages` [ RunTime:0.0100s ]
SQL: SELECT `pages_content` FROM `tw_pages` WHERE ( pages_title='TWOWAY' ) LIMIT 1   [ RunTime:0.0010s ]
SQL: SHOW COLUMNS FROM `tw_banner` [ RunTime:0.0090s ]
SQL: SELECT * FROM `tw_banner` WHERE ( banner_state=1 ) ORDER BY banner_sort,banner_id ASC  [ RunTime:0.0000s ]
SQL: SHOW COLUMNS FROM `tw_posts` [ RunTime:0.0100s ]
SQL: SELECT * FROM `tw_posts` WHERE ( posts_class=1 ) ORDER BY posts_edit_time DESC LIMIT 0,8   [ RunTime:0.0010s ]
SQL: SELECT * FROM `tw_posts` WHERE ( posts_class=2 ) ORDER BY posts_edit_time DESC LIMIT 0,5   [ RunTime:0.0010s ]
SQL: SELECT * FROM `tw_posts` WHERE ( posts_class=3 ) ORDER BY posts_edit_time DESC LIMIT 0,5   [ RunTime:0.0000s ]
INFO: [ view_parse ] --START--
INFO: [ template_filter ] --START--
INFO: Run Behavior\ContentReplaceBehavior [ RunTime:0.000000s ]
INFO: [ template_filter ] --END-- [ RunTime:0.000000s ]
NOTIC: [8] Undefined variable: abouttitle E:\phpStudy\WWW\twoway\Application\Runtime\Cache\Home\d9f819b3b48479d96fea8a8f2f546a01.php 第 180 行.
INFO: Run Behavior\ParseTemplateBehavior [ RunTime:0.029000s ]
INFO: [ view_parse ] --END-- [ RunTime:0.029000s ]
INFO: [ view_filter ] --START--
INFO: Run Behavior\WriteHtmlCacheBehavior [ RunTime:0.000000s ]
INFO: [ view_filter ] --END-- [ RunTime:0.000000s ]
INFO: [ app_end ] --START--
INFO: Run Behavior\ShowPageTraceBehavior [ RunTime:0.001000s ]
INFO: [ app_end ] --END-- [ RunTime:0.001000s ]

