[ 2017-09-28T11:07:42+08:00 ] 127.0.0.1 /index.php/Home/index.html
INFO: [ app_init ] --START--
INFO: Run Behavior\BuildLiteBehavior [ RunTime:0.000000s ]
INFO: [ app_init ] --END-- [ RunTime:0.000000s ]
INFO: [ app_begin ] --START--
INFO: Run Behavior\ReadHtmlCacheBehavior [ RunTime:0.000000s ]
INFO: [ app_begin ] --END-- [ RunTime:0.000000s ]
SQL: SHOW COLUMNS FROM `tw_config` [ RunTime:0.0000s ]
SQL: SELECT `config_value` FROM `tw_config` WHERE ( config_key='web_name' ) LIMIT 1   [ RunTime:0.0000s ]
SQL: SELECT `config_value` FROM `tw_config` WHERE ( config_key='web_footer' ) LIMIT 1   [ RunTime:0.0000s ]
SQL: SELECT `config_value` FROM `tw_config` WHERE ( config_key='web_keys' ) LIMIT 1   [ RunTime:0.0000s ]
SQL: SELECT `config_value` FROM `tw_config` WHERE ( config_key='web_description' ) LIMIT 1   [ RunTime:0.0000s ]
SQL: SELECT `config_value` FROM `tw_config` WHERE ( config_key='web_start' ) LIMIT 1   [ RunTime:0.0000s ]
SQL: SHOW COLUMNS FROM `tw_pages` [ RunTime:0.0100s ]
SQL: SELECT `pages_content` FROM `tw_pages` WHERE ( pages_title='TWOWAY' ) LIMIT 1   [ RunTime:0.0000s ]
SQL: SHOW COLUMNS FROM `tw_banner` [ RunTime:0.0000s ]
SQL: SELECT * FROM `tw_banner` WHERE ( banner_state=1 ) ORDER BY banner_sort,banner_id ASC  [ RunTime:0.0000s ]
SQL: SHOW COLUMNS FROM `tw_posts` [ RunTime:0.0000s ]
SQL: SELECT * FROM `tw_posts` WHERE ( posts_class=1 ) ORDER BY posts_edit_time DESC LIMIT 0,8   [ RunTime:0.0500s ]
SQL: SELECT * FROM `tw_posts` WHERE ( posts_class=2 ) ORDER BY posts_edit_time DESC LIMIT 0,5   [ RunTime:0.0000s ]
SQL: SELECT * FROM `tw_posts` WHERE ( posts_class=3 ) ORDER BY posts_edit_time DESC LIMIT 0,5   [ RunTime:0.0000s ]
INFO: [ view_parse ] --START--
INFO: [ template_filter ] --START--
INFO: Run Behavior\ContentReplaceBehavior [ RunTime:0.000000s ]
INFO: [ template_filter ] --END-- [ RunTime:0.000000s ]
NOTIC: [8] Undefined variable: abouttitle E:\phpStudy\WWW\twoway\Application\Runtime\Cache\Home\d9f819b3b48479d96fea8a8f2f546a01.php 第 180 行.
INFO: Run Behavior\ParseTemplateBehavior [ RunTime:0.010000s ]
INFO: [ view_parse ] --END-- [ RunTime:0.010000s ]
INFO: [ view_filter ] --START--
INFO: Run Behavior\WriteHtmlCacheBehavior [ RunTime:0.000000s ]
INFO: [ view_filter ] --END-- [ RunTime:0.000000s ]
INFO: [ app_end ] --START--
INFO: Run Behavior\ShowPageTraceBehavior [ RunTime:0.000000s ]
INFO: [ app_end ] --END-- [ RunTime:0.000000s ]

[ 2017-09-28T11:08:58+08:00 ] 127.0.0.1 /index.php/Home/index.html
INFO: [ app_init ] --START--
INFO: Run Behavior\BuildLiteBehavior [ RunTime:0.000000s ]
INFO: [ app_init ] --END-- [ RunTime:0.000000s ]
INFO: [ app_begin ] --START--
INFO: Run Behavior\ReadHtmlCacheBehavior [ RunTime:0.000000s ]
INFO: [ app_begin ] --END-- [ RunTime:0.000000s ]
SQL: SHOW COLUMNS FROM `tw_config` [ RunTime:0.0000s ]
SQL: SELECT `config_value` FROM `tw_config` WHERE ( config_key='web_name' ) LIMIT 1   [ RunTime:0.0000s ]
SQL: SELECT `config_value` FROM `tw_config` WHERE ( config_key='web_footer' ) LIMIT 1   [ RunTime:0.0000s ]
SQL: SELECT `config_value` FROM `tw_config` WHERE ( config_key='web_keys' ) LIMIT 1   [ RunTime:0.0000s ]
SQL: SELECT `config_value` FROM `tw_config` WHERE ( config_key='web_description' ) LIMIT 1   [ RunTime:0.0000s ]
SQL: SELECT `config_value` FROM `tw_config` WHERE ( config_key='web_start' ) LIMIT 1   [ RunTime:0.0000s ]
SQL: SHOW COLUMNS FROM `tw_pages` [ RunTime:0.0100s ]
SQL: SELECT `pages_content` FROM `tw_pages` WHERE ( pages_title='TWOWAY' ) LIMIT 1   [ RunTime:0.0000s ]
SQL: SHOW COLUMNS FROM `tw_banner` [ RunTime:0.0000s ]
SQL: SELECT * FROM `tw_banner` WHERE ( banner_state=1 ) ORDER BY banner_sort,banner_id ASC  [ RunTime:0.0000s ]
SQL: SHOW COLUMNS FROM `tw_posts` [ RunTime:0.0000s ]
SQL: SELECT * FROM `tw_posts` WHERE ( posts_class=1 ) ORDER BY posts_edit_time DESC LIMIT 0,8   [ RunTime:0.0000s ]
SQL: SELECT * FROM `tw_posts` WHERE ( posts_class=2 ) ORDER BY posts_edit_time DESC LIMIT 0,5   [ RunTime:0.0000s ]
SQL: SELECT * FROM `tw_posts` WHERE ( posts_class=3 ) ORDER BY posts_edit_time DESC LIMIT 0,5   [ RunTime:0.0000s ]
INFO: [ view_parse ] --START--
INFO: [ template_filter ] --START--
INFO: Run Behavior\ContentReplaceBehavior [ RunTime:0.000000s ]
INFO: [ template_filter ] --END-- [ RunTime:0.000000s ]
NOTIC: [8] Undefined variable: abouttitle E:\phpStudy\WWW\twoway\Application\Runtime\Cache\Home\d9f819b3b48479d96fea8a8f2f546a01.php 第 180 行.
INFO: Run Behavior\ParseTemplateBehavior [ RunTime:0.010000s ]
INFO: [ view_parse ] --END-- [ RunTime:0.010000s ]
INFO: [ view_filter ] --START--
INFO: Run Behavior\WriteHtmlCacheBehavior [ RunTime:0.000000s ]
INFO: [ view_filter ] --END-- [ RunTime:0.000000s ]
INFO: [ app_end ] --START--
INFO: Run Behavior\ShowPageTraceBehavior [ RunTime:0.000000s ]
INFO: [ app_end ] --END-- [ RunTime:0.000000s ]

[ 2017-09-28T11:09:06+08:00 ] 127.0.0.1 /index.php/Home/index.html
INFO: [ app_init ] --START--
INFO: Run Behavior\BuildLiteBehavior [ RunTime:0.000000s ]
INFO: [ app_init ] --END-- [ RunTime:0.000000s ]
INFO: [ app_begin ] --START--
INFO: Run Behavior\ReadHtmlCacheBehavior [ RunTime:0.000000s ]
INFO: [ app_begin ] --END-- [ RunTime:0.000000s ]
SQL: SHOW COLUMNS FROM `tw_config` [ RunTime:0.0000s ]
SQL: SELECT `config_value` FROM `tw_config` WHERE ( config_key='web_name' ) LIMIT 1   [ RunTime:0.0000s ]
SQL: SELECT `config_value` FROM `tw_config` WHERE ( config_key='web_footer' ) LIMIT 1   [ RunTime:0.0000s ]
SQL: SELECT `config_value` FROM `tw_config` WHERE ( config_key='web_keys' ) LIMIT 1   [ RunTime:0.0000s ]
SQL: SELECT `config_value` FROM `tw_config` WHERE ( config_key='web_description' ) LIMIT 1   [ RunTime:0.0000s ]
SQL: SELECT `config_value` FROM `tw_config` WHERE ( config_key='web_start' ) LIMIT 1   [ RunTime:0.0000s ]
SQL: SHOW COLUMNS FROM `tw_pages` [ RunTime:0.0000s ]
SQL: SELECT `pages_content` FROM `tw_pages` WHERE ( pages_title='TWOWAY' ) LIMIT 1   [ RunTime:0.0000s ]
SQL: SHOW COLUMNS FROM `tw_banner` [ RunTime:0.0000s ]
SQL: SELECT * FROM `tw_banner` WHERE ( banner_state=1 ) ORDER BY banner_sort,banner_id ASC  [ RunTime:0.0000s ]
SQL: SHOW COLUMNS FROM `tw_posts` [ RunTime:0.0000s ]
SQL: SELECT * FROM `tw_posts` WHERE ( posts_class=1 ) ORDER BY posts_edit_time DESC LIMIT 0,8   [ RunTime:0.0000s ]
SQL: SELECT * FROM `tw_posts` WHERE ( posts_class=2 ) ORDER BY posts_edit_time DESC LIMIT 0,5   [ RunTime:0.0000s ]
SQL: SELECT * FROM `tw_posts` WHERE ( posts_class=3 ) ORDER BY posts_edit_time DESC LIMIT 0,5   [ RunTime:0.0000s ]
INFO: [ view_parse ] --START--
INFO: [ template_filter ] --START--
INFO: Run Behavior\ContentReplaceBehavior [ RunTime:0.000000s ]
INFO: [ template_filter ] --END-- [ RunTime:0.000000s ]
NOTIC: [8] Undefined variable: abouttitle E:\phpStudy\WWW\twoway\Application\Runtime\Cache\Home\d9f819b3b48479d96fea8a8f2f546a01.php 第 180 行.
INFO: Run Behavior\ParseTemplateBehavior [ RunTime:0.010000s ]
INFO: [ view_parse ] --END-- [ RunTime:0.010000s ]
INFO: [ view_filter ] --START--
INFO: Run Behavior\WriteHtmlCacheBehavior [ RunTime:0.000000s ]
INFO: [ view_filter ] --END-- [ RunTime:0.000000s ]
INFO: [ app_end ] --START--
INFO: Run Behavior\ShowPageTraceBehavior [ RunTime:0.000000s ]
INFO: [ app_end ] --END-- [ RunTime:0.000000s ]

[ 2017-09-28T11:10:16+08:00 ] 127.0.0.1 /index.php/Home/index.html
INFO: [ app_init ] --START--
INFO: Run Behavior\BuildLiteBehavior [ RunTime:0.000000s ]
INFO: [ app_init ] --END-- [ RunTime:0.000000s ]
INFO: [ app_begin ] --START--
INFO: Run Behavior\ReadHtmlCacheBehavior [ RunTime:0.000000s ]
INFO: [ app_begin ] --END-- [ RunTime:0.000000s ]
SQL: SHOW COLUMNS FROM `tw_config` [ RunTime:0.0000s ]
SQL: SELECT `config_value` FROM `tw_config` WHERE ( config_key='web_name' ) LIMIT 1   [ RunTime:0.0000s ]
SQL: SELECT `config_value` FROM `tw_config` WHERE ( config_key='web_footer' ) LIMIT 1   [ RunTime:0.0000s ]
SQL: SELECT `config_value` FROM `tw_config` WHERE ( config_key='web_keys' ) LIMIT 1   [ RunTime:0.0000s ]
SQL: SELECT `config_value` FROM `tw_config` WHERE ( config_key='web_description' ) LIMIT 1   [ RunTime:0.0000s ]
SQL: SELECT `config_value` FROM `tw_config` WHERE ( config_key='web_start' ) LIMIT 1   [ RunTime:0.0000s ]
SQL: SHOW COLUMNS FROM `tw_pages` [ RunTime:0.0000s ]
SQL: SELECT `pages_content` FROM `tw_pages` WHERE ( pages_title='TWOWAY' ) LIMIT 1   [ RunTime:0.0000s ]
SQL: SHOW COLUMNS FROM `tw_banner` [ RunTime:0.0100s ]
SQL: SELECT * FROM `tw_banner` WHERE ( banner_state=1 ) ORDER BY banner_sort,banner_id ASC  [ RunTime:0.0000s ]
SQL: SHOW COLUMNS FROM `tw_posts` [ RunTime:0.0000s ]
SQL: SELECT * FROM `tw_posts` WHERE ( posts_class=1 ) ORDER BY posts_edit_time DESC LIMIT 0,8   [ RunTime:0.0000s ]
SQL: SELECT * FROM `tw_posts` WHERE ( posts_class=2 ) ORDER BY posts_edit_time DESC LIMIT 0,5   [ RunTime:0.0000s ]
SQL: SELECT * FROM `tw_posts` WHERE ( posts_class=3 ) ORDER BY posts_edit_time DESC LIMIT 0,5   [ RunTime:0.0000s ]
INFO: [ view_parse ] --START--
INFO: [ template_filter ] --START--
INFO: Run Behavior\ContentReplaceBehavior [ RunTime:0.000000s ]
INFO: [ template_filter ] --END-- [ RunTime:0.000000s ]
NOTIC: [8] Undefined variable: abouttitle E:\phpStudy\WWW\twoway\Application\Runtime\Cache\Home\d9f819b3b48479d96fea8a8f2f546a01.php 第 180 行.
INFO: Run Behavior\ParseTemplateBehavior [ RunTime:0.010000s ]
INFO: [ view_parse ] --END-- [ RunTime:0.010000s ]
INFO: [ view_filter ] --START--
INFO: Run Behavior\WriteHtmlCacheBehavior [ RunTime:0.000000s ]
INFO: [ view_filter ] --END-- [ RunTime:0.000000s ]
INFO: [ app_end ] --START--
INFO: Run Behavior\ShowPageTraceBehavior [ RunTime:0.000000s ]
INFO: [ app_end ] --END-- [ RunTime:0.000000s ]

[ 2017-09-28T11:12:03+08:00 ] 127.0.0.1 /index.php/Home/index.html
INFO: [ app_init ] --START--
INFO: Run Behavior\BuildLiteBehavior [ RunTime:0.000000s ]
INFO: [ app_init ] --END-- [ RunTime:0.000000s ]
INFO: [ app_begin ] --START--
INFO: Run Behavior\ReadHtmlCacheBehavior [ RunTime:0.000000s ]
INFO: [ app_begin ] --END-- [ RunTime:0.000000s ]
SQL: SHOW COLUMNS FROM `tw_config` [ RunTime:0.0000s ]
SQL: SELECT `config_value` FROM `tw_config` WHERE ( config_key='web_name' ) LIMIT 1   [ RunTime:0.0000s ]
SQL: SELECT `config_value` FROM `tw_config` WHERE ( config_key='web_footer' ) LIMIT 1   [ RunTime:0.0000s ]
SQL: SELECT `config_value` FROM `tw_config` WHERE ( config_key='web_keys' ) LIMIT 1   [ RunTime:0.0000s ]
SQL: SELECT `config_value` FROM `tw_config` WHERE ( config_key='web_description' ) LIMIT 1   [ RunTime:0.0000s ]
SQL: SELECT `config_value` FROM `tw_config` WHERE ( config_key='web_start' ) LIMIT 1   [ RunTime:0.0000s ]
SQL: SHOW COLUMNS FROM `tw_pages` [ RunTime:0.0000s ]
SQL: SELECT `pages_content` FROM `tw_pages` WHERE ( pages_title='TWOWAY' ) LIMIT 1   [ RunTime:0.0000s ]
SQL: SHOW COLUMNS FROM `tw_banner` [ RunTime:0.0000s ]
SQL: SELECT * FROM `tw_banner` WHERE ( banner_state=1 ) ORDER BY banner_sort,banner_id ASC  [ RunTime:0.0000s ]
SQL: SHOW COLUMNS FROM `tw_posts` [ RunTime:0.0156s ]
SQL: SELECT * FROM `tw_posts` WHERE ( posts_class=1 ) ORDER BY posts_edit_time DESC LIMIT 0,8   [ RunTime:0.0000s ]
SQL: SELECT * FROM `tw_posts` WHERE ( posts_class=2 ) ORDER BY posts_edit_time DESC LIMIT 0,5   [ RunTime:0.0000s ]
SQL: SELECT * FROM `tw_posts` WHERE ( posts_class=3 ) ORDER BY posts_edit_time DESC LIMIT 0,5   [ RunTime:0.0000s ]
INFO: [ view_parse ] --START--
INFO: [ template_filter ] --START--
INFO: Run Behavior\ContentReplaceBehavior [ RunTime:0.000000s ]
INFO: [ template_filter ] --END-- [ RunTime:0.000000s ]
NOTIC: [8] Undefined variable: abouttitle E:\phpStudy\WWW\twoway\Application\Runtime\Cache\Home\d9f819b3b48479d96fea8a8f2f546a01.php 第 181 行.
INFO: Run Behavior\ParseTemplateBehavior [ RunTime:0.015600s ]
INFO: [ view_parse ] --END-- [ RunTime:0.015600s ]
INFO: [ view_filter ] --START--
INFO: Run Behavior\WriteHtmlCacheBehavior [ RunTime:0.000000s ]
INFO: [ view_filter ] --END-- [ RunTime:0.000000s ]
INFO: [ app_end ] --START--
INFO: Run Behavior\ShowPageTraceBehavior [ RunTime:0.000000s ]
INFO: [ app_end ] --END-- [ RunTime:0.000000s ]

[ 2017-09-28T11:36:36+08:00 ] 127.0.0.1 /index.php/Home/index.html
INFO: [ app_init ] --START--
INFO: Run Behavior\BuildLiteBehavior [ RunTime:0.000000s ]
INFO: [ app_init ] --END-- [ RunTime:0.000000s ]
INFO: [ app_begin ] --START--
INFO: Run Behavior\ReadHtmlCacheBehavior [ RunTime:0.000000s ]
INFO: [ app_begin ] --END-- [ RunTime:0.000000s ]
SQL: SHOW COLUMNS FROM `tw_config` [ RunTime:0.0000s ]
SQL: SELECT `config_value` FROM `tw_config` WHERE ( config_key='web_name' ) LIMIT 1   [ RunTime:0.0000s ]
SQL: SELECT `config_value` FROM `tw_config` WHERE ( config_key='web_footer' ) LIMIT 1   [ RunTime:0.0000s ]
SQL: SELECT `config_value` FROM `tw_config` WHERE ( config_key='web_keys' ) LIMIT 1   [ RunTime:0.0000s ]
SQL: SELECT `config_value` FROM `tw_config` WHERE ( config_key='web_description' ) LIMIT 1   [ RunTime:0.0000s ]
SQL: SELECT `config_value` FROM `tw_config` WHERE ( config_key='web_start' ) LIMIT 1   [ RunTime:0.0000s ]
SQL: SHOW COLUMNS FROM `tw_pages` [ RunTime:0.0100s ]
SQL: SELECT `pages_content` FROM `tw_pages` WHERE ( pages_title='TWOWAY' ) LIMIT 1   [ RunTime:0.0000s ]
SQL: SHOW COLUMNS FROM `tw_banner` [ RunTime:0.0000s ]
SQL: SELECT * FROM `tw_banner` WHERE ( banner_state=1 ) ORDER BY banner_sort,banner_id ASC  [ RunTime:0.0000s ]
SQL: SHOW COLUMNS FROM `tw_posts` [ RunTime:0.0000s ]
SQL: SELECT * FROM `tw_posts` WHERE ( posts_class=1 ) ORDER BY posts_edit_time DESC LIMIT 0,8   [ RunTime:0.0500s ]
SQL: SELECT * FROM `tw_posts` WHERE ( posts_class=2 ) ORDER BY posts_edit_time DESC LIMIT 0,5   [ RunTime:0.0100s ]
SQL: SELECT * FROM `tw_posts` WHERE ( posts_class=3 ) ORDER BY posts_edit_time DESC LIMIT 0,5   [ RunTime:0.0000s ]
INFO: [ view_parse ] --START--
INFO: [ template_filter ] --START--
INFO: Run Behavior\ContentReplaceBehavior [ RunTime:0.000000s ]
INFO: [ template_filter ] --END-- [ RunTime:0.000000s ]
NOTIC: [8] Undefined variable: abouttitle E:\phpStudy\WWW\twoway\Application\Runtime\Cache\Home\d9f819b3b48479d96fea8a8f2f546a01.php 第 181 行.
INFO: Run Behavior\ParseTemplateBehavior [ RunTime:0.010000s ]
INFO: [ view_parse ] --END-- [ RunTime:0.010000s ]
INFO: [ view_filter ] --START--
INFO: Run Behavior\WriteHtmlCacheBehavior [ RunTime:0.000000s ]
INFO: [ view_filter ] --END-- [ RunTime:0.000000s ]
INFO: [ app_end ] --START--
INFO: Run Behavior\ShowPageTraceBehavior [ RunTime:0.000000s ]
INFO: [ app_end ] --END-- [ RunTime:0.000000s ]

[ 2017-09-28T11:36:41+08:00 ] 127.0.0.1 /index.php/Home/index/shanghai.html
INFO: [ app_init ] --START--
INFO: Run Behavior\BuildLiteBehavior [ RunTime:0.000000s ]
INFO: [ app_init ] --END-- [ RunTime:0.000000s ]
INFO: [ app_begin ] --START--
INFO: Run Behavior\ReadHtmlCacheBehavior [ RunTime:0.000000s ]
INFO: [ app_begin ] --END-- [ RunTime:0.000000s ]
SQL: SHOW COLUMNS FROM `tw_config` [ RunTime:0.0080s ]
SQL: SELECT `config_value` FROM `tw_config` WHERE ( config_key='web_name' ) LIMIT 1   [ RunTime:0.0000s ]
SQL: SELECT `config_value` FROM `tw_config` WHERE ( config_key='web_footer' ) LIMIT 1   [ RunTime:0.0010s ]
SQL: SELECT `config_value` FROM `tw_config` WHERE ( config_key='web_keys' ) LIMIT 1   [ RunTime:0.0000s ]
SQL: SELECT `config_value` FROM `tw_config` WHERE ( config_key='web_description' ) LIMIT 1   [ RunTime:0.0000s ]
SQL: SELECT `config_value` FROM `tw_config` WHERE ( config_key='web_start' ) LIMIT 1   [ RunTime:0.0000s ]
INFO: [ view_parse ] --START--
INFO: [ template_filter ] --START--
INFO: Run Behavior\ContentReplaceBehavior [ RunTime:0.000000s ]
INFO: [ template_filter ] --END-- [ RunTime:0.000000s ]
INFO: Run Behavior\ParseTemplateBehavior [ RunTime:0.009000s ]
INFO: [ view_parse ] --END-- [ RunTime:0.009000s ]
INFO: [ view_filter ] --START--
INFO: Run Behavior\WriteHtmlCacheBehavior [ RunTime:0.000000s ]
INFO: [ view_filter ] --END-- [ RunTime:0.000000s ]
INFO: [ app_end ] --START--
INFO: Run Behavior\ShowPageTraceBehavior [ RunTime:0.001000s ]
INFO: [ app_end ] --END-- [ RunTime:0.001000s ]

[ 2017-09-28T11:37:34+08:00 ] 127.0.0.1 /index.php/Home/index/shanghai.html
INFO: [ app_init ] --START--
INFO: Run Behavior\BuildLiteBehavior [ RunTime:0.000000s ]
INFO: [ app_init ] --END-- [ RunTime:0.001000s ]
INFO: [ app_begin ] --START--
INFO: Run Behavior\ReadHtmlCacheBehavior [ RunTime:0.000000s ]
INFO: [ app_begin ] --END-- [ RunTime:0.001000s ]
SQL: SHOW COLUMNS FROM `tw_config` [ RunTime:0.0030s ]
SQL: SELECT `config_value` FROM `tw_config` WHERE ( config_key='web_name' ) LIMIT 1   [ RunTime:0.0000s ]
SQL: SELECT `config_value` FROM `tw_config` WHERE ( config_key='web_footer' ) LIMIT 1   [ RunTime:0.0000s ]
SQL: SELECT `config_value` FROM `tw_config` WHERE ( config_key='web_keys' ) LIMIT 1   [ RunTime:0.0000s ]
SQL: SELECT `config_value` FROM `tw_config` WHERE ( config_key='web_description' ) LIMIT 1   [ RunTime:0.0000s ]
SQL: SELECT `config_value` FROM `tw_config` WHERE ( config_key='web_start' ) LIMIT 1   [ RunTime:0.0010s ]
INFO: [ view_parse ] --START--
INFO: [ template_filter ] --START--
INFO: Run Behavior\ContentReplaceBehavior [ RunTime:0.000000s ]
INFO: [ template_filter ] --END-- [ RunTime:0.000000s ]
INFO: Run Behavior\ParseTemplateBehavior [ RunTime:0.009000s ]
INFO: [ view_parse ] --END-- [ RunTime:0.009000s ]
INFO: [ view_filter ] --START--
INFO: Run Behavior\WriteHtmlCacheBehavior [ RunTime:0.001000s ]
INFO: [ view_filter ] --END-- [ RunTime:0.001000s ]
INFO: [ app_end ] --START--
INFO: Run Behavior\ShowPageTraceBehavior [ RunTime:0.001000s ]
INFO: [ app_end ] --END-- [ RunTime:0.001000s ]

[ 2017-09-28T11:37:37+08:00 ] 127.0.0.1 /index.php/Home/index/shanghai.html
INFO: [ app_init ] --START--
INFO: Run Behavior\BuildLiteBehavior [ RunTime:0.000000s ]
INFO: [ app_init ] --END-- [ RunTime:0.000000s ]
INFO: [ app_begin ] --START--
INFO: Run Behavior\ReadHtmlCacheBehavior [ RunTime:0.000000s ]
INFO: [ app_begin ] --END-- [ RunTime:0.000000s ]
SQL: SHOW COLUMNS FROM `tw_config` [ RunTime:0.0030s ]
SQL: SELECT `config_value` FROM `tw_config` WHERE ( config_key='web_name' ) LIMIT 1   [ RunTime:0.0010s ]
SQL: SELECT `config_value` FROM `tw_config` WHERE ( config_key='web_footer' ) LIMIT 1   [ RunTime:0.0000s ]
SQL: SELECT `config_value` FROM `tw_config` WHERE ( config_key='web_keys' ) LIMIT 1   [ RunTime:0.0000s ]
SQL: SELECT `config_value` FROM `tw_config` WHERE ( config_key='web_description' ) LIMIT 1   [ RunTime:0.0010s ]
SQL: SELECT `config_value` FROM `tw_config` WHERE ( config_key='web_start' ) LIMIT 1   [ RunTime:0.0000s ]
INFO: [ view_parse ] --START--
INFO: [ template_filter ] --START--
INFO: Run Behavior\ContentReplaceBehavior [ RunTime:0.000000s ]
INFO: [ template_filter ] --END-- [ RunTime:0.000000s ]
INFO: Run Behavior\ParseTemplateBehavior [ RunTime:0.008000s ]
INFO: [ view_parse ] --END-- [ RunTime:0.008000s ]
INFO: [ view_filter ] --START--
INFO: Run Behavior\WriteHtmlCacheBehavior [ RunTime:0.001000s ]
INFO: [ view_filter ] --END-- [ RunTime:0.001000s ]
INFO: [ app_end ] --START--
INFO: Run Behavior\ShowPageTraceBehavior [ RunTime:0.001000s ]
INFO: [ app_end ] --END-- [ RunTime:0.001000s ]

[ 2017-09-28T11:37:41+08:00 ] 127.0.0.1 /index.php/Home/index/shanghai.html
INFO: [ app_init ] --START--
INFO: Run Behavior\BuildLiteBehavior [ RunTime:0.000000s ]
INFO: [ app_init ] --END-- [ RunTime:0.001000s ]
INFO: [ app_begin ] --START--
INFO: Run Behavior\ReadHtmlCacheBehavior [ RunTime:0.001000s ]
INFO: [ app_begin ] --END-- [ RunTime:0.001000s ]
SQL: SHOW COLUMNS FROM `tw_config` [ RunTime:0.0030s ]
SQL: SELECT `config_value` FROM `tw_config` WHERE ( config_key='web_name' ) LIMIT 1   [ RunTime:0.0000s ]
SQL: SELECT `config_value` FROM `tw_config` WHERE ( config_key='web_footer' ) LIMIT 1   [ RunTime:0.0010s ]
SQL: SELECT `config_value` FROM `tw_config` WHERE ( config_key='web_keys' ) LIMIT 1   [ RunTime:0.0000s ]
SQL: SELECT `config_value` FROM `tw_config` WHERE ( config_key='web_description' ) LIMIT 1   [ RunTime:0.0000s ]
SQL: SELECT `config_value` FROM `tw_config` WHERE ( config_key='web_start' ) LIMIT 1   [ RunTime:0.0010s ]
INFO: [ view_parse ] --START--
INFO: [ template_filter ] --START--
INFO: Run Behavior\ContentReplaceBehavior [ RunTime:0.000000s ]
INFO: [ template_filter ] --END-- [ RunTime:0.000000s ]
INFO: Run Behavior\ParseTemplateBehavior [ RunTime:0.008000s ]
INFO: [ view_parse ] --END-- [ RunTime:0.009000s ]
INFO: [ view_filter ] --START--
INFO: Run Behavior\WriteHtmlCacheBehavior [ RunTime:0.000000s ]
INFO: [ view_filter ] --END-- [ RunTime:0.000000s ]
INFO: [ app_end ] --START--
INFO: Run Behavior\ShowPageTraceBehavior [ RunTime:0.001000s ]
INFO: [ app_end ] --END-- [ RunTime:0.001000s ]

[ 2017-09-28T11:37:47+08:00 ] 127.0.0.1 /index.php/Home/index/hire.html
INFO: [ app_init ] --START--
INFO: Run Behavior\BuildLiteBehavior [ RunTime:0.000000s ]
INFO: [ app_init ] --END-- [ RunTime:0.000000s ]
INFO: [ app_begin ] --START--
INFO: Run Behavior\ReadHtmlCacheBehavior [ RunTime:0.000000s ]
INFO: [ app_begin ] --END-- [ RunTime:0.000000s ]
SQL: SHOW COLUMNS FROM `tw_config` [ RunTime:0.0030s ]
SQL: SELECT `config_value` FROM `tw_config` WHERE ( config_key='web_name' ) LIMIT 1   [ RunTime:0.0010s ]
SQL: SELECT `config_value` FROM `tw_config` WHERE ( config_key='web_footer' ) LIMIT 1   [ RunTime:0.0000s ]
SQL: SELECT `config_value` FROM `tw_config` WHERE ( config_key='web_keys' ) LIMIT 1   [ RunTime:0.0010s ]
SQL: SELECT `config_value` FROM `tw_config` WHERE ( config_key='web_description' ) LIMIT 1   [ RunTime:0.0000s ]
SQL: SELECT `config_value` FROM `tw_config` WHERE ( config_key='web_start' ) LIMIT 1   [ RunTime:0.0000s ]
INFO: [ view_parse ] --START--
INFO: [ template_filter ] --START--
INFO: Run Behavior\ContentReplaceBehavior [ RunTime:0.000000s ]
INFO: [ template_filter ] --END-- [ RunTime:0.000000s ]
INFO: Run Behavior\ParseTemplateBehavior [ RunTime:0.009000s ]
INFO: [ view_parse ] --END-- [ RunTime:0.009000s ]
INFO: [ view_filter ] --START--
INFO: Run Behavior\WriteHtmlCacheBehavior [ RunTime:0.000000s ]
INFO: [ view_filter ] --END-- [ RunTime:0.000000s ]
INFO: [ app_end ] --START--
INFO: Run Behavior\ShowPageTraceBehavior [ RunTime:0.000000s ]
INFO: [ app_end ] --END-- [ RunTime:0.001000s ]

[ 2017-09-28T11:37:50+08:00 ] 127.0.0.1 /index.php/Home/index/shanghai.html
INFO: [ app_init ] --START--
INFO: Run Behavior\BuildLiteBehavior [ RunTime:0.000000s ]
INFO: [ app_init ] --END-- [ RunTime:0.001000s ]
INFO: [ app_begin ] --START--
INFO: Run Behavior\ReadHtmlCacheBehavior [ RunTime:0.001000s ]
INFO: [ app_begin ] --END-- [ RunTime:0.001000s ]
SQL: SHOW COLUMNS FROM `tw_config` [ RunTime:0.0030s ]
SQL: SELECT `config_value` FROM `tw_config` WHERE ( config_key='web_name' ) LIMIT 1   [ RunTime:0.0010s ]
SQL: SELECT `config_value` FROM `tw_config` WHERE ( config_key='web_footer' ) LIMIT 1   [ RunTime:0.0000s ]
SQL: SELECT `config_value` FROM `tw_config` WHERE ( config_key='web_keys' ) LIMIT 1   [ RunTime:0.0000s ]
SQL: SELECT `config_value` FROM `tw_config` WHERE ( config_key='web_description' ) LIMIT 1   [ RunTime:0.0000s ]
SQL: SELECT `config_value` FROM `tw_config` WHERE ( config_key='web_start' ) LIMIT 1   [ RunTime:0.0010s ]
INFO: [ view_parse ] --START--
INFO: [ template_filter ] --START--
INFO: Run Behavior\ContentReplaceBehavior [ RunTime:0.000000s ]
INFO: [ template_filter ] --END-- [ RunTime:0.000000s ]
INFO: Run Behavior\ParseTemplateBehavior [ RunTime:0.009000s ]
INFO: [ view_parse ] --END-- [ RunTime:0.009000s ]
INFO: [ view_filter ] --START--
INFO: Run Behavior\WriteHtmlCacheBehavior [ RunTime:0.000000s ]
INFO: [ view_filter ] --END-- [ RunTime:0.000000s ]
INFO: [ app_end ] --START--
INFO: Run Behavior\ShowPageTraceBehavior [ RunTime:0.001000s ]
INFO: [ app_end ] --END-- [ RunTime:0.001000s ]

[ 2017-09-28T11:37:54+08:00 ] 127.0.0.1 /index.php/Home/index/shanghai.html
INFO: [ app_init ] --START--
INFO: Run Behavior\BuildLiteBehavior [ RunTime:0.000000s ]
INFO: [ app_init ] --END-- [ RunTime:0.001000s ]
INFO: [ app_begin ] --START--
INFO: Run Behavior\ReadHtmlCacheBehavior [ RunTime:0.001000s ]
INFO: [ app_begin ] --END-- [ RunTime:0.001000s ]
SQL: SHOW COLUMNS FROM `tw_config` [ RunTime:0.0030s ]
SQL: SELECT `config_value` FROM `tw_config` WHERE ( config_key='web_name' ) LIMIT 1   [ RunTime:0.0010s ]
SQL: SELECT `config_value` FROM `tw_config` WHERE ( config_key='web_footer' ) LIMIT 1   [ RunTime:0.0000s ]
SQL: SELECT `config_value` FROM `tw_config` WHERE ( config_key='web_keys' ) LIMIT 1   [ RunTime:0.0010s ]
SQL: SELECT `config_value` FROM `tw_config` WHERE ( config_key='web_description' ) LIMIT 1   [ RunTime:0.0000s ]
SQL: SELECT `config_value` FROM `tw_config` WHERE ( config_key='web_start' ) LIMIT 1   [ RunTime:0.0000s ]
INFO: [ view_parse ] --START--
INFO: [ template_filter ] --START--
INFO: Run Behavior\ContentReplaceBehavior [ RunTime:0.001000s ]
INFO: [ template_filter ] --END-- [ RunTime:0.001000s ]
INFO: Run Behavior\ParseTemplateBehavior [ RunTime:0.008000s ]
INFO: [ view_parse ] --END-- [ RunTime:0.008000s ]
INFO: [ view_filter ] --START--
INFO: Run Behavior\WriteHtmlCacheBehavior [ RunTime:0.000000s ]
INFO: [ view_filter ] --END-- [ RunTime:0.000000s ]
INFO: [ app_end ] --START--
INFO: Run Behavior\ShowPageTraceBehavior [ RunTime:0.000000s ]
INFO: [ app_end ] --END-- [ RunTime:0.000000s ]

