[ 2017-10-09T09:46:21+08:00 ] 127.0.0.1 /
INFO: [ app_init ] --START--
INFO: Run Behavior\BuildLiteBehavior [ RunTime:0.000000s ]
INFO: [ app_init ] --END-- [ RunTime:0.000000s ]
INFO: [ app_begin ] --START--
INFO: Run Behavior\ReadHtmlCacheBehavior [ RunTime:0.000000s ]
INFO: [ app_begin ] --END-- [ RunTime:0.000000s ]
SQL: SHOW COLUMNS FROM `tw_config` [ RunTime:0.0780s ]
SQL: SELECT `config_value` FROM `tw_config` WHERE ( config_key='web_name' ) LIMIT 1   [ RunTime:0.0000s ]
SQL: SELECT `config_value` FROM `tw_config` WHERE ( config_key='web_footer' ) LIMIT 1   [ RunTime:0.0000s ]
SQL: SELECT `config_value` FROM `tw_config` WHERE ( config_key='web_keys' ) LIMIT 1   [ RunTime:0.0000s ]
SQL: SELECT `config_value` FROM `tw_config` WHERE ( config_key='web_description' ) LIMIT 1   [ RunTime:0.0000s ]
SQL: SELECT `config_value` FROM `tw_config` WHERE ( config_key='web_start' ) LIMIT 1   [ RunTime:0.0000s ]
SQL: SHOW COLUMNS FROM `tw_pages` [ RunTime:0.0156s ]
SQL: SELECT `pages_content` FROM `tw_pages` WHERE ( pages_title='TWOWAY' ) LIMIT 1   [ RunTime:0.0000s ]
SQL: SHOW COLUMNS FROM `tw_banner` [ RunTime:0.0312s ]
SQL: SELECT * FROM `tw_banner` WHERE ( banner_state=1 ) ORDER BY banner_sort,banner_id ASC  [ RunTime:0.0156s ]
SQL: SHOW COLUMNS FROM `tw_posts` [ RunTime:0.0156s ]
SQL: SELECT * FROM `tw_posts` WHERE ( posts_class=1 ) ORDER BY posts_edit_time DESC LIMIT 0,8   [ RunTime:0.0000s ]
SQL: SELECT * FROM `tw_posts` WHERE ( posts_class=2 ) ORDER BY posts_edit_time DESC LIMIT 0,5   [ RunTime:0.0156s ]
SQL: SELECT * FROM `tw_posts` WHERE ( posts_class=3 ) ORDER BY posts_edit_time DESC LIMIT 0,5   [ RunTime:0.0000s ]
INFO: [ view_parse ] --START--
INFO: [ template_filter ] --START--
INFO: Run Behavior\ContentReplaceBehavior [ RunTime:0.000000s ]
INFO: [ template_filter ] --END-- [ RunTime:0.000000s ]
NOTIC: [8] Undefined variable: abouttitle E:\phpStudy\WWW\twoway\Application\Runtime\Cache\Home\d9f819b3b48479d96fea8a8f2f546a01.php 第 181 行.
INFO: Run Behavior\ParseTemplateBehavior [ RunTime:0.093600s ]
INFO: [ view_parse ] --END-- [ RunTime:0.093600s ]
INFO: [ view_filter ] --START--
INFO: Run Behavior\WriteHtmlCacheBehavior [ RunTime:0.015600s ]
INFO: [ view_filter ] --END-- [ RunTime:0.015600s ]
INFO: [ app_end ] --START--
INFO: Run Behavior\ShowPageTraceBehavior [ RunTime:0.015600s ]
INFO: [ app_end ] --END-- [ RunTime:0.015600s ]

[ 2017-10-09T09:46:26+08:00 ] 127.0.0.1 /index.php/Home/index/shanghai.html
INFO: [ app_init ] --START--
INFO: Run Behavior\BuildLiteBehavior [ RunTime:0.000000s ]
INFO: [ app_init ] --END-- [ RunTime:0.000000s ]
INFO: [ app_begin ] --START--
INFO: Run Behavior\ReadHtmlCacheBehavior [ RunTime:0.000000s ]
INFO: [ app_begin ] --END-- [ RunTime:0.000000s ]
SQL: SHOW COLUMNS FROM `tw_config` [ RunTime:0.0000s ]
SQL: SELECT `config_value` FROM `tw_config` WHERE ( config_key='web_name' ) LIMIT 1   [ RunTime:0.0000s ]
SQL: SELECT `config_value` FROM `tw_config` WHERE ( config_key='web_footer' ) LIMIT 1   [ RunTime:0.0000s ]
SQL: SELECT `config_value` FROM `tw_config` WHERE ( config_key='web_keys' ) LIMIT 1   [ RunTime:0.0000s ]
SQL: SELECT `config_value` FROM `tw_config` WHERE ( config_key='web_description' ) LIMIT 1   [ RunTime:0.0000s ]
SQL: SELECT `config_value` FROM `tw_config` WHERE ( config_key='web_start' ) LIMIT 1   [ RunTime:0.0000s ]
INFO: [ view_parse ] --START--
INFO: [ template_filter ] --START--
INFO: Run Behavior\ContentReplaceBehavior [ RunTime:0.000000s ]
INFO: [ template_filter ] --END-- [ RunTime:0.000000s ]
INFO: Run Behavior\ParseTemplateBehavior [ RunTime:0.015600s ]
INFO: [ view_parse ] --END-- [ RunTime:0.015600s ]
INFO: [ view_filter ] --START--
INFO: Run Behavior\WriteHtmlCacheBehavior [ RunTime:0.000000s ]
INFO: [ view_filter ] --END-- [ RunTime:0.000000s ]
INFO: [ app_end ] --START--
INFO: Run Behavior\ShowPageTraceBehavior [ RunTime:0.000000s ]
INFO: [ app_end ] --END-- [ RunTime:0.000000s ]

[ 2017-10-09T09:46:30+08:00 ] 127.0.0.1 /index.php/Home/index.html
INFO: [ app_init ] --START--
INFO: Run Behavior\BuildLiteBehavior [ RunTime:0.000000s ]
INFO: [ app_init ] --END-- [ RunTime:0.000000s ]
INFO: [ app_begin ] --START--
INFO: Run Behavior\ReadHtmlCacheBehavior [ RunTime:0.000000s ]
INFO: [ app_begin ] --END-- [ RunTime:0.000000s ]
SQL: SHOW COLUMNS FROM `tw_config` [ RunTime:0.0000s ]
SQL: SELECT `config_value` FROM `tw_config` WHERE ( config_key='web_name' ) LIMIT 1   [ RunTime:0.0000s ]
SQL: SELECT `config_value` FROM `tw_config` WHERE ( config_key='web_footer' ) LIMIT 1   [ RunTime:0.0000s ]
SQL: SELECT `config_value` FROM `tw_config` WHERE ( config_key='web_keys' ) LIMIT 1   [ RunTime:0.0000s ]
SQL: SELECT `config_value` FROM `tw_config` WHERE ( config_key='web_description' ) LIMIT 1   [ RunTime:0.0000s ]
SQL: SELECT `config_value` FROM `tw_config` WHERE ( config_key='web_start' ) LIMIT 1   [ RunTime:0.0000s ]
SQL: SHOW COLUMNS FROM `tw_pages` [ RunTime:0.0000s ]
SQL: SELECT `pages_content` FROM `tw_pages` WHERE ( pages_title='TWOWAY' ) LIMIT 1   [ RunTime:0.0000s ]
SQL: SHOW COLUMNS FROM `tw_banner` [ RunTime:0.0000s ]
SQL: SELECT * FROM `tw_banner` WHERE ( banner_state=1 ) ORDER BY banner_sort,banner_id ASC  [ RunTime:0.0000s ]
SQL: SHOW COLUMNS FROM `tw_posts` [ RunTime:0.0000s ]
SQL: SELECT * FROM `tw_posts` WHERE ( posts_class=1 ) ORDER BY posts_edit_time DESC LIMIT 0,8   [ RunTime:0.0000s ]
SQL: SELECT * FROM `tw_posts` WHERE ( posts_class=2 ) ORDER BY posts_edit_time DESC LIMIT 0,5   [ RunTime:0.0000s ]
SQL: SELECT * FROM `tw_posts` WHERE ( posts_class=3 ) ORDER BY posts_edit_time DESC LIMIT 0,5   [ RunTime:0.0156s ]
INFO: [ view_parse ] --START--
INFO: [ template_filter ] --START--
INFO: Run Behavior\ContentReplaceBehavior [ RunTime:0.000000s ]
INFO: [ template_filter ] --END-- [ RunTime:0.000000s ]
NOTIC: [8] Undefined variable: abouttitle E:\phpStudy\WWW\twoway\Application\Runtime\Cache\Home\d9f819b3b48479d96fea8a8f2f546a01.php 第 181 行.
INFO: Run Behavior\ParseTemplateBehavior [ RunTime:0.031200s ]
INFO: [ view_parse ] --END-- [ RunTime:0.031200s ]
INFO: [ view_filter ] --START--
INFO: Run Behavior\WriteHtmlCacheBehavior [ RunTime:0.000000s ]
INFO: [ view_filter ] --END-- [ RunTime:0.000000s ]
INFO: [ app_end ] --START--
INFO: Run Behavior\ShowPageTraceBehavior [ RunTime:0.000000s ]
INFO: [ app_end ] --END-- [ RunTime:0.000000s ]

[ 2017-10-09T09:46:33+08:00 ] 127.0.0.1 /index.php/Home/index.html
INFO: [ app_init ] --START--
INFO: Run Behavior\BuildLiteBehavior [ RunTime:0.000000s ]
INFO: [ app_init ] --END-- [ RunTime:0.000000s ]
INFO: [ app_begin ] --START--
INFO: Run Behavior\ReadHtmlCacheBehavior [ RunTime:0.000000s ]
INFO: [ app_begin ] --END-- [ RunTime:0.000000s ]
SQL: SHOW COLUMNS FROM `tw_config` [ RunTime:0.0000s ]
SQL: SELECT `config_value` FROM `tw_config` WHERE ( config_key='web_name' ) LIMIT 1   [ RunTime:0.0000s ]
SQL: SELECT `config_value` FROM `tw_config` WHERE ( config_key='web_footer' ) LIMIT 1   [ RunTime:0.0000s ]
SQL: SELECT `config_value` FROM `tw_config` WHERE ( config_key='web_keys' ) LIMIT 1   [ RunTime:0.0000s ]
SQL: SELECT `config_value` FROM `tw_config` WHERE ( config_key='web_description' ) LIMIT 1   [ RunTime:0.0000s ]
SQL: SELECT `config_value` FROM `tw_config` WHERE ( config_key='web_start' ) LIMIT 1   [ RunTime:0.0000s ]
SQL: SHOW COLUMNS FROM `tw_pages` [ RunTime:0.0000s ]
SQL: SELECT `pages_content` FROM `tw_pages` WHERE ( pages_title='TWOWAY' ) LIMIT 1   [ RunTime:0.0000s ]
SQL: SHOW COLUMNS FROM `tw_banner` [ RunTime:0.0000s ]
SQL: SELECT * FROM `tw_banner` WHERE ( banner_state=1 ) ORDER BY banner_sort,banner_id ASC  [ RunTime:0.0000s ]
SQL: SHOW COLUMNS FROM `tw_posts` [ RunTime:0.0000s ]
SQL: SELECT * FROM `tw_posts` WHERE ( posts_class=1 ) ORDER BY posts_edit_time DESC LIMIT 0,8   [ RunTime:0.0156s ]
SQL: SELECT * FROM `tw_posts` WHERE ( posts_class=2 ) ORDER BY posts_edit_time DESC LIMIT 0,5   [ RunTime:0.0000s ]
SQL: SELECT * FROM `tw_posts` WHERE ( posts_class=3 ) ORDER BY posts_edit_time DESC LIMIT 0,5   [ RunTime:0.0000s ]
INFO: [ view_parse ] --START--
INFO: [ template_filter ] --START--
INFO: Run Behavior\ContentReplaceBehavior [ RunTime:0.000000s ]
INFO: [ template_filter ] --END-- [ RunTime:0.000000s ]
NOTIC: [8] Undefined variable: abouttitle E:\phpStudy\WWW\twoway\Application\Runtime\Cache\Home\d9f819b3b48479d96fea8a8f2f546a01.php 第 181 行.
INFO: Run Behavior\ParseTemplateBehavior [ RunTime:0.015600s ]
INFO: [ view_parse ] --END-- [ RunTime:0.015600s ]
INFO: [ view_filter ] --START--
INFO: Run Behavior\WriteHtmlCacheBehavior [ RunTime:0.000000s ]
INFO: [ view_filter ] --END-- [ RunTime:0.000000s ]
INFO: [ app_end ] --START--
INFO: Run Behavior\ShowPageTraceBehavior [ RunTime:0.000000s ]
INFO: [ app_end ] --END-- [ RunTime:0.000000s ]

[ 2017-10-09T09:46:43+08:00 ] 127.0.0.1 /index.php/Home/Index/project.html
INFO: [ app_init ] --START--
INFO: Run Behavior\BuildLiteBehavior [ RunTime:0.000000s ]
INFO: [ app_init ] --END-- [ RunTime:0.000000s ]
INFO: [ app_begin ] --START--
INFO: Run Behavior\ReadHtmlCacheBehavior [ RunTime:0.000000s ]
INFO: [ app_begin ] --END-- [ RunTime:0.000000s ]
SQL: SHOW COLUMNS FROM `tw_config` [ RunTime:0.0000s ]
SQL: SELECT `config_value` FROM `tw_config` WHERE ( config_key='web_name' ) LIMIT 1   [ RunTime:0.0000s ]
SQL: SELECT `config_value` FROM `tw_config` WHERE ( config_key='web_footer' ) LIMIT 1   [ RunTime:0.0000s ]
SQL: SELECT `config_value` FROM `tw_config` WHERE ( config_key='web_keys' ) LIMIT 1   [ RunTime:0.0000s ]
SQL: SELECT `config_value` FROM `tw_config` WHERE ( config_key='web_description' ) LIMIT 1   [ RunTime:0.0000s ]
SQL: SELECT `config_value` FROM `tw_config` WHERE ( config_key='web_start' ) LIMIT 1   [ RunTime:0.0000s ]
SQL: SHOW COLUMNS FROM `tw_posts` [ RunTime:0.0000s ]
SQL: SELECT * FROM `tw_posts` WHERE ( posts_class=1 ) ORDER BY posts_edit_time DESC  [ RunTime:0.0000s ]
INFO: [ view_parse ] --START--
INFO: [ template_filter ] --START--
INFO: Run Behavior\ContentReplaceBehavior [ RunTime:0.000000s ]
INFO: [ template_filter ] --END-- [ RunTime:0.000000s ]
INFO: Run Behavior\ParseTemplateBehavior [ RunTime:0.046800s ]
INFO: [ view_parse ] --END-- [ RunTime:0.046800s ]
INFO: [ view_filter ] --START--
INFO: Run Behavior\WriteHtmlCacheBehavior [ RunTime:0.000000s ]
INFO: [ view_filter ] --END-- [ RunTime:0.000000s ]
INFO: [ app_end ] --START--
INFO: Run Behavior\ShowPageTraceBehavior [ RunTime:0.000000s ]
INFO: [ app_end ] --END-- [ RunTime:0.000000s ]

[ 2017-10-09T09:46:51+08:00 ] 127.0.0.1 /index.php/Home/Index/project.html
INFO: [ app_init ] --START--
INFO: Run Behavior\BuildLiteBehavior [ RunTime:0.000000s ]
INFO: [ app_init ] --END-- [ RunTime:0.000000s ]
INFO: [ app_begin ] --START--
INFO: Run Behavior\ReadHtmlCacheBehavior [ RunTime:0.000000s ]
INFO: [ app_begin ] --END-- [ RunTime:0.000000s ]
SQL: SHOW COLUMNS FROM `tw_config` [ RunTime:0.0000s ]
SQL: SELECT `config_value` FROM `tw_config` WHERE ( config_key='web_name' ) LIMIT 1   [ RunTime:0.0000s ]
SQL: SELECT `config_value` FROM `tw_config` WHERE ( config_key='web_footer' ) LIMIT 1   [ RunTime:0.0000s ]
SQL: SELECT `config_value` FROM `tw_config` WHERE ( config_key='web_keys' ) LIMIT 1   [ RunTime:0.0000s ]
SQL: SELECT `config_value` FROM `tw_config` WHERE ( config_key='web_description' ) LIMIT 1   [ RunTime:0.0000s ]
SQL: SELECT `config_value` FROM `tw_config` WHERE ( config_key='web_start' ) LIMIT 1   [ RunTime:0.0000s ]
SQL: SHOW COLUMNS FROM `tw_posts` [ RunTime:0.0000s ]
SQL: SELECT * FROM `tw_posts` WHERE ( posts_class=1 ) ORDER BY posts_edit_time DESC  [ RunTime:0.0000s ]
INFO: [ view_parse ] --START--
INFO: [ template_filter ] --START--
INFO: Run Behavior\ContentReplaceBehavior [ RunTime:0.000000s ]
INFO: [ template_filter ] --END-- [ RunTime:0.000000s ]
INFO: Run Behavior\ParseTemplateBehavior [ RunTime:0.015600s ]
INFO: [ view_parse ] --END-- [ RunTime:0.015600s ]
INFO: [ view_filter ] --START--
INFO: Run Behavior\WriteHtmlCacheBehavior [ RunTime:0.000000s ]
INFO: [ view_filter ] --END-- [ RunTime:0.000000s ]
INFO: [ app_end ] --START--
INFO: Run Behavior\ShowPageTraceBehavior [ RunTime:0.000000s ]
INFO: [ app_end ] --END-- [ RunTime:0.000000s ]

[ 2017-10-09T09:47:02+08:00 ] 127.0.0.1 /index.php/Home/index.html
INFO: [ app_init ] --START--
INFO: Run Behavior\BuildLiteBehavior [ RunTime:0.000000s ]
INFO: [ app_init ] --END-- [ RunTime:0.000000s ]
INFO: [ app_begin ] --START--
INFO: Run Behavior\ReadHtmlCacheBehavior [ RunTime:0.015600s ]
INFO: [ app_begin ] --END-- [ RunTime:0.015600s ]
SQL: SHOW COLUMNS FROM `tw_config` [ RunTime:0.0000s ]
SQL: SELECT `config_value` FROM `tw_config` WHERE ( config_key='web_name' ) LIMIT 1   [ RunTime:0.0000s ]
SQL: SELECT `config_value` FROM `tw_config` WHERE ( config_key='web_footer' ) LIMIT 1   [ RunTime:0.0000s ]
SQL: SELECT `config_value` FROM `tw_config` WHERE ( config_key='web_keys' ) LIMIT 1   [ RunTime:0.0000s ]
SQL: SELECT `config_value` FROM `tw_config` WHERE ( config_key='web_description' ) LIMIT 1   [ RunTime:0.0000s ]
SQL: SELECT `config_value` FROM `tw_config` WHERE ( config_key='web_start' ) LIMIT 1   [ RunTime:0.0000s ]
SQL: SHOW COLUMNS FROM `tw_pages` [ RunTime:0.0000s ]
SQL: SELECT `pages_content` FROM `tw_pages` WHERE ( pages_title='TWOWAY' ) LIMIT 1   [ RunTime:0.0000s ]
SQL: SHOW COLUMNS FROM `tw_banner` [ RunTime:0.0000s ]
SQL: SELECT * FROM `tw_banner` WHERE ( banner_state=1 ) ORDER BY banner_sort,banner_id ASC  [ RunTime:0.0000s ]
SQL: SHOW COLUMNS FROM `tw_posts` [ RunTime:0.0000s ]
SQL: SELECT * FROM `tw_posts` WHERE ( posts_class=1 ) ORDER BY posts_edit_time DESC LIMIT 0,8   [ RunTime:0.0000s ]
SQL: SELECT * FROM `tw_posts` WHERE ( posts_class=2 ) ORDER BY posts_edit_time DESC LIMIT 0,5   [ RunTime:0.0000s ]
SQL: SELECT * FROM `tw_posts` WHERE ( posts_class=3 ) ORDER BY posts_edit_time DESC LIMIT 0,5   [ RunTime:0.0000s ]
INFO: [ view_parse ] --START--
INFO: [ template_filter ] --START--
INFO: Run Behavior\ContentReplaceBehavior [ RunTime:0.000000s ]
INFO: [ template_filter ] --END-- [ RunTime:0.000000s ]
NOTIC: [8] Undefined variable: abouttitle E:\phpStudy\WWW\twoway\Application\Runtime\Cache\Home\d9f819b3b48479d96fea8a8f2f546a01.php 第 181 行.
INFO: Run Behavior\ParseTemplateBehavior [ RunTime:0.031200s ]
INFO: [ view_parse ] --END-- [ RunTime:0.031200s ]
INFO: [ view_filter ] --START--
INFO: Run Behavior\WriteHtmlCacheBehavior [ RunTime:0.000000s ]
INFO: [ view_filter ] --END-- [ RunTime:0.000000s ]
INFO: [ app_end ] --START--
INFO: Run Behavior\ShowPageTraceBehavior [ RunTime:0.000000s ]
INFO: [ app_end ] --END-- [ RunTime:0.000000s ]

[ 2017-10-09T09:47:05+08:00 ] 127.0.0.1 /index.php/Home/index/shanghai.html
INFO: [ app_init ] --START--
INFO: Run Behavior\BuildLiteBehavior [ RunTime:0.000000s ]
INFO: [ app_init ] --END-- [ RunTime:0.000000s ]
INFO: [ app_begin ] --START--
INFO: Run Behavior\ReadHtmlCacheBehavior [ RunTime:0.000000s ]
INFO: [ app_begin ] --END-- [ RunTime:0.000000s ]
SQL: SHOW COLUMNS FROM `tw_config` [ RunTime:0.0000s ]
SQL: SELECT `config_value` FROM `tw_config` WHERE ( config_key='web_name' ) LIMIT 1   [ RunTime:0.0000s ]
SQL: SELECT `config_value` FROM `tw_config` WHERE ( config_key='web_footer' ) LIMIT 1   [ RunTime:0.0000s ]
SQL: SELECT `config_value` FROM `tw_config` WHERE ( config_key='web_keys' ) LIMIT 1   [ RunTime:0.0000s ]
SQL: SELECT `config_value` FROM `tw_config` WHERE ( config_key='web_description' ) LIMIT 1   [ RunTime:0.0000s ]
SQL: SELECT `config_value` FROM `tw_config` WHERE ( config_key='web_start' ) LIMIT 1   [ RunTime:0.0000s ]
INFO: [ view_parse ] --START--
INFO: [ template_filter ] --START--
INFO: Run Behavior\ContentReplaceBehavior [ RunTime:0.000000s ]
INFO: [ template_filter ] --END-- [ RunTime:0.000000s ]
INFO: Run Behavior\ParseTemplateBehavior [ RunTime:0.000000s ]
INFO: [ view_parse ] --END-- [ RunTime:0.000000s ]
INFO: [ view_filter ] --START--
INFO: Run Behavior\WriteHtmlCacheBehavior [ RunTime:0.000000s ]
INFO: [ view_filter ] --END-- [ RunTime:0.000000s ]
INFO: [ app_end ] --START--
INFO: Run Behavior\ShowPageTraceBehavior [ RunTime:0.000000s ]
INFO: [ app_end ] --END-- [ RunTime:0.015600s ]

[ 2017-10-09T09:47:13+08:00 ] 127.0.0.1 /index.php/Home/index.html
INFO: [ app_init ] --START--
INFO: Run Behavior\BuildLiteBehavior [ RunTime:0.000000s ]
INFO: [ app_init ] --END-- [ RunTime:0.000000s ]
INFO: [ app_begin ] --START--
INFO: Run Behavior\ReadHtmlCacheBehavior [ RunTime:0.000000s ]
INFO: [ app_begin ] --END-- [ RunTime:0.000000s ]
SQL: SHOW COLUMNS FROM `tw_config` [ RunTime:0.0000s ]
SQL: SELECT `config_value` FROM `tw_config` WHERE ( config_key='web_name' ) LIMIT 1   [ RunTime:0.0000s ]
SQL: SELECT `config_value` FROM `tw_config` WHERE ( config_key='web_footer' ) LIMIT 1   [ RunTime:0.0000s ]
SQL: SELECT `config_value` FROM `tw_config` WHERE ( config_key='web_keys' ) LIMIT 1   [ RunTime:0.0000s ]
SQL: SELECT `config_value` FROM `tw_config` WHERE ( config_key='web_description' ) LIMIT 1   [ RunTime:0.0000s ]
SQL: SELECT `config_value` FROM `tw_config` WHERE ( config_key='web_start' ) LIMIT 1   [ RunTime:0.0000s ]
SQL: SHOW COLUMNS FROM `tw_pages` [ RunTime:0.0000s ]
SQL: SELECT `pages_content` FROM `tw_pages` WHERE ( pages_title='TWOWAY' ) LIMIT 1   [ RunTime:0.0000s ]
SQL: SHOW COLUMNS FROM `tw_banner` [ RunTime:0.0000s ]
SQL: SELECT * FROM `tw_banner` WHERE ( banner_state=1 ) ORDER BY banner_sort,banner_id ASC  [ RunTime:0.0000s ]
SQL: SHOW COLUMNS FROM `tw_posts` [ RunTime:0.0000s ]
SQL: SELECT * FROM `tw_posts` WHERE ( posts_class=1 ) ORDER BY posts_edit_time DESC LIMIT 0,8   [ RunTime:0.0000s ]
SQL: SELECT * FROM `tw_posts` WHERE ( posts_class=2 ) ORDER BY posts_edit_time DESC LIMIT 0,5   [ RunTime:0.0000s ]
SQL: SELECT * FROM `tw_posts` WHERE ( posts_class=3 ) ORDER BY posts_edit_time DESC LIMIT 0,5   [ RunTime:0.0156s ]
INFO: [ view_parse ] --START--
INFO: [ template_filter ] --START--
INFO: Run Behavior\ContentReplaceBehavior [ RunTime:0.000000s ]
INFO: [ template_filter ] --END-- [ RunTime:0.000000s ]
NOTIC: [8] Undefined variable: abouttitle E:\phpStudy\WWW\twoway\Application\Runtime\Cache\Home\d9f819b3b48479d96fea8a8f2f546a01.php 第 181 行.
INFO: Run Behavior\ParseTemplateBehavior [ RunTime:0.015600s ]
INFO: [ view_parse ] --END-- [ RunTime:0.015600s ]
INFO: [ view_filter ] --START--
INFO: Run Behavior\WriteHtmlCacheBehavior [ RunTime:0.000000s ]
INFO: [ view_filter ] --END-- [ RunTime:0.000000s ]
INFO: [ app_end ] --START--
INFO: Run Behavior\ShowPageTraceBehavior [ RunTime:0.000000s ]
INFO: [ app_end ] --END-- [ RunTime:0.000000s ]

[ 2017-10-09T09:47:15+08:00 ] 127.0.0.1 /index.php/Home/index/shanghai.html
INFO: [ app_init ] --START--
INFO: Run Behavior\BuildLiteBehavior [ RunTime:0.000000s ]
INFO: [ app_init ] --END-- [ RunTime:0.000000s ]
INFO: [ app_begin ] --START--
INFO: Run Behavior\ReadHtmlCacheBehavior [ RunTime:0.000000s ]
INFO: [ app_begin ] --END-- [ RunTime:0.000000s ]
SQL: SHOW COLUMNS FROM `tw_config` [ RunTime:0.0000s ]
SQL: SELECT `config_value` FROM `tw_config` WHERE ( config_key='web_name' ) LIMIT 1   [ RunTime:0.0000s ]
SQL: SELECT `config_value` FROM `tw_config` WHERE ( config_key='web_footer' ) LIMIT 1   [ RunTime:0.0000s ]
SQL: SELECT `config_value` FROM `tw_config` WHERE ( config_key='web_keys' ) LIMIT 1   [ RunTime:0.0000s ]
SQL: SELECT `config_value` FROM `tw_config` WHERE ( config_key='web_description' ) LIMIT 1   [ RunTime:0.0000s ]
SQL: SELECT `config_value` FROM `tw_config` WHERE ( config_key='web_start' ) LIMIT 1   [ RunTime:0.0000s ]
INFO: [ view_parse ] --START--
INFO: [ template_filter ] --START--
INFO: Run Behavior\ContentReplaceBehavior [ RunTime:0.000000s ]
INFO: [ template_filter ] --END-- [ RunTime:0.000000s ]
INFO: Run Behavior\ParseTemplateBehavior [ RunTime:0.000000s ]
INFO: [ view_parse ] --END-- [ RunTime:0.000000s ]
INFO: [ view_filter ] --START--
INFO: Run Behavior\WriteHtmlCacheBehavior [ RunTime:0.000000s ]
INFO: [ view_filter ] --END-- [ RunTime:0.000000s ]
INFO: [ app_end ] --START--
INFO: Run Behavior\ShowPageTraceBehavior [ RunTime:0.000000s ]
INFO: [ app_end ] --END-- [ RunTime:0.000000s ]

[ 2017-10-09T09:47:19+08:00 ] 127.0.0.1 /index.php/Home/index.html
INFO: [ app_init ] --START--
INFO: Run Behavior\BuildLiteBehavior [ RunTime:0.000000s ]
INFO: [ app_init ] --END-- [ RunTime:0.000000s ]
INFO: [ app_begin ] --START--
INFO: Run Behavior\ReadHtmlCacheBehavior [ RunTime:0.000000s ]
INFO: [ app_begin ] --END-- [ RunTime:0.000000s ]
SQL: SHOW COLUMNS FROM `tw_config` [ RunTime:0.0000s ]
SQL: SELECT `config_value` FROM `tw_config` WHERE ( config_key='web_name' ) LIMIT 1   [ RunTime:0.0000s ]
SQL: SELECT `config_value` FROM `tw_config` WHERE ( config_key='web_footer' ) LIMIT 1   [ RunTime:0.0000s ]
SQL: SELECT `config_value` FROM `tw_config` WHERE ( config_key='web_keys' ) LIMIT 1   [ RunTime:0.0000s ]
SQL: SELECT `config_value` FROM `tw_config` WHERE ( config_key='web_description' ) LIMIT 1   [ RunTime:0.0000s ]
SQL: SELECT `config_value` FROM `tw_config` WHERE ( config_key='web_start' ) LIMIT 1   [ RunTime:0.0000s ]
SQL: SHOW COLUMNS FROM `tw_pages` [ RunTime:0.0000s ]
SQL: SELECT `pages_content` FROM `tw_pages` WHERE ( pages_title='TWOWAY' ) LIMIT 1   [ RunTime:0.0000s ]
SQL: SHOW COLUMNS FROM `tw_banner` [ RunTime:0.0000s ]
SQL: SELECT * FROM `tw_banner` WHERE ( banner_state=1 ) ORDER BY banner_sort,banner_id ASC  [ RunTime:0.0000s ]
SQL: SHOW COLUMNS FROM `tw_posts` [ RunTime:0.0000s ]
SQL: SELECT * FROM `tw_posts` WHERE ( posts_class=1 ) ORDER BY posts_edit_time DESC LIMIT 0,8   [ RunTime:0.0000s ]
SQL: SELECT * FROM `tw_posts` WHERE ( posts_class=2 ) ORDER BY posts_edit_time DESC LIMIT 0,5   [ RunTime:0.0000s ]
SQL: SELECT * FROM `tw_posts` WHERE ( posts_class=3 ) ORDER BY posts_edit_time DESC LIMIT 0,5   [ RunTime:0.0156s ]
INFO: [ view_parse ] --START--
INFO: [ template_filter ] --START--
INFO: Run Behavior\ContentReplaceBehavior [ RunTime:0.000000s ]
INFO: [ template_filter ] --END-- [ RunTime:0.000000s ]
NOTIC: [8] Undefined variable: abouttitle E:\phpStudy\WWW\twoway\Application\Runtime\Cache\Home\d9f819b3b48479d96fea8a8f2f546a01.php 第 181 行.
INFO: Run Behavior\ParseTemplateBehavior [ RunTime:0.000000s ]
INFO: [ view_parse ] --END-- [ RunTime:0.000000s ]
INFO: [ view_filter ] --START--
INFO: Run Behavior\WriteHtmlCacheBehavior [ RunTime:0.000000s ]
INFO: [ view_filter ] --END-- [ RunTime:0.000000s ]
INFO: [ app_end ] --START--
INFO: Run Behavior\ShowPageTraceBehavior [ RunTime:0.015600s ]
INFO: [ app_end ] --END-- [ RunTime:0.015600s ]

[ 2017-10-09T09:47:23+08:00 ] 127.0.0.1 /index.php/Home/Index/project.html
INFO: [ app_init ] --START--
INFO: Run Behavior\BuildLiteBehavior [ RunTime:0.000000s ]
INFO: [ app_init ] --END-- [ RunTime:0.000000s ]
INFO: [ app_begin ] --START--
INFO: Run Behavior\ReadHtmlCacheBehavior [ RunTime:0.000000s ]
INFO: [ app_begin ] --END-- [ RunTime:0.000000s ]
SQL: SHOW COLUMNS FROM `tw_config` [ RunTime:0.0000s ]
SQL: SELECT `config_value` FROM `tw_config` WHERE ( config_key='web_name' ) LIMIT 1   [ RunTime:0.0000s ]
SQL: SELECT `config_value` FROM `tw_config` WHERE ( config_key='web_footer' ) LIMIT 1   [ RunTime:0.0000s ]
SQL: SELECT `config_value` FROM `tw_config` WHERE ( config_key='web_keys' ) LIMIT 1   [ RunTime:0.0000s ]
SQL: SELECT `config_value` FROM `tw_config` WHERE ( config_key='web_description' ) LIMIT 1   [ RunTime:0.0000s ]
SQL: SELECT `config_value` FROM `tw_config` WHERE ( config_key='web_start' ) LIMIT 1   [ RunTime:0.0000s ]
SQL: SHOW COLUMNS FROM `tw_posts` [ RunTime:0.0000s ]
SQL: SELECT * FROM `tw_posts` WHERE ( posts_class=1 ) ORDER BY posts_edit_time DESC  [ RunTime:0.0000s ]
INFO: [ view_parse ] --START--
INFO: [ template_filter ] --START--
INFO: Run Behavior\ContentReplaceBehavior [ RunTime:0.000000s ]
INFO: [ template_filter ] --END-- [ RunTime:0.000000s ]
INFO: Run Behavior\ParseTemplateBehavior [ RunTime:0.015600s ]
INFO: [ view_parse ] --END-- [ RunTime:0.015600s ]
INFO: [ view_filter ] --START--
INFO: Run Behavior\WriteHtmlCacheBehavior [ RunTime:0.000000s ]
INFO: [ view_filter ] --END-- [ RunTime:0.000000s ]
INFO: [ app_end ] --START--
INFO: Run Behavior\ShowPageTraceBehavior [ RunTime:0.000000s ]
INFO: [ app_end ] --END-- [ RunTime:0.000000s ]

[ 2017-10-09T09:53:02+08:00 ] 127.0.0.1 /index.php/Home/Index/project.html
INFO: [ app_init ] --START--
INFO: Run Behavior\BuildLiteBehavior [ RunTime:0.000000s ]
INFO: [ app_init ] --END-- [ RunTime:0.000000s ]
INFO: [ app_begin ] --START--
INFO: Run Behavior\ReadHtmlCacheBehavior [ RunTime:0.000000s ]
INFO: [ app_begin ] --END-- [ RunTime:0.000000s ]
SQL: SHOW COLUMNS FROM `tw_config` [ RunTime:0.0000s ]
SQL: SELECT `config_value` FROM `tw_config` WHERE ( config_key='web_name' ) LIMIT 1   [ RunTime:0.0000s ]
SQL: SELECT `config_value` FROM `tw_config` WHERE ( config_key='web_footer' ) LIMIT 1   [ RunTime:0.0000s ]
SQL: SELECT `config_value` FROM `tw_config` WHERE ( config_key='web_keys' ) LIMIT 1   [ RunTime:0.0000s ]
SQL: SELECT `config_value` FROM `tw_config` WHERE ( config_key='web_description' ) LIMIT 1   [ RunTime:0.0000s ]
SQL: SELECT `config_value` FROM `tw_config` WHERE ( config_key='web_start' ) LIMIT 1   [ RunTime:0.0000s ]
SQL: SHOW COLUMNS FROM `tw_posts` [ RunTime:0.0000s ]
SQL: SELECT * FROM `tw_posts` WHERE ( posts_class=1 ) ORDER BY posts_edit_time DESC  [ RunTime:0.0000s ]
INFO: [ view_parse ] --START--
INFO: [ template_filter ] --START--
INFO: Run Behavior\ContentReplaceBehavior [ RunTime:0.000000s ]
INFO: [ template_filter ] --END-- [ RunTime:0.000000s ]
INFO: Run Behavior\ParseTemplateBehavior [ RunTime:0.015600s ]
INFO: [ view_parse ] --END-- [ RunTime:0.015600s ]
INFO: [ view_filter ] --START--
INFO: Run Behavior\WriteHtmlCacheBehavior [ RunTime:0.000000s ]
INFO: [ view_filter ] --END-- [ RunTime:0.000000s ]
INFO: [ app_end ] --START--
INFO: Run Behavior\ShowPageTraceBehavior [ RunTime:0.000000s ]
INFO: [ app_end ] --END-- [ RunTime:0.000000s ]

[ 2017-10-09T09:53:05+08:00 ] 127.0.0.1 /index.php/Home/index/shanghai.html
INFO: [ app_init ] --START--
INFO: Run Behavior\BuildLiteBehavior [ RunTime:0.000000s ]
INFO: [ app_init ] --END-- [ RunTime:0.001000s ]
INFO: [ app_begin ] --START--
INFO: Run Behavior\ReadHtmlCacheBehavior [ RunTime:0.001000s ]
INFO: [ app_begin ] --END-- [ RunTime:0.002000s ]
SQL: SHOW COLUMNS FROM `tw_config` [ RunTime:0.0020s ]
SQL: SELECT `config_value` FROM `tw_config` WHERE ( config_key='web_name' ) LIMIT 1   [ RunTime:0.0000s ]
SQL: SELECT `config_value` FROM `tw_config` WHERE ( config_key='web_footer' ) LIMIT 1   [ RunTime:0.0000s ]
SQL: SELECT `config_value` FROM `tw_config` WHERE ( config_key='web_keys' ) LIMIT 1   [ RunTime:0.0010s ]
SQL: SELECT `config_value` FROM `tw_config` WHERE ( config_key='web_description' ) LIMIT 1   [ RunTime:0.0000s ]
SQL: SELECT `config_value` FROM `tw_config` WHERE ( config_key='web_start' ) LIMIT 1   [ RunTime:0.0000s ]
INFO: [ view_parse ] --START--
INFO: [ template_filter ] --START--
INFO: Run Behavior\ContentReplaceBehavior [ RunTime:0.000000s ]
INFO: [ template_filter ] --END-- [ RunTime:0.000000s ]
NOTIC: [8] Undefined variable: project E:\phpStudy\WWW\twoway\Application\Runtime\Cache\Home\afd40613eb7b446078e130642b9a1cba.php 第 115 行.
INFO: Run Behavior\ParseTemplateBehavior [ RunTime:0.040000s ]
INFO: [ view_parse ] --END-- [ RunTime:0.040000s ]
INFO: [ view_filter ] --START--
INFO: Run Behavior\WriteHtmlCacheBehavior [ RunTime:0.000000s ]
INFO: [ view_filter ] --END-- [ RunTime:0.000000s ]
INFO: [ app_end ] --START--
INFO: Run Behavior\ShowPageTraceBehavior [ RunTime:0.001000s ]
INFO: [ app_end ] --END-- [ RunTime:0.001000s ]

[ 2017-10-09T09:53:32+08:00 ] 127.0.0.1 /index.php/Home/index.html
INFO: [ app_init ] --START--
INFO: Run Behavior\BuildLiteBehavior [ RunTime:0.000000s ]
INFO: [ app_init ] --END-- [ RunTime:0.000000s ]
INFO: [ app_begin ] --START--
INFO: Run Behavior\ReadHtmlCacheBehavior [ RunTime:0.000000s ]
INFO: [ app_begin ] --END-- [ RunTime:0.000000s ]
SQL: SHOW COLUMNS FROM `tw_config` [ RunTime:0.0000s ]
SQL: SELECT `config_value` FROM `tw_config` WHERE ( config_key='web_name' ) LIMIT 1   [ RunTime:0.0000s ]
SQL: SELECT `config_value` FROM `tw_config` WHERE ( config_key='web_footer' ) LIMIT 1   [ RunTime:0.0000s ]
SQL: SELECT `config_value` FROM `tw_config` WHERE ( config_key='web_keys' ) LIMIT 1   [ RunTime:0.0000s ]
SQL: SELECT `config_value` FROM `tw_config` WHERE ( config_key='web_description' ) LIMIT 1   [ RunTime:0.0000s ]
SQL: SELECT `config_value` FROM `tw_config` WHERE ( config_key='web_start' ) LIMIT 1   [ RunTime:0.0000s ]
SQL: SHOW COLUMNS FROM `tw_pages` [ RunTime:0.0000s ]
SQL: SELECT `pages_content` FROM `tw_pages` WHERE ( pages_title='TWOWAY' ) LIMIT 1   [ RunTime:0.0000s ]
SQL: SHOW COLUMNS FROM `tw_banner` [ RunTime:0.0000s ]
SQL: SELECT * FROM `tw_banner` WHERE ( banner_state=1 ) ORDER BY banner_sort,banner_id ASC  [ RunTime:0.0000s ]
SQL: SHOW COLUMNS FROM `tw_posts` [ RunTime:0.0156s ]
SQL: SELECT * FROM `tw_posts` WHERE ( posts_class=1 ) ORDER BY posts_edit_time DESC LIMIT 0,8   [ RunTime:0.0000s ]
SQL: SELECT * FROM `tw_posts` WHERE ( posts_class=2 ) ORDER BY posts_edit_time DESC LIMIT 0,5   [ RunTime:0.0000s ]
SQL: SELECT * FROM `tw_posts` WHERE ( posts_class=3 ) ORDER BY posts_edit_time DESC LIMIT 0,5   [ RunTime:0.0000s ]
INFO: [ view_parse ] --START--
INFO: [ template_filter ] --START--
INFO: Run Behavior\ContentReplaceBehavior [ RunTime:0.000000s ]
INFO: [ template_filter ] --END-- [ RunTime:0.000000s ]
NOTIC: [8] Undefined variable: abouttitle E:\phpStudy\WWW\twoway\Application\Runtime\Cache\Home\d9f819b3b48479d96fea8a8f2f546a01.php 第 181 行.
INFO: Run Behavior\ParseTemplateBehavior [ RunTime:0.015600s ]
INFO: [ view_parse ] --END-- [ RunTime:0.015600s ]
INFO: [ view_filter ] --START--
INFO: Run Behavior\WriteHtmlCacheBehavior [ RunTime:0.000000s ]
INFO: [ view_filter ] --END-- [ RunTime:0.000000s ]
INFO: [ app_end ] --START--
INFO: Run Behavior\ShowPageTraceBehavior [ RunTime:0.000000s ]
INFO: [ app_end ] --END-- [ RunTime:0.000000s ]

[ 2017-10-09T09:53:41+08:00 ] 127.0.0.1 /index.php/Home/Index/project.html
INFO: [ app_init ] --START--
INFO: Run Behavior\BuildLiteBehavior [ RunTime:0.000000s ]
INFO: [ app_init ] --END-- [ RunTime:0.000000s ]
INFO: [ app_begin ] --START--
INFO: Run Behavior\ReadHtmlCacheBehavior [ RunTime:0.000000s ]
INFO: [ app_begin ] --END-- [ RunTime:0.000000s ]
SQL: SHOW COLUMNS FROM `tw_config` [ RunTime:0.0000s ]
SQL: SELECT `config_value` FROM `tw_config` WHERE ( config_key='web_name' ) LIMIT 1   [ RunTime:0.0000s ]
SQL: SELECT `config_value` FROM `tw_config` WHERE ( config_key='web_footer' ) LIMIT 1   [ RunTime:0.0000s ]
SQL: SELECT `config_value` FROM `tw_config` WHERE ( config_key='web_keys' ) LIMIT 1   [ RunTime:0.0000s ]
SQL: SELECT `config_value` FROM `tw_config` WHERE ( config_key='web_description' ) LIMIT 1   [ RunTime:0.0000s ]
SQL: SELECT `config_value` FROM `tw_config` WHERE ( config_key='web_start' ) LIMIT 1   [ RunTime:0.0000s ]
SQL: SHOW COLUMNS FROM `tw_posts` [ RunTime:0.0000s ]
SQL: SELECT * FROM `tw_posts` WHERE ( posts_class=1 ) ORDER BY posts_edit_time DESC  [ RunTime:0.0000s ]
INFO: [ view_parse ] --START--
INFO: [ template_filter ] --START--
INFO: Run Behavior\ContentReplaceBehavior [ RunTime:0.000000s ]
INFO: [ template_filter ] --END-- [ RunTime:0.000000s ]
INFO: Run Behavior\ParseTemplateBehavior [ RunTime:0.015600s ]
INFO: [ view_parse ] --END-- [ RunTime:0.015600s ]
INFO: [ view_filter ] --START--
INFO: Run Behavior\WriteHtmlCacheBehavior [ RunTime:0.000000s ]
INFO: [ view_filter ] --END-- [ RunTime:0.000000s ]
INFO: [ app_end ] --START--
INFO: Run Behavior\ShowPageTraceBehavior [ RunTime:0.000000s ]
INFO: [ app_end ] --END-- [ RunTime:0.000000s ]

[ 2017-10-09T09:55:55+08:00 ] 127.0.0.1 /index.php/Home/index/shanghai.html
INFO: [ app_init ] --START--
INFO: Run Behavior\BuildLiteBehavior [ RunTime:0.000000s ]
INFO: [ app_init ] --END-- [ RunTime:0.000000s ]
INFO: [ app_begin ] --START--
INFO: Run Behavior\ReadHtmlCacheBehavior [ RunTime:0.000000s ]
INFO: [ app_begin ] --END-- [ RunTime:0.000000s ]
SQL: SHOW COLUMNS FROM `tw_config` [ RunTime:0.0000s ]
SQL: SELECT `config_value` FROM `tw_config` WHERE ( config_key='web_name' ) LIMIT 1   [ RunTime:0.0000s ]
SQL: SELECT `config_value` FROM `tw_config` WHERE ( config_key='web_footer' ) LIMIT 1   [ RunTime:0.0000s ]
SQL: SELECT `config_value` FROM `tw_config` WHERE ( config_key='web_keys' ) LIMIT 1   [ RunTime:0.0000s ]
SQL: SELECT `config_value` FROM `tw_config` WHERE ( config_key='web_description' ) LIMIT 1   [ RunTime:0.0000s ]
SQL: SELECT `config_value` FROM `tw_config` WHERE ( config_key='web_start' ) LIMIT 1   [ RunTime:0.0000s ]
INFO: [ view_parse ] --START--
INFO: [ template_filter ] --START--
INFO: Run Behavior\ContentReplaceBehavior [ RunTime:0.000000s ]
INFO: [ template_filter ] --END-- [ RunTime:0.000000s ]
NOTIC: [8] Undefined variable: project E:\phpStudy\WWW\twoway\Application\Runtime\Cache\Home\afd40613eb7b446078e130642b9a1cba.php 第 115 行.
INFO: Run Behavior\ParseTemplateBehavior [ RunTime:0.000000s ]
INFO: [ view_parse ] --END-- [ RunTime:0.000000s ]
INFO: [ view_filter ] --START--
INFO: Run Behavior\WriteHtmlCacheBehavior [ RunTime:0.000000s ]
INFO: [ view_filter ] --END-- [ RunTime:0.000000s ]
INFO: [ app_end ] --START--
INFO: Run Behavior\ShowPageTraceBehavior [ RunTime:0.015600s ]
INFO: [ app_end ] --END-- [ RunTime:0.015600s ]

[ 2017-10-09T09:56:04+08:00 ] 127.0.0.1 /index.php/Home/index.html
INFO: [ app_init ] --START--
INFO: Run Behavior\BuildLiteBehavior [ RunTime:0.000000s ]
INFO: [ app_init ] --END-- [ RunTime:0.000000s ]
INFO: [ app_begin ] --START--
INFO: Run Behavior\ReadHtmlCacheBehavior [ RunTime:0.000000s ]
INFO: [ app_begin ] --END-- [ RunTime:0.000000s ]
SQL: SHOW COLUMNS FROM `tw_config` [ RunTime:0.0000s ]
SQL: SELECT `config_value` FROM `tw_config` WHERE ( config_key='web_name' ) LIMIT 1   [ RunTime:0.0000s ]
SQL: SELECT `config_value` FROM `tw_config` WHERE ( config_key='web_footer' ) LIMIT 1   [ RunTime:0.0000s ]
SQL: SELECT `config_value` FROM `tw_config` WHERE ( config_key='web_keys' ) LIMIT 1   [ RunTime:0.0000s ]
SQL: SELECT `config_value` FROM `tw_config` WHERE ( config_key='web_description' ) LIMIT 1   [ RunTime:0.0000s ]
SQL: SELECT `config_value` FROM `tw_config` WHERE ( config_key='web_start' ) LIMIT 1   [ RunTime:0.0000s ]
SQL: SHOW COLUMNS FROM `tw_pages` [ RunTime:0.0000s ]
SQL: SELECT `pages_content` FROM `tw_pages` WHERE ( pages_title='TWOWAY' ) LIMIT 1   [ RunTime:0.0000s ]
SQL: SHOW COLUMNS FROM `tw_banner` [ RunTime:0.0000s ]
SQL: SELECT * FROM `tw_banner` WHERE ( banner_state=1 ) ORDER BY banner_sort,banner_id ASC  [ RunTime:0.0000s ]
SQL: SHOW COLUMNS FROM `tw_posts` [ RunTime:0.0000s ]
SQL: SELECT * FROM `tw_posts` WHERE ( posts_class=1 ) ORDER BY posts_edit_time DESC LIMIT 0,8   [ RunTime:0.0000s ]
SQL: SELECT * FROM `tw_posts` WHERE ( posts_class=2 ) ORDER BY posts_edit_time DESC LIMIT 0,5   [ RunTime:0.0000s ]
SQL: SELECT * FROM `tw_posts` WHERE ( posts_class=3 ) ORDER BY posts_edit_time DESC LIMIT 0,5   [ RunTime:0.0000s ]
INFO: [ view_parse ] --START--
INFO: [ template_filter ] --START--
INFO: Run Behavior\ContentReplaceBehavior [ RunTime:0.000000s ]
INFO: [ template_filter ] --END-- [ RunTime:0.000000s ]
NOTIC: [8] Undefined variable: abouttitle E:\phpStudy\WWW\twoway\Application\Runtime\Cache\Home\d9f819b3b48479d96fea8a8f2f546a01.php 第 181 行.
INFO: Run Behavior\ParseTemplateBehavior [ RunTime:0.015600s ]
INFO: [ view_parse ] --END-- [ RunTime:0.015600s ]
INFO: [ view_filter ] --START--
INFO: Run Behavior\WriteHtmlCacheBehavior [ RunTime:0.000000s ]
INFO: [ view_filter ] --END-- [ RunTime:0.000000s ]
INFO: [ app_end ] --START--
INFO: Run Behavior\ShowPageTraceBehavior [ RunTime:0.000000s ]
INFO: [ app_end ] --END-- [ RunTime:0.000000s ]

[ 2017-10-09T09:56:14+08:00 ] 127.0.0.1 /index.php/Home/Index/project.html
INFO: [ app_init ] --START--
INFO: Run Behavior\BuildLiteBehavior [ RunTime:0.000000s ]
INFO: [ app_init ] --END-- [ RunTime:0.000000s ]
INFO: [ app_begin ] --START--
INFO: Run Behavior\ReadHtmlCacheBehavior [ RunTime:0.000000s ]
INFO: [ app_begin ] --END-- [ RunTime:0.000000s ]
SQL: SHOW COLUMNS FROM `tw_config` [ RunTime:0.0000s ]
SQL: SELECT `config_value` FROM `tw_config` WHERE ( config_key='web_name' ) LIMIT 1   [ RunTime:0.0000s ]
SQL: SELECT `config_value` FROM `tw_config` WHERE ( config_key='web_footer' ) LIMIT 1   [ RunTime:0.0000s ]
SQL: SELECT `config_value` FROM `tw_config` WHERE ( config_key='web_keys' ) LIMIT 1   [ RunTime:0.0000s ]
SQL: SELECT `config_value` FROM `tw_config` WHERE ( config_key='web_description' ) LIMIT 1   [ RunTime:0.0000s ]
SQL: SELECT `config_value` FROM `tw_config` WHERE ( config_key='web_start' ) LIMIT 1   [ RunTime:0.0000s ]
SQL: SHOW COLUMNS FROM `tw_posts` [ RunTime:0.0000s ]
SQL: SELECT * FROM `tw_posts` WHERE ( posts_class=1 ) ORDER BY posts_edit_time DESC  [ RunTime:0.0000s ]
INFO: [ view_parse ] --START--
INFO: [ template_filter ] --START--
INFO: Run Behavior\ContentReplaceBehavior [ RunTime:0.000000s ]
INFO: [ template_filter ] --END-- [ RunTime:0.000000s ]
INFO: Run Behavior\ParseTemplateBehavior [ RunTime:0.015600s ]
INFO: [ view_parse ] --END-- [ RunTime:0.015600s ]
INFO: [ view_filter ] --START--
INFO: Run Behavior\WriteHtmlCacheBehavior [ RunTime:0.000000s ]
INFO: [ view_filter ] --END-- [ RunTime:0.000000s ]
INFO: [ app_end ] --START--
INFO: Run Behavior\ShowPageTraceBehavior [ RunTime:0.000000s ]
INFO: [ app_end ] --END-- [ RunTime:0.000000s ]

[ 2017-10-09T09:56:38+08:00 ] 127.0.0.1 /index.php/Home/Index/project.html
INFO: [ app_init ] --START--
INFO: Run Behavior\BuildLiteBehavior [ RunTime:0.000000s ]
INFO: [ app_init ] --END-- [ RunTime:0.000000s ]
INFO: [ app_begin ] --START--
INFO: Run Behavior\ReadHtmlCacheBehavior [ RunTime:0.000000s ]
INFO: [ app_begin ] --END-- [ RunTime:0.000000s ]
SQL: SHOW COLUMNS FROM `tw_config` [ RunTime:0.0000s ]
SQL: SELECT `config_value` FROM `tw_config` WHERE ( config_key='web_name' ) LIMIT 1   [ RunTime:0.0000s ]
SQL: SELECT `config_value` FROM `tw_config` WHERE ( config_key='web_footer' ) LIMIT 1   [ RunTime:0.0000s ]
SQL: SELECT `config_value` FROM `tw_config` WHERE ( config_key='web_keys' ) LIMIT 1   [ RunTime:0.0000s ]
SQL: SELECT `config_value` FROM `tw_config` WHERE ( config_key='web_description' ) LIMIT 1   [ RunTime:0.0000s ]
SQL: SELECT `config_value` FROM `tw_config` WHERE ( config_key='web_start' ) LIMIT 1   [ RunTime:0.0000s ]
SQL: SHOW COLUMNS FROM `tw_posts` [ RunTime:0.0000s ]
SQL: SELECT * FROM `tw_posts` WHERE ( posts_class=1 ) ORDER BY posts_edit_time DESC  [ RunTime:0.0000s ]
INFO: [ view_parse ] --START--
INFO: [ template_filter ] --START--
INFO: Run Behavior\ContentReplaceBehavior [ RunTime:0.000000s ]
INFO: [ template_filter ] --END-- [ RunTime:0.000000s ]
INFO: Run Behavior\ParseTemplateBehavior [ RunTime:0.015600s ]
INFO: [ view_parse ] --END-- [ RunTime:0.015600s ]
INFO: [ view_filter ] --START--
INFO: Run Behavior\WriteHtmlCacheBehavior [ RunTime:0.000000s ]
INFO: [ view_filter ] --END-- [ RunTime:0.000000s ]
INFO: [ app_end ] --START--
INFO: Run Behavior\ShowPageTraceBehavior [ RunTime:0.000000s ]
INFO: [ app_end ] --END-- [ RunTime:0.000000s ]

[ 2017-10-09T09:56:41+08:00 ] 127.0.0.1 /index.php/Home/index/shanghai.html
INFO: [ app_init ] --START--
INFO: Run Behavior\BuildLiteBehavior [ RunTime:0.000000s ]
INFO: [ app_init ] --END-- [ RunTime:0.000000s ]
INFO: [ app_begin ] --START--
INFO: Run Behavior\ReadHtmlCacheBehavior [ RunTime:0.000000s ]
INFO: [ app_begin ] --END-- [ RunTime:0.000000s ]
SQL: SHOW COLUMNS FROM `tw_config` [ RunTime:0.0020s ]
SQL: SELECT `config_value` FROM `tw_config` WHERE ( config_key='web_name' ) LIMIT 1   [ RunTime:0.0000s ]
SQL: SELECT `config_value` FROM `tw_config` WHERE ( config_key='web_footer' ) LIMIT 1   [ RunTime:0.0000s ]
SQL: SELECT `config_value` FROM `tw_config` WHERE ( config_key='web_keys' ) LIMIT 1   [ RunTime:0.0000s ]
SQL: SELECT `config_value` FROM `tw_config` WHERE ( config_key='web_description' ) LIMIT 1   [ RunTime:0.0000s ]
SQL: SELECT `config_value` FROM `tw_config` WHERE ( config_key='web_start' ) LIMIT 1   [ RunTime:0.0010s ]
INFO: [ view_parse ] --START--
INFO: [ template_filter ] --START--
INFO: Run Behavior\ContentReplaceBehavior [ RunTime:0.000000s ]
INFO: [ template_filter ] --END-- [ RunTime:0.000000s ]
NOTIC: [8] Undefined variable: project E:\phpStudy\WWW\twoway\Application\Runtime\Cache\Home\afd40613eb7b446078e130642b9a1cba.php 第 115 行.
INFO: Run Behavior\ParseTemplateBehavior [ RunTime:0.007000s ]
INFO: [ view_parse ] --END-- [ RunTime:0.007000s ]
INFO: [ view_filter ] --START--
INFO: Run Behavior\WriteHtmlCacheBehavior [ RunTime:0.001000s ]
INFO: [ view_filter ] --END-- [ RunTime:0.001000s ]
INFO: [ app_end ] --START--
INFO: Run Behavior\ShowPageTraceBehavior [ RunTime:0.000000s ]
INFO: [ app_end ] --END-- [ RunTime:0.000000s ]

[ 2017-10-09T09:57:37+08:00 ] 127.0.0.1 /index.php/Home/Index/project.html
INFO: [ app_init ] --START--
INFO: Run Behavior\BuildLiteBehavior [ RunTime:0.000000s ]
INFO: [ app_init ] --END-- [ RunTime:0.000000s ]
INFO: [ app_begin ] --START--
INFO: Run Behavior\ReadHtmlCacheBehavior [ RunTime:0.000000s ]
INFO: [ app_begin ] --END-- [ RunTime:0.000000s ]
SQL: SHOW COLUMNS FROM `tw_config` [ RunTime:0.0000s ]
SQL: SELECT `config_value` FROM `tw_config` WHERE ( config_key='web_name' ) LIMIT 1   [ RunTime:0.0000s ]
SQL: SELECT `config_value` FROM `tw_config` WHERE ( config_key='web_footer' ) LIMIT 1   [ RunTime:0.0000s ]
SQL: SELECT `config_value` FROM `tw_config` WHERE ( config_key='web_keys' ) LIMIT 1   [ RunTime:0.0000s ]
SQL: SELECT `config_value` FROM `tw_config` WHERE ( config_key='web_description' ) LIMIT 1   [ RunTime:0.0000s ]
SQL: SELECT `config_value` FROM `tw_config` WHERE ( config_key='web_start' ) LIMIT 1   [ RunTime:0.0000s ]
SQL: SHOW COLUMNS FROM `tw_posts` [ RunTime:0.0000s ]
SQL: SELECT * FROM `tw_posts` WHERE ( posts_class=1 ) ORDER BY posts_edit_time DESC  [ RunTime:0.0000s ]
INFO: [ view_parse ] --START--
INFO: [ template_filter ] --START--
INFO: Run Behavior\ContentReplaceBehavior [ RunTime:0.000000s ]
INFO: [ template_filter ] --END-- [ RunTime:0.000000s ]
INFO: Run Behavior\ParseTemplateBehavior [ RunTime:0.015600s ]
INFO: [ view_parse ] --END-- [ RunTime:0.015600s ]
INFO: [ view_filter ] --START--
INFO: Run Behavior\WriteHtmlCacheBehavior [ RunTime:0.000000s ]
INFO: [ view_filter ] --END-- [ RunTime:0.000000s ]
INFO: [ app_end ] --START--
INFO: Run Behavior\ShowPageTraceBehavior [ RunTime:0.000000s ]
INFO: [ app_end ] --END-- [ RunTime:0.000000s ]

[ 2017-10-09T09:57:53+08:00 ] 127.0.0.1 /index.php/Home/Index/project.html
INFO: [ app_init ] --START--
INFO: Run Behavior\BuildLiteBehavior [ RunTime:0.000000s ]
INFO: [ app_init ] --END-- [ RunTime:0.000000s ]
INFO: [ app_begin ] --START--
INFO: Run Behavior\ReadHtmlCacheBehavior [ RunTime:0.000000s ]
INFO: [ app_begin ] --END-- [ RunTime:0.000000s ]
SQL: SHOW COLUMNS FROM `tw_config` [ RunTime:0.0000s ]
SQL: SELECT `config_value` FROM `tw_config` WHERE ( config_key='web_name' ) LIMIT 1   [ RunTime:0.0000s ]
SQL: SELECT `config_value` FROM `tw_config` WHERE ( config_key='web_footer' ) LIMIT 1   [ RunTime:0.0000s ]
SQL: SELECT `config_value` FROM `tw_config` WHERE ( config_key='web_keys' ) LIMIT 1   [ RunTime:0.0000s ]
SQL: SELECT `config_value` FROM `tw_config` WHERE ( config_key='web_description' ) LIMIT 1   [ RunTime:0.0000s ]
SQL: SELECT `config_value` FROM `tw_config` WHERE ( config_key='web_start' ) LIMIT 1   [ RunTime:0.0000s ]
SQL: SHOW COLUMNS FROM `tw_posts` [ RunTime:0.0000s ]
SQL: SELECT * FROM `tw_posts` WHERE ( posts_class=1 ) ORDER BY posts_edit_time DESC  [ RunTime:0.0000s ]
INFO: [ view_parse ] --START--
INFO: [ template_filter ] --START--
INFO: Run Behavior\ContentReplaceBehavior [ RunTime:0.000000s ]
INFO: [ template_filter ] --END-- [ RunTime:0.000000s ]
INFO: Run Behavior\ParseTemplateBehavior [ RunTime:0.015600s ]
INFO: [ view_parse ] --END-- [ RunTime:0.015600s ]
INFO: [ view_filter ] --START--
INFO: Run Behavior\WriteHtmlCacheBehavior [ RunTime:0.000000s ]
INFO: [ view_filter ] --END-- [ RunTime:0.000000s ]
INFO: [ app_end ] --START--
INFO: Run Behavior\ShowPageTraceBehavior [ RunTime:0.015600s ]
INFO: [ app_end ] --END-- [ RunTime:0.015600s ]

[ 2017-10-09T09:58:52+08:00 ] 127.0.0.1 /index.php/Home/index/shanghai.html
INFO: [ app_init ] --START--
INFO: Run Behavior\BuildLiteBehavior [ RunTime:0.000000s ]
INFO: [ app_init ] --END-- [ RunTime:0.000000s ]
INFO: [ app_begin ] --START--
INFO: Run Behavior\ReadHtmlCacheBehavior [ RunTime:0.000000s ]
INFO: [ app_begin ] --END-- [ RunTime:0.000000s ]
SQL: SHOW COLUMNS FROM `tw_config` [ RunTime:0.0000s ]
SQL: SELECT `config_value` FROM `tw_config` WHERE ( config_key='web_name' ) LIMIT 1   [ RunTime:0.0000s ]
SQL: SELECT `config_value` FROM `tw_config` WHERE ( config_key='web_footer' ) LIMIT 1   [ RunTime:0.0000s ]
SQL: SELECT `config_value` FROM `tw_config` WHERE ( config_key='web_keys' ) LIMIT 1   [ RunTime:0.0000s ]
SQL: SELECT `config_value` FROM `tw_config` WHERE ( config_key='web_description' ) LIMIT 1   [ RunTime:0.0000s ]
SQL: SELECT `config_value` FROM `tw_config` WHERE ( config_key='web_start' ) LIMIT 1   [ RunTime:0.0000s ]
INFO: [ view_parse ] --START--
INFO: [ template_filter ] --START--
INFO: Run Behavior\ContentReplaceBehavior [ RunTime:0.000000s ]
INFO: [ template_filter ] --END-- [ RunTime:0.000000s ]
NOTIC: [8] Undefined variable: project E:\phpStudy\WWW\twoway\Application\Runtime\Cache\Home\afd40613eb7b446078e130642b9a1cba.php 第 118 行.
INFO: Run Behavior\ParseTemplateBehavior [ RunTime:0.000000s ]
INFO: [ view_parse ] --END-- [ RunTime:0.000000s ]
INFO: [ view_filter ] --START--
INFO: Run Behavior\WriteHtmlCacheBehavior [ RunTime:0.000000s ]
INFO: [ view_filter ] --END-- [ RunTime:0.000000s ]
INFO: [ app_end ] --START--
INFO: Run Behavior\ShowPageTraceBehavior [ RunTime:0.000000s ]
INFO: [ app_end ] --END-- [ RunTime:0.000000s ]

[ 2017-10-09T10:00:42+08:00 ] 127.0.0.1 /index.php/Home/index/shanghai.html
INFO: [ app_init ] --START--
INFO: Run Behavior\BuildLiteBehavior [ RunTime:0.000000s ]
INFO: [ app_init ] --END-- [ RunTime:0.000000s ]
INFO: [ app_begin ] --START--
INFO: Run Behavior\ReadHtmlCacheBehavior [ RunTime:0.000000s ]
INFO: [ app_begin ] --END-- [ RunTime:0.000000s ]
SQL: SHOW COLUMNS FROM `tw_config` [ RunTime:0.0000s ]
SQL: SELECT `config_value` FROM `tw_config` WHERE ( config_key='web_name' ) LIMIT 1   [ RunTime:0.0000s ]
SQL: SELECT `config_value` FROM `tw_config` WHERE ( config_key='web_footer' ) LIMIT 1   [ RunTime:0.0000s ]
SQL: SELECT `config_value` FROM `tw_config` WHERE ( config_key='web_keys' ) LIMIT 1   [ RunTime:0.0000s ]
SQL: SELECT `config_value` FROM `tw_config` WHERE ( config_key='web_description' ) LIMIT 1   [ RunTime:0.0000s ]
SQL: SELECT `config_value` FROM `tw_config` WHERE ( config_key='web_start' ) LIMIT 1   [ RunTime:0.0000s ]
SQL: SHOW COLUMNS FROM `tw_posts` [ RunTime:0.0000s ]
SQL: SELECT * FROM `tw_posts` WHERE ( posts_class=1 ) ORDER BY posts_edit_time DESC  [ RunTime:0.0000s ]
INFO: [ view_parse ] --START--
INFO: [ template_filter ] --START--
INFO: Run Behavior\ContentReplaceBehavior [ RunTime:0.000000s ]
INFO: [ template_filter ] --END-- [ RunTime:0.000000s ]
INFO: Run Behavior\ParseTemplateBehavior [ RunTime:0.015600s ]
INFO: [ view_parse ] --END-- [ RunTime:0.015600s ]
INFO: [ view_filter ] --START--
INFO: Run Behavior\WriteHtmlCacheBehavior [ RunTime:0.000000s ]
INFO: [ view_filter ] --END-- [ RunTime:0.000000s ]
INFO: [ app_end ] --START--
INFO: Run Behavior\ShowPageTraceBehavior [ RunTime:0.000000s ]
INFO: [ app_end ] --END-- [ RunTime:0.000000s ]

[ 2017-10-09T10:07:22+08:00 ] 127.0.0.1 /index.php/Home/Index/page/37
INFO: [ app_init ] --START--
INFO: Run Behavior\BuildLiteBehavior [ RunTime:0.000000s ]
INFO: [ app_init ] --END-- [ RunTime:0.001000s ]
INFO: [ app_begin ] --START--
INFO: Run Behavior\ReadHtmlCacheBehavior [ RunTime:0.001000s ]
INFO: [ app_begin ] --END-- [ RunTime:0.002000s ]
SQL: SHOW COLUMNS FROM `tw_config` [ RunTime:0.0030s ]
SQL: SELECT `config_value` FROM `tw_config` WHERE ( config_key='web_name' ) LIMIT 1   [ RunTime:0.0000s ]
SQL: SELECT `config_value` FROM `tw_config` WHERE ( config_key='web_footer' ) LIMIT 1   [ RunTime:0.0010s ]
SQL: SELECT `config_value` FROM `tw_config` WHERE ( config_key='web_keys' ) LIMIT 1   [ RunTime:0.0000s ]
SQL: SELECT `config_value` FROM `tw_config` WHERE ( config_key='web_description' ) LIMIT 1   [ RunTime:0.0000s ]
SQL: SELECT `config_value` FROM `tw_config` WHERE ( config_key='web_start' ) LIMIT 1   [ RunTime:0.0010s ]
SQL: SHOW COLUMNS FROM `tw_posts` [ RunTime:0.0030s ]
SQL: UPDATE `tw_posts` SET `posts_views`=posts_views+1 WHERE ( posts_id=37 ) [ RunTime:0.0420s ]
SQL: SELECT * FROM `tw_posts` WHERE ( posts_id=37 ) LIMIT 1   [ RunTime:0.0020s ]
SQL: SELECT `posts_id`,`posts_title` FROM `tw_posts` WHERE ( posts_class=1 AND posts_id<37 ) ORDER BY posts_id desc LIMIT 1   [ RunTime:0.0000s ]
SQL: SELECT `posts_id`,`posts_title` FROM `tw_posts` WHERE ( posts_class=1 AND posts_id>37 ) ORDER BY posts_id asc LIMIT 1   [ RunTime:0.0010s ]
INFO: [ view_parse ] --START--
INFO: [ template_filter ] --START--
INFO: Run Behavior\ContentReplaceBehavior [ RunTime:0.000000s ]
INFO: [ template_filter ] --END-- [ RunTime:0.000000s ]
INFO: Run Behavior\ParseTemplateBehavior [ RunTime:0.022000s ]
INFO: [ view_parse ] --END-- [ RunTime:0.022000s ]
INFO: [ view_filter ] --START--
INFO: Run Behavior\WriteHtmlCacheBehavior [ RunTime:0.000000s ]
INFO: [ view_filter ] --END-- [ RunTime:0.000000s ]
INFO: [ app_end ] --START--
INFO: Run Behavior\ShowPageTraceBehavior [ RunTime:0.001000s ]
INFO: [ app_end ] --END-- [ RunTime:0.001000s ]

[ 2017-10-09T10:07:25+08:00 ] 127.0.0.1 /index.php
INFO: [ app_init ] --START--
INFO: Run Behavior\BuildLiteBehavior [ RunTime:0.000000s ]
INFO: [ app_init ] --END-- [ RunTime:0.000000s ]
INFO: [ app_begin ] --START--
INFO: Run Behavior\ReadHtmlCacheBehavior [ RunTime:0.001000s ]
INFO: [ app_begin ] --END-- [ RunTime:0.001000s ]
SQL: SHOW COLUMNS FROM `tw_config` [ RunTime:0.0020s ]
SQL: SELECT `config_value` FROM `tw_config` WHERE ( config_key='web_name' ) LIMIT 1   [ RunTime:0.0010s ]
SQL: SELECT `config_value` FROM `tw_config` WHERE ( config_key='web_footer' ) LIMIT 1   [ RunTime:0.0000s ]
SQL: SELECT `config_value` FROM `tw_config` WHERE ( config_key='web_keys' ) LIMIT 1   [ RunTime:0.0010s ]
SQL: SELECT `config_value` FROM `tw_config` WHERE ( config_key='web_description' ) LIMIT 1   [ RunTime:0.0000s ]
SQL: SELECT `config_value` FROM `tw_config` WHERE ( config_key='web_start' ) LIMIT 1   [ RunTime:0.0010s ]
SQL: SHOW COLUMNS FROM `tw_pages` [ RunTime:0.0030s ]
SQL: SELECT `pages_content` FROM `tw_pages` WHERE ( pages_title='TWOWAY' ) LIMIT 1   [ RunTime:0.0010s ]
SQL: SHOW COLUMNS FROM `tw_banner` [ RunTime:0.0070s ]
SQL: SELECT * FROM `tw_banner` WHERE ( banner_state=1 ) ORDER BY banner_sort,banner_id ASC  [ RunTime:0.0000s ]
SQL: SHOW COLUMNS FROM `tw_posts` [ RunTime:0.0080s ]
SQL: SELECT * FROM `tw_posts` WHERE ( posts_class=1 ) ORDER BY posts_edit_time DESC LIMIT 0,8   [ RunTime:0.0010s ]
SQL: SELECT * FROM `tw_posts` WHERE ( posts_class=2 ) ORDER BY posts_edit_time DESC LIMIT 0,5   [ RunTime:0.0000s ]
SQL: SELECT * FROM `tw_posts` WHERE ( posts_class=3 ) ORDER BY posts_edit_time DESC LIMIT 0,5   [ RunTime:0.0010s ]
INFO: [ view_parse ] --START--
INFO: [ template_filter ] --START--
INFO: Run Behavior\ContentReplaceBehavior [ RunTime:0.000000s ]
INFO: [ template_filter ] --END-- [ RunTime:0.000000s ]
NOTIC: [8] Undefined variable: abouttitle E:\phpStudy\WWW\twoway\Application\Runtime\Cache\Home\d9f819b3b48479d96fea8a8f2f546a01.php 第 181 行.
INFO: Run Behavior\ParseTemplateBehavior [ RunTime:0.015000s ]
INFO: [ view_parse ] --END-- [ RunTime:0.015000s ]
INFO: [ view_filter ] --START--
INFO: Run Behavior\WriteHtmlCacheBehavior [ RunTime:0.000000s ]
INFO: [ view_filter ] --END-- [ RunTime:0.000000s ]
INFO: [ app_end ] --START--
INFO: Run Behavior\ShowPageTraceBehavior [ RunTime:0.001000s ]
INFO: [ app_end ] --END-- [ RunTime:0.001000s ]

[ 2017-10-09T10:07:25+08:00 ] 127.0.0.1 /index.php
INFO: [ app_init ] --START--
INFO: Run Behavior\BuildLiteBehavior [ RunTime:0.000000s ]
INFO: [ app_init ] --END-- [ RunTime:0.001000s ]
INFO: [ app_begin ] --START--
INFO: Run Behavior\ReadHtmlCacheBehavior [ RunTime:0.001000s ]
INFO: [ app_begin ] --END-- [ RunTime:0.001000s ]
SQL: SHOW COLUMNS FROM `tw_config` [ RunTime:0.0030s ]
SQL: SELECT `config_value` FROM `tw_config` WHERE ( config_key='web_name' ) LIMIT 1   [ RunTime:0.0010s ]
SQL: SELECT `config_value` FROM `tw_config` WHERE ( config_key='web_footer' ) LIMIT 1   [ RunTime:0.0000s ]
SQL: SELECT `config_value` FROM `tw_config` WHERE ( config_key='web_keys' ) LIMIT 1   [ RunTime:0.0000s ]
SQL: SELECT `config_value` FROM `tw_config` WHERE ( config_key='web_description' ) LIMIT 1   [ RunTime:0.0000s ]
SQL: SELECT `config_value` FROM `tw_config` WHERE ( config_key='web_start' ) LIMIT 1   [ RunTime:0.0000s ]
SQL: SHOW COLUMNS FROM `tw_pages` [ RunTime:0.0070s ]
SQL: SELECT `pages_content` FROM `tw_pages` WHERE ( pages_title='TWOWAY' ) LIMIT 1   [ RunTime:0.0000s ]
SQL: SHOW COLUMNS FROM `tw_banner` [ RunTime:0.0060s ]
SQL: SELECT * FROM `tw_banner` WHERE ( banner_state=1 ) ORDER BY banner_sort,banner_id ASC  [ RunTime:0.0000s ]
SQL: SHOW COLUMNS FROM `tw_posts` [ RunTime:0.0040s ]
SQL: SELECT * FROM `tw_posts` WHERE ( posts_class=1 ) ORDER BY posts_edit_time DESC LIMIT 0,8   [ RunTime:0.0000s ]
SQL: SELECT * FROM `tw_posts` WHERE ( posts_class=2 ) ORDER BY posts_edit_time DESC LIMIT 0,5   [ RunTime:0.0010s ]
SQL: SELECT * FROM `tw_posts` WHERE ( posts_class=3 ) ORDER BY posts_edit_time DESC LIMIT 0,5   [ RunTime:0.0000s ]
INFO: [ view_parse ] --START--
INFO: [ template_filter ] --START--
INFO: Run Behavior\ContentReplaceBehavior [ RunTime:0.000000s ]
INFO: [ template_filter ] --END-- [ RunTime:0.001000s ]
NOTIC: [8] Undefined variable: abouttitle E:\phpStudy\WWW\twoway\Application\Runtime\Cache\Home\d9f819b3b48479d96fea8a8f2f546a01.php 第 181 行.
INFO: Run Behavior\ParseTemplateBehavior [ RunTime:0.015000s ]
INFO: [ view_parse ] --END-- [ RunTime:0.015000s ]
INFO: [ view_filter ] --START--
INFO: Run Behavior\WriteHtmlCacheBehavior [ RunTime:0.001000s ]
INFO: [ view_filter ] --END-- [ RunTime:0.001000s ]
INFO: [ app_end ] --START--
INFO: Run Behavior\ShowPageTraceBehavior [ RunTime:0.001000s ]
INFO: [ app_end ] --END-- [ RunTime:0.001000s ]

[ 2017-10-09T10:07:25+08:00 ] 127.0.0.1 /index.php
INFO: [ app_init ] --START--
INFO: Run Behavior\BuildLiteBehavior [ RunTime:0.000000s ]
INFO: [ app_init ] --END-- [ RunTime:0.001000s ]
INFO: [ app_begin ] --START--
INFO: Run Behavior\ReadHtmlCacheBehavior [ RunTime:0.000000s ]
INFO: [ app_begin ] --END-- [ RunTime:0.001000s ]
SQL: SHOW COLUMNS FROM `tw_config` [ RunTime:0.0070s ]
SQL: SELECT `config_value` FROM `tw_config` WHERE ( config_key='web_name' ) LIMIT 1   [ RunTime:0.0000s ]
SQL: SELECT `config_value` FROM `tw_config` WHERE ( config_key='web_footer' ) LIMIT 1   [ RunTime:0.0000s ]
SQL: SELECT `config_value` FROM `tw_config` WHERE ( config_key='web_keys' ) LIMIT 1   [ RunTime:0.0000s ]
SQL: SELECT `config_value` FROM `tw_config` WHERE ( config_key='web_description' ) LIMIT 1   [ RunTime:0.0010s ]
SQL: SELECT `config_value` FROM `tw_config` WHERE ( config_key='web_start' ) LIMIT 1   [ RunTime:0.0000s ]
SQL: SHOW COLUMNS FROM `tw_pages` [ RunTime:0.0060s ]
SQL: SELECT `pages_content` FROM `tw_pages` WHERE ( pages_title='TWOWAY' ) LIMIT 1   [ RunTime:0.0000s ]
SQL: SHOW COLUMNS FROM `tw_banner` [ RunTime:0.0030s ]
SQL: SELECT * FROM `tw_banner` WHERE ( banner_state=1 ) ORDER BY banner_sort,banner_id ASC  [ RunTime:0.0000s ]
SQL: SHOW COLUMNS FROM `tw_posts` [ RunTime:0.0030s ]
SQL: SELECT * FROM `tw_posts` WHERE ( posts_class=1 ) ORDER BY posts_edit_time DESC LIMIT 0,8   [ RunTime:0.0010s ]
SQL: SELECT * FROM `tw_posts` WHERE ( posts_class=2 ) ORDER BY posts_edit_time DESC LIMIT 0,5   [ RunTime:0.0000s ]
SQL: SELECT * FROM `tw_posts` WHERE ( posts_class=3 ) ORDER BY posts_edit_time DESC LIMIT 0,5   [ RunTime:0.0000s ]
INFO: [ view_parse ] --START--
INFO: [ template_filter ] --START--
INFO: Run Behavior\ContentReplaceBehavior [ RunTime:0.000000s ]
INFO: [ template_filter ] --END-- [ RunTime:0.000000s ]
NOTIC: [8] Undefined variable: abouttitle E:\phpStudy\WWW\twoway\Application\Runtime\Cache\Home\d9f819b3b48479d96fea8a8f2f546a01.php 第 181 行.
INFO: Run Behavior\ParseTemplateBehavior [ RunTime:0.028000s ]
INFO: [ view_parse ] --END-- [ RunTime:0.028000s ]
INFO: [ view_filter ] --START--
INFO: Run Behavior\WriteHtmlCacheBehavior [ RunTime:0.001000s ]
INFO: [ view_filter ] --END-- [ RunTime:0.001000s ]
INFO: [ app_end ] --START--
INFO: Run Behavior\ShowPageTraceBehavior [ RunTime:0.001000s ]
INFO: [ app_end ] --END-- [ RunTime:0.001000s ]

[ 2017-10-09T10:07:25+08:00 ] 127.0.0.1 /index.php
INFO: [ app_init ] --START--
INFO: Run Behavior\BuildLiteBehavior [ RunTime:0.000000s ]
INFO: [ app_init ] --END-- [ RunTime:0.000000s ]
INFO: [ app_begin ] --START--
INFO: Run Behavior\ReadHtmlCacheBehavior [ RunTime:0.001000s ]
INFO: [ app_begin ] --END-- [ RunTime:0.001000s ]
SQL: SHOW COLUMNS FROM `tw_config` [ RunTime:0.0080s ]
SQL: SELECT `config_value` FROM `tw_config` WHERE ( config_key='web_name' ) LIMIT 1   [ RunTime:0.0000s ]
SQL: SELECT `config_value` FROM `tw_config` WHERE ( config_key='web_footer' ) LIMIT 1   [ RunTime:0.0000s ]
SQL: SELECT `config_value` FROM `tw_config` WHERE ( config_key='web_keys' ) LIMIT 1   [ RunTime:0.0000s ]
SQL: SELECT `config_value` FROM `tw_config` WHERE ( config_key='web_description' ) LIMIT 1   [ RunTime:0.0000s ]
SQL: SELECT `config_value` FROM `tw_config` WHERE ( config_key='web_start' ) LIMIT 1   [ RunTime:0.0010s ]
SQL: SHOW COLUMNS FROM `tw_pages` [ RunTime:0.0060s ]
SQL: SELECT `pages_content` FROM `tw_pages` WHERE ( pages_title='TWOWAY' ) LIMIT 1   [ RunTime:0.0000s ]
SQL: SHOW COLUMNS FROM `tw_banner` [ RunTime:0.0030s ]
SQL: SELECT * FROM `tw_banner` WHERE ( banner_state=1 ) ORDER BY banner_sort,banner_id ASC  [ RunTime:0.0010s ]
SQL: SHOW COLUMNS FROM `tw_posts` [ RunTime:0.0030s ]
SQL: SELECT * FROM `tw_posts` WHERE ( posts_class=1 ) ORDER BY posts_edit_time DESC LIMIT 0,8   [ RunTime:0.0010s ]
SQL: SELECT * FROM `tw_posts` WHERE ( posts_class=2 ) ORDER BY posts_edit_time DESC LIMIT 0,5   [ RunTime:0.0000s ]
SQL: SELECT * FROM `tw_posts` WHERE ( posts_class=3 ) ORDER BY posts_edit_time DESC LIMIT 0,5   [ RunTime:0.0010s ]
INFO: [ view_parse ] --START--
INFO: [ template_filter ] --START--
INFO: Run Behavior\ContentReplaceBehavior [ RunTime:0.000000s ]
INFO: [ template_filter ] --END-- [ RunTime:0.000000s ]
NOTIC: [8] Undefined variable: abouttitle E:\phpStudy\WWW\twoway\Application\Runtime\Cache\Home\d9f819b3b48479d96fea8a8f2f546a01.php 第 181 行.
INFO: Run Behavior\ParseTemplateBehavior [ RunTime:0.028000s ]
INFO: [ view_parse ] --END-- [ RunTime:0.028000s ]
INFO: [ view_filter ] --START--
INFO: Run Behavior\WriteHtmlCacheBehavior [ RunTime:0.001000s ]
INFO: [ view_filter ] --END-- [ RunTime:0.001000s ]
INFO: [ app_end ] --START--
INFO: Run Behavior\ShowPageTraceBehavior [ RunTime:0.001000s ]
INFO: [ app_end ] --END-- [ RunTime:0.001000s ]

[ 2017-10-09T10:07:25+08:00 ] 127.0.0.1 /index.php
INFO: [ app_init ] --START--
INFO: Run Behavior\BuildLiteBehavior [ RunTime:0.000000s ]
INFO: [ app_init ] --END-- [ RunTime:0.001000s ]
INFO: [ app_begin ] --START--
INFO: Run Behavior\ReadHtmlCacheBehavior [ RunTime:0.000000s ]
INFO: [ app_begin ] --END-- [ RunTime:0.000000s ]
SQL: SHOW COLUMNS FROM `tw_config` [ RunTime:0.0030s ]
SQL: SELECT `config_value` FROM `tw_config` WHERE ( config_key='web_name' ) LIMIT 1   [ RunTime:0.0000s ]
SQL: SELECT `config_value` FROM `tw_config` WHERE ( config_key='web_footer' ) LIMIT 1   [ RunTime:0.0010s ]
SQL: SELECT `config_value` FROM `tw_config` WHERE ( config_key='web_keys' ) LIMIT 1   [ RunTime:0.0000s ]
SQL: SELECT `config_value` FROM `tw_config` WHERE ( config_key='web_description' ) LIMIT 1   [ RunTime:0.0000s ]
SQL: SELECT `config_value` FROM `tw_config` WHERE ( config_key='web_start' ) LIMIT 1   [ RunTime:0.0010s ]
SQL: SHOW COLUMNS FROM `tw_pages` [ RunTime:0.0020s ]
SQL: SELECT `pages_content` FROM `tw_pages` WHERE ( pages_title='TWOWAY' ) LIMIT 1   [ RunTime:0.0010s ]
SQL: SHOW COLUMNS FROM `tw_banner` [ RunTime:0.0020s ]
SQL: SELECT * FROM `tw_banner` WHERE ( banner_state=1 ) ORDER BY banner_sort,banner_id ASC  [ RunTime:0.0000s ]
SQL: SHOW COLUMNS FROM `tw_posts` [ RunTime:0.0020s ]
SQL: SELECT * FROM `tw_posts` WHERE ( posts_class=1 ) ORDER BY posts_edit_time DESC LIMIT 0,8   [ RunTime:0.0000s ]
SQL: SELECT * FROM `tw_posts` WHERE ( posts_class=2 ) ORDER BY posts_edit_time DESC LIMIT 0,5   [ RunTime:0.0010s ]
SQL: SELECT * FROM `tw_posts` WHERE ( posts_class=3 ) ORDER BY posts_edit_time DESC LIMIT 0,5   [ RunTime:0.0010s ]
INFO: [ view_parse ] --START--
INFO: [ template_filter ] --START--
INFO: Run Behavior\ContentReplaceBehavior [ RunTime:0.000000s ]
INFO: [ template_filter ] --END-- [ RunTime:0.000000s ]
NOTIC: [8] Undefined variable: abouttitle E:\phpStudy\WWW\twoway\Application\Runtime\Cache\Home\d9f819b3b48479d96fea8a8f2f546a01.php 第 181 行.
INFO: Run Behavior\ParseTemplateBehavior [ RunTime:0.016000s ]
INFO: [ view_parse ] --END-- [ RunTime:0.016000s ]
INFO: [ view_filter ] --START--
INFO: Run Behavior\WriteHtmlCacheBehavior [ RunTime:0.001000s ]
INFO: [ view_filter ] --END-- [ RunTime:0.001000s ]
INFO: [ app_end ] --START--
INFO: Run Behavior\ShowPageTraceBehavior [ RunTime:0.001000s ]
INFO: [ app_end ] --END-- [ RunTime:0.001000s ]

[ 2017-10-09T10:07:33+08:00 ] 127.0.0.1 HTTP://127.0.0.75/
INFO: [ app_init ] --START--
INFO: Run Behavior\BuildLiteBehavior [ RunTime:0.000000s ]
INFO: [ app_init ] --END-- [ RunTime:0.001000s ]
INFO: [ app_begin ] --START--
INFO: Run Behavior\ReadHtmlCacheBehavior [ RunTime:0.001000s ]
INFO: [ app_begin ] --END-- [ RunTime:0.001000s ]
SQL: SHOW COLUMNS FROM `tw_config` [ RunTime:0.0030s ]
SQL: SELECT `config_value` FROM `tw_config` WHERE ( config_key='web_name' ) LIMIT 1   [ RunTime:0.0000s ]
SQL: SELECT `config_value` FROM `tw_config` WHERE ( config_key='web_footer' ) LIMIT 1   [ RunTime:0.0010s ]
SQL: SELECT `config_value` FROM `tw_config` WHERE ( config_key='web_keys' ) LIMIT 1   [ RunTime:0.0000s ]
SQL: SELECT `config_value` FROM `tw_config` WHERE ( config_key='web_description' ) LIMIT 1   [ RunTime:0.0000s ]
SQL: SELECT `config_value` FROM `tw_config` WHERE ( config_key='web_start' ) LIMIT 1   [ RunTime:0.0010s ]
SQL: SHOW COLUMNS FROM `tw_pages` [ RunTime:0.0020s ]
SQL: SELECT `pages_content` FROM `tw_pages` WHERE ( pages_title='TWOWAY' ) LIMIT 1   [ RunTime:0.0000s ]
SQL: SHOW COLUMNS FROM `tw_banner` [ RunTime:0.0020s ]
SQL: SELECT * FROM `tw_banner` WHERE ( banner_state=1 ) ORDER BY banner_sort,banner_id ASC  [ RunTime:0.0010s ]
SQL: SHOW COLUMNS FROM `tw_posts` [ RunTime:0.0020s ]
SQL: SELECT * FROM `tw_posts` WHERE ( posts_class=1 ) ORDER BY posts_edit_time DESC LIMIT 0,8   [ RunTime:0.0000s ]
SQL: SELECT * FROM `tw_posts` WHERE ( posts_class=2 ) ORDER BY posts_edit_time DESC LIMIT 0,5   [ RunTime:0.0010s ]
SQL: SELECT * FROM `tw_posts` WHERE ( posts_class=3 ) ORDER BY posts_edit_time DESC LIMIT 0,5   [ RunTime:0.0000s ]
INFO: [ view_parse ] --START--
INFO: [ template_filter ] --START--
INFO: Run Behavior\ContentReplaceBehavior [ RunTime:0.000000s ]
INFO: [ template_filter ] --END-- [ RunTime:0.001000s ]
NOTIC: [8] Undefined variable: abouttitle E:\phpStudy\WWW\twoway\Application\Runtime\Cache\Home\d9f819b3b48479d96fea8a8f2f546a01.php 第 181 行.
INFO: Run Behavior\ParseTemplateBehavior [ RunTime:0.016000s ]
INFO: [ view_parse ] --END-- [ RunTime:0.017000s ]
INFO: [ view_filter ] --START--
INFO: Run Behavior\WriteHtmlCacheBehavior [ RunTime:0.000000s ]
INFO: [ view_filter ] --END-- [ RunTime:0.001000s ]
INFO: [ app_end ] --START--
INFO: Run Behavior\ShowPageTraceBehavior [ RunTime:0.001000s ]
INFO: [ app_end ] --END-- [ RunTime:0.001000s ]

[ 2017-10-09T10:07:37+08:00 ] 127.0.0.1 /index.php
INFO: [ app_init ] --START--
INFO: Run Behavior\BuildLiteBehavior [ RunTime:0.000000s ]
INFO: [ app_init ] --END-- [ RunTime:0.000000s ]
INFO: [ app_begin ] --START--
INFO: Run Behavior\ReadHtmlCacheBehavior [ RunTime:0.001000s ]
INFO: [ app_begin ] --END-- [ RunTime:0.001000s ]
SQL: SHOW COLUMNS FROM `tw_config` [ RunTime:0.0020s ]
SQL: SELECT `config_value` FROM `tw_config` WHERE ( config_key='web_name' ) LIMIT 1   [ RunTime:0.0000s ]
SQL: SELECT `config_value` FROM `tw_config` WHERE ( config_key='web_footer' ) LIMIT 1   [ RunTime:0.0000s ]
SQL: SELECT `config_value` FROM `tw_config` WHERE ( config_key='web_keys' ) LIMIT 1   [ RunTime:0.0010s ]
SQL: SELECT `config_value` FROM `tw_config` WHERE ( config_key='web_description' ) LIMIT 1   [ RunTime:0.0000s ]
SQL: SELECT `config_value` FROM `tw_config` WHERE ( config_key='web_start' ) LIMIT 1   [ RunTime:0.0000s ]
SQL: SHOW COLUMNS FROM `tw_pages` [ RunTime:0.0030s ]
SQL: SELECT `pages_content` FROM `tw_pages` WHERE ( pages_title='TWOWAY' ) LIMIT 1   [ RunTime:0.0000s ]
SQL: SHOW COLUMNS FROM `tw_banner` [ RunTime:0.0020s ]
SQL: SELECT * FROM `tw_banner` WHERE ( banner_state=1 ) ORDER BY banner_sort,banner_id ASC  [ RunTime:0.0000s ]
SQL: SHOW COLUMNS FROM `tw_posts` [ RunTime:0.0020s ]
SQL: SELECT * FROM `tw_posts` WHERE ( posts_class=1 ) ORDER BY posts_edit_time DESC LIMIT 0,8   [ RunTime:0.0000s ]
SQL: SELECT * FROM `tw_posts` WHERE ( posts_class=2 ) ORDER BY posts_edit_time DESC LIMIT 0,5   [ RunTime:0.0010s ]
SQL: SELECT * FROM `tw_posts` WHERE ( posts_class=3 ) ORDER BY posts_edit_time DESC LIMIT 0,5   [ RunTime:0.0000s ]
INFO: [ view_parse ] --START--
INFO: [ template_filter ] --START--
INFO: Run Behavior\ContentReplaceBehavior [ RunTime:0.001000s ]
INFO: [ template_filter ] --END-- [ RunTime:0.001000s ]
NOTIC: [8] Undefined variable: abouttitle E:\phpStudy\WWW\twoway\Application\Runtime\Cache\Home\d9f819b3b48479d96fea8a8f2f546a01.php 第 181 行.
INFO: Run Behavior\ParseTemplateBehavior [ RunTime:0.015000s ]
INFO: [ view_parse ] --END-- [ RunTime:0.015000s ]
INFO: [ view_filter ] --START--
INFO: Run Behavior\WriteHtmlCacheBehavior [ RunTime:0.000000s ]
INFO: [ view_filter ] --END-- [ RunTime:0.001000s ]
INFO: [ app_end ] --START--
INFO: Run Behavior\ShowPageTraceBehavior [ RunTime:0.001000s ]
INFO: [ app_end ] --END-- [ RunTime:0.001000s ]

[ 2017-10-09T10:12:04+08:00 ] 127.0.0.1 /index.php/Home/Index/project.html
INFO: [ app_init ] --START--
INFO: Run Behavior\BuildLiteBehavior [ RunTime:0.000000s ]
INFO: [ app_init ] --END-- [ RunTime:0.000000s ]
INFO: [ app_begin ] --START--
INFO: Run Behavior\ReadHtmlCacheBehavior [ RunTime:0.001000s ]
INFO: [ app_begin ] --END-- [ RunTime:0.001000s ]
SQL: SHOW COLUMNS FROM `tw_config` [ RunTime:0.0030s ]
SQL: SELECT `config_value` FROM `tw_config` WHERE ( config_key='web_name' ) LIMIT 1   [ RunTime:0.0000s ]
SQL: SELECT `config_value` FROM `tw_config` WHERE ( config_key='web_footer' ) LIMIT 1   [ RunTime:0.0000s ]
SQL: SELECT `config_value` FROM `tw_config` WHERE ( config_key='web_keys' ) LIMIT 1   [ RunTime:0.0000s ]
SQL: SELECT `config_value` FROM `tw_config` WHERE ( config_key='web_description' ) LIMIT 1   [ RunTime:0.0000s ]
SQL: SELECT `config_value` FROM `tw_config` WHERE ( config_key='web_start' ) LIMIT 1   [ RunTime:0.0010s ]
SQL: SHOW COLUMNS FROM `tw_posts` [ RunTime:0.0020s ]
SQL: SELECT * FROM `tw_posts` WHERE ( posts_class=1 ) ORDER BY posts_edit_time DESC  [ RunTime:0.0010s ]
INFO: [ view_parse ] --START--
INFO: [ template_filter ] --START--
INFO: Run Behavior\ContentReplaceBehavior [ RunTime:0.000000s ]
INFO: [ template_filter ] --END-- [ RunTime:0.000000s ]
INFO: Run Behavior\ParseTemplateBehavior [ RunTime:0.010000s ]
INFO: [ view_parse ] --END-- [ RunTime:0.010000s ]
INFO: [ view_filter ] --START--
INFO: Run Behavior\WriteHtmlCacheBehavior [ RunTime:0.001000s ]
INFO: [ view_filter ] --END-- [ RunTime:0.001000s ]
INFO: [ app_end ] --START--
INFO: Run Behavior\ShowPageTraceBehavior [ RunTime:0.001000s ]
INFO: [ app_end ] --END-- [ RunTime:0.002000s ]

[ 2017-10-09T10:17:33+08:00 ] 127.0.0.1 /index.php/Home/Index/project.html
INFO: [ app_init ] --START--
INFO: Run Behavior\BuildLiteBehavior [ RunTime:0.000000s ]
INFO: [ app_init ] --END-- [ RunTime:0.001000s ]
INFO: [ app_begin ] --START--
INFO: Run Behavior\ReadHtmlCacheBehavior [ RunTime:0.001000s ]
INFO: [ app_begin ] --END-- [ RunTime:0.001000s ]
SQL: SHOW COLUMNS FROM `tw_config` [ RunTime:0.0020s ]
SQL: SELECT `config_value` FROM `tw_config` WHERE ( config_key='web_name' ) LIMIT 1   [ RunTime:0.0010s ]
SQL: SELECT `config_value` FROM `tw_config` WHERE ( config_key='web_footer' ) LIMIT 1   [ RunTime:0.0000s ]
SQL: SELECT `config_value` FROM `tw_config` WHERE ( config_key='web_keys' ) LIMIT 1   [ RunTime:0.0010s ]
SQL: SELECT `config_value` FROM `tw_config` WHERE ( config_key='web_description' ) LIMIT 1   [ RunTime:0.0000s ]
SQL: SELECT `config_value` FROM `tw_config` WHERE ( config_key='web_start' ) LIMIT 1   [ RunTime:0.0000s ]
SQL: SHOW COLUMNS FROM `tw_posts` [ RunTime:0.0020s ]
SQL: SELECT * FROM `tw_posts` WHERE ( posts_class=1 ) ORDER BY posts_edit_time DESC  [ RunTime:0.0000s ]
INFO: [ view_parse ] --START--
INFO: [ template_filter ] --START--
INFO: Run Behavior\ContentReplaceBehavior [ RunTime:0.000000s ]
INFO: [ template_filter ] --END-- [ RunTime:0.000000s ]
INFO: Run Behavior\ParseTemplateBehavior [ RunTime:0.010000s ]
INFO: [ view_parse ] --END-- [ RunTime:0.010000s ]
INFO: [ view_filter ] --START--
INFO: Run Behavior\WriteHtmlCacheBehavior [ RunTime:0.000000s ]
INFO: [ view_filter ] --END-- [ RunTime:0.000000s ]
INFO: [ app_end ] --START--
INFO: Run Behavior\ShowPageTraceBehavior [ RunTime:0.001000s ]
INFO: [ app_end ] --END-- [ RunTime:0.001000s ]

[ 2017-10-09T10:17:39+08:00 ] 127.0.0.1 /index.php/Home/Index/project.html
INFO: [ app_init ] --START--
INFO: Run Behavior\BuildLiteBehavior [ RunTime:0.000000s ]
INFO: [ app_init ] --END-- [ RunTime:0.001000s ]
INFO: [ app_begin ] --START--
INFO: Run Behavior\ReadHtmlCacheBehavior [ RunTime:0.001000s ]
INFO: [ app_begin ] --END-- [ RunTime:0.001000s ]
SQL: SHOW COLUMNS FROM `tw_config` [ RunTime:0.0020s ]
SQL: SELECT `config_value` FROM `tw_config` WHERE ( config_key='web_name' ) LIMIT 1   [ RunTime:0.0010s ]
SQL: SELECT `config_value` FROM `tw_config` WHERE ( config_key='web_footer' ) LIMIT 1   [ RunTime:0.0000s ]
SQL: SELECT `config_value` FROM `tw_config` WHERE ( config_key='web_keys' ) LIMIT 1   [ RunTime:0.0000s ]
SQL: SELECT `config_value` FROM `tw_config` WHERE ( config_key='web_description' ) LIMIT 1   [ RunTime:0.0000s ]
SQL: SELECT `config_value` FROM `tw_config` WHERE ( config_key='web_start' ) LIMIT 1   [ RunTime:0.0000s ]
SQL: SHOW COLUMNS FROM `tw_posts` [ RunTime:0.0030s ]
SQL: SELECT * FROM `tw_posts` WHERE ( posts_class=1 ) ORDER BY posts_edit_time DESC  [ RunTime:0.0000s ]
INFO: [ view_parse ] --START--
INFO: [ template_filter ] --START--
INFO: Run Behavior\ContentReplaceBehavior [ RunTime:0.000000s ]
INFO: [ template_filter ] --END-- [ RunTime:0.000000s ]
INFO: Run Behavior\ParseTemplateBehavior [ RunTime:0.009000s ]
INFO: [ view_parse ] --END-- [ RunTime:0.010000s ]
INFO: [ view_filter ] --START--
INFO: Run Behavior\WriteHtmlCacheBehavior [ RunTime:0.000000s ]
INFO: [ view_filter ] --END-- [ RunTime:0.000000s ]
INFO: [ app_end ] --START--
INFO: Run Behavior\ShowPageTraceBehavior [ RunTime:0.001000s ]
INFO: [ app_end ] --END-- [ RunTime:0.001000s ]

[ 2017-10-09T10:19:30+08:00 ] 127.0.0.1 /index.php/Home/Index/project.html
INFO: [ app_init ] --START--
INFO: Run Behavior\BuildLiteBehavior [ RunTime:0.000000s ]
INFO: [ app_init ] --END-- [ RunTime:0.000000s ]
INFO: [ app_begin ] --START--
INFO: Run Behavior\ReadHtmlCacheBehavior [ RunTime:0.000000s ]
INFO: [ app_begin ] --END-- [ RunTime:0.000000s ]
SQL: SHOW COLUMNS FROM `tw_config` [ RunTime:0.0030s ]
SQL: SELECT `config_value` FROM `tw_config` WHERE ( config_key='web_name' ) LIMIT 1   [ RunTime:0.0000s ]
SQL: SELECT `config_value` FROM `tw_config` WHERE ( config_key='web_footer' ) LIMIT 1   [ RunTime:0.0010s ]
SQL: SELECT `config_value` FROM `tw_config` WHERE ( config_key='web_keys' ) LIMIT 1   [ RunTime:0.0000s ]
SQL: SELECT `config_value` FROM `tw_config` WHERE ( config_key='web_description' ) LIMIT 1   [ RunTime:0.0000s ]
SQL: SELECT `config_value` FROM `tw_config` WHERE ( config_key='web_start' ) LIMIT 1   [ RunTime:0.0010s ]
SQL: SHOW COLUMNS FROM `tw_posts` [ RunTime:0.0020s ]
SQL: SELECT * FROM `tw_posts` WHERE ( posts_class=1 ) ORDER BY posts_edit_time DESC  [ RunTime:0.0010s ]
INFO: [ view_parse ] --START--
INFO: [ template_filter ] --START--
INFO: Run Behavior\ContentReplaceBehavior [ RunTime:0.000000s ]
INFO: [ template_filter ] --END-- [ RunTime:0.000000s ]
INFO: Run Behavior\ParseTemplateBehavior [ RunTime:0.011000s ]
INFO: [ view_parse ] --END-- [ RunTime:0.011000s ]
INFO: [ view_filter ] --START--
INFO: Run Behavior\WriteHtmlCacheBehavior [ RunTime:0.000000s ]
INFO: [ view_filter ] --END-- [ RunTime:0.000000s ]
INFO: [ app_end ] --START--
INFO: Run Behavior\ShowPageTraceBehavior [ RunTime:0.001000s ]
INFO: [ app_end ] --END-- [ RunTime:0.001000s ]

[ 2017-10-09T10:20:00+08:00 ] 127.0.0.1 /index.php/Home/Index/project.html
INFO: [ app_init ] --START--
INFO: Run Behavior\BuildLiteBehavior [ RunTime:0.000000s ]
INFO: [ app_init ] --END-- [ RunTime:0.000000s ]
INFO: [ app_begin ] --START--
INFO: Run Behavior\ReadHtmlCacheBehavior [ RunTime:0.001000s ]
INFO: [ app_begin ] --END-- [ RunTime:0.001000s ]
SQL: SHOW COLUMNS FROM `tw_config` [ RunTime:0.0020s ]
SQL: SELECT `config_value` FROM `tw_config` WHERE ( config_key='web_name' ) LIMIT 1   [ RunTime:0.0000s ]
SQL: SELECT `config_value` FROM `tw_config` WHERE ( config_key='web_footer' ) LIMIT 1   [ RunTime:0.0000s ]
SQL: SELECT `config_value` FROM `tw_config` WHERE ( config_key='web_keys' ) LIMIT 1   [ RunTime:0.0000s ]
SQL: SELECT `config_value` FROM `tw_config` WHERE ( config_key='web_description' ) LIMIT 1   [ RunTime:0.0010s ]
SQL: SELECT `config_value` FROM `tw_config` WHERE ( config_key='web_start' ) LIMIT 1   [ RunTime:0.0000s ]
SQL: SHOW COLUMNS FROM `tw_posts` [ RunTime:0.0030s ]
SQL: SELECT * FROM `tw_posts` WHERE ( posts_class=1 ) ORDER BY posts_edit_time DESC  [ RunTime:0.0000s ]
INFO: [ view_parse ] --START--
INFO: [ template_filter ] --START--
INFO: Run Behavior\ContentReplaceBehavior [ RunTime:0.000000s ]
INFO: [ template_filter ] --END-- [ RunTime:0.001000s ]
INFO: Run Behavior\ParseTemplateBehavior [ RunTime:0.011000s ]
INFO: [ view_parse ] --END-- [ RunTime:0.011000s ]
INFO: [ view_filter ] --START--
INFO: Run Behavior\WriteHtmlCacheBehavior [ RunTime:0.000000s ]
INFO: [ view_filter ] --END-- [ RunTime:0.000000s ]
INFO: [ app_end ] --START--
INFO: Run Behavior\ShowPageTraceBehavior [ RunTime:0.001000s ]
INFO: [ app_end ] --END-- [ RunTime:0.001000s ]

[ 2017-10-09T10:21:38+08:00 ] 127.0.0.1 /index.php/Home/index/shanghai.html
INFO: [ app_init ] --START--
INFO: Run Behavior\BuildLiteBehavior [ RunTime:0.000000s ]
INFO: [ app_init ] --END-- [ RunTime:0.001000s ]
INFO: [ app_begin ] --START--
INFO: Run Behavior\ReadHtmlCacheBehavior [ RunTime:0.000000s ]
INFO: [ app_begin ] --END-- [ RunTime:0.000000s ]
SQL: SHOW COLUMNS FROM `tw_config` [ RunTime:0.0020s ]
SQL: SELECT `config_value` FROM `tw_config` WHERE ( config_key='web_name' ) LIMIT 1   [ RunTime:0.0010s ]
SQL: SELECT `config_value` FROM `tw_config` WHERE ( config_key='web_footer' ) LIMIT 1   [ RunTime:0.0000s ]
SQL: SELECT `config_value` FROM `tw_config` WHERE ( config_key='web_keys' ) LIMIT 1   [ RunTime:0.0010s ]
SQL: SELECT `config_value` FROM `tw_config` WHERE ( config_key='web_description' ) LIMIT 1   [ RunTime:0.0000s ]
SQL: SELECT `config_value` FROM `tw_config` WHERE ( config_key='web_start' ) LIMIT 1   [ RunTime:0.0010s ]
SQL: SHOW COLUMNS FROM `tw_posts` [ RunTime:0.0030s ]
SQL: SELECT * FROM `tw_posts` WHERE ( posts_class=1 ) ORDER BY posts_edit_time DESC  [ RunTime:0.0010s ]
INFO: [ view_parse ] --START--
INFO: [ template_filter ] --START--
INFO: Run Behavior\ContentReplaceBehavior [ RunTime:0.001000s ]
INFO: [ template_filter ] --END-- [ RunTime:0.001000s ]
INFO: Run Behavior\ParseTemplateBehavior [ RunTime:0.009000s ]
INFO: [ view_parse ] --END-- [ RunTime:0.009000s ]
INFO: [ view_filter ] --START--
INFO: Run Behavior\WriteHtmlCacheBehavior [ RunTime:0.001000s ]
INFO: [ view_filter ] --END-- [ RunTime:0.001000s ]
INFO: [ app_end ] --START--
INFO: Run Behavior\ShowPageTraceBehavior [ RunTime:0.001000s ]
INFO: [ app_end ] --END-- [ RunTime:0.001000s ]

[ 2017-10-09T10:21:43+08:00 ] 127.0.0.1 /index.php/Home/index.html
INFO: [ app_init ] --START--
INFO: Run Behavior\BuildLiteBehavior [ RunTime:0.000000s ]
INFO: [ app_init ] --END-- [ RunTime:0.000000s ]
INFO: [ app_begin ] --START--
INFO: Run Behavior\ReadHtmlCacheBehavior [ RunTime:0.001000s ]
INFO: [ app_begin ] --END-- [ RunTime:0.001000s ]
SQL: SHOW COLUMNS FROM `tw_config` [ RunTime:0.0020s ]
SQL: SELECT `config_value` FROM `tw_config` WHERE ( config_key='web_name' ) LIMIT 1   [ RunTime:0.0000s ]
SQL: SELECT `config_value` FROM `tw_config` WHERE ( config_key='web_footer' ) LIMIT 1   [ RunTime:0.0000s ]
SQL: SELECT `config_value` FROM `tw_config` WHERE ( config_key='web_keys' ) LIMIT 1   [ RunTime:0.0010s ]
SQL: SELECT `config_value` FROM `tw_config` WHERE ( config_key='web_description' ) LIMIT 1   [ RunTime:0.0000s ]
SQL: SELECT `config_value` FROM `tw_config` WHERE ( config_key='web_start' ) LIMIT 1   [ RunTime:0.0010s ]
SQL: SHOW COLUMNS FROM `tw_pages` [ RunTime:0.0030s ]
SQL: SELECT `pages_content` FROM `tw_pages` WHERE ( pages_title='TWOWAY' ) LIMIT 1   [ RunTime:0.0010s ]
SQL: SHOW COLUMNS FROM `tw_banner` [ RunTime:0.0020s ]
SQL: SELECT * FROM `tw_banner` WHERE ( banner_state=1 ) ORDER BY banner_sort,banner_id ASC  [ RunTime:0.0000s ]
SQL: SHOW COLUMNS FROM `tw_posts` [ RunTime:0.0020s ]
SQL: SELECT * FROM `tw_posts` WHERE ( posts_class=1 ) ORDER BY posts_edit_time DESC LIMIT 0,8   [ RunTime:0.0010s ]
SQL: SELECT * FROM `tw_posts` WHERE ( posts_class=2 ) ORDER BY posts_edit_time DESC LIMIT 0,5   [ RunTime:0.0000s ]
SQL: SELECT * FROM `tw_posts` WHERE ( posts_class=3 ) ORDER BY posts_edit_time DESC LIMIT 0,5   [ RunTime:0.0000s ]
INFO: [ view_parse ] --START--
INFO: [ template_filter ] --START--
INFO: Run Behavior\ContentReplaceBehavior [ RunTime:0.000000s ]
INFO: [ template_filter ] --END-- [ RunTime:0.000000s ]
NOTIC: [8] Undefined variable: abouttitle E:\phpStudy\WWW\twoway\Application\Runtime\Cache\Home\d9f819b3b48479d96fea8a8f2f546a01.php 第 181 行.
INFO: Run Behavior\ParseTemplateBehavior [ RunTime:0.015000s ]
INFO: [ view_parse ] --END-- [ RunTime:0.015000s ]
INFO: [ view_filter ] --START--
INFO: Run Behavior\WriteHtmlCacheBehavior [ RunTime:0.000000s ]
INFO: [ view_filter ] --END-- [ RunTime:0.000000s ]
INFO: [ app_end ] --START--
INFO: Run Behavior\ShowPageTraceBehavior [ RunTime:0.001000s ]
INFO: [ app_end ] --END-- [ RunTime:0.001000s ]

[ 2017-10-09T10:23:56+08:00 ] 127.0.0.1 /index.php/Home/index/shanghai.html
INFO: [ app_init ] --START--
INFO: Run Behavior\BuildLiteBehavior [ RunTime:0.000000s ]
INFO: [ app_init ] --END-- [ RunTime:0.001000s ]
INFO: [ app_begin ] --START--
INFO: Run Behavior\ReadHtmlCacheBehavior [ RunTime:0.000000s ]
INFO: [ app_begin ] --END-- [ RunTime:0.000000s ]
SQL: SHOW COLUMNS FROM `tw_config` [ RunTime:0.0030s ]
SQL: SELECT `config_value` FROM `tw_config` WHERE ( config_key='web_name' ) LIMIT 1   [ RunTime:0.0010s ]
SQL: SELECT `config_value` FROM `tw_config` WHERE ( config_key='web_footer' ) LIMIT 1   [ RunTime:0.0000s ]
SQL: SELECT `config_value` FROM `tw_config` WHERE ( config_key='web_keys' ) LIMIT 1   [ RunTime:0.0010s ]
SQL: SELECT `config_value` FROM `tw_config` WHERE ( config_key='web_description' ) LIMIT 1   [ RunTime:0.0000s ]
SQL: SELECT `config_value` FROM `tw_config` WHERE ( config_key='web_start' ) LIMIT 1   [ RunTime:0.0010s ]
SQL: SHOW COLUMNS FROM `tw_posts` [ RunTime:0.0020s ]
SQL: SELECT * FROM `tw_posts` WHERE ( posts_class=1 ) ORDER BY posts_edit_time DESC  [ RunTime:0.0010s ]
INFO: [ view_parse ] --START--
INFO: [ template_filter ] --START--
INFO: Run Behavior\ContentReplaceBehavior [ RunTime:0.001000s ]
INFO: [ template_filter ] --END-- [ RunTime:0.001000s ]
INFO: Run Behavior\ParseTemplateBehavior [ RunTime:0.013000s ]
INFO: [ view_parse ] --END-- [ RunTime:0.013000s ]
INFO: [ view_filter ] --START--
INFO: Run Behavior\WriteHtmlCacheBehavior [ RunTime:0.000000s ]
INFO: [ view_filter ] --END-- [ RunTime:0.000000s ]
INFO: [ app_end ] --START--
INFO: Run Behavior\ShowPageTraceBehavior [ RunTime:0.000000s ]
INFO: [ app_end ] --END-- [ RunTime:0.001000s ]

[ 2017-10-09T10:25:35+08:00 ] 127.0.0.1 /index.php/Home/index/shanghai.html
INFO: [ app_init ] --START--
INFO: Run Behavior\BuildLiteBehavior [ RunTime:0.000000s ]
INFO: [ app_init ] --END-- [ RunTime:0.001000s ]
INFO: [ app_begin ] --START--
INFO: Run Behavior\ReadHtmlCacheBehavior [ RunTime:0.001000s ]
INFO: [ app_begin ] --END-- [ RunTime:0.001000s ]
SQL: SHOW COLUMNS FROM `tw_config` [ RunTime:0.0020s ]
SQL: SELECT `config_value` FROM `tw_config` WHERE ( config_key='web_name' ) LIMIT 1   [ RunTime:0.0000s ]
SQL: SELECT `config_value` FROM `tw_config` WHERE ( config_key='web_footer' ) LIMIT 1   [ RunTime:0.0000s ]
SQL: SELECT `config_value` FROM `tw_config` WHERE ( config_key='web_keys' ) LIMIT 1   [ RunTime:0.0010s ]
SQL: SELECT `config_value` FROM `tw_config` WHERE ( config_key='web_description' ) LIMIT 1   [ RunTime:0.0000s ]
SQL: SELECT `config_value` FROM `tw_config` WHERE ( config_key='web_start' ) LIMIT 1   [ RunTime:0.0010s ]
SQL: SHOW COLUMNS FROM `tw_posts` [ RunTime:0.0020s ]
SQL: SELECT * FROM `tw_posts` WHERE ( posts_class=4 ) ORDER BY posts_edit_time DESC  [ RunTime:0.0020s ]
INFO: [ view_parse ] --START--
INFO: [ template_filter ] --START--
INFO: Run Behavior\ContentReplaceBehavior [ RunTime:0.000000s ]
INFO: [ template_filter ] --END-- [ RunTime:0.000000s ]
INFO: Run Behavior\ParseTemplateBehavior [ RunTime:0.011000s ]
INFO: [ view_parse ] --END-- [ RunTime:0.011000s ]
INFO: [ view_filter ] --START--
INFO: Run Behavior\WriteHtmlCacheBehavior [ RunTime:0.001000s ]
INFO: [ view_filter ] --END-- [ RunTime:0.001000s ]
INFO: [ app_end ] --START--
INFO: Run Behavior\ShowPageTraceBehavior [ RunTime:0.001000s ]
INFO: [ app_end ] --END-- [ RunTime:0.001000s ]

[ 2017-10-09T10:28:14+08:00 ] 127.0.0.1 /index.php/Home/index/shanghai.html
INFO: [ app_init ] --START--
INFO: Run Behavior\BuildLiteBehavior [ RunTime:0.000000s ]
INFO: [ app_init ] --END-- [ RunTime:0.000000s ]
INFO: [ app_begin ] --START--
INFO: Run Behavior\ReadHtmlCacheBehavior [ RunTime:0.001000s ]
INFO: [ app_begin ] --END-- [ RunTime:0.001000s ]
SQL: SHOW COLUMNS FROM `tw_config` [ RunTime:0.0030s ]
SQL: SELECT `config_value` FROM `tw_config` WHERE ( config_key='web_name' ) LIMIT 1   [ RunTime:0.0000s ]
SQL: SELECT `config_value` FROM `tw_config` WHERE ( config_key='web_footer' ) LIMIT 1   [ RunTime:0.0000s ]
SQL: SELECT `config_value` FROM `tw_config` WHERE ( config_key='web_keys' ) LIMIT 1   [ RunTime:0.0000s ]
SQL: SELECT `config_value` FROM `tw_config` WHERE ( config_key='web_description' ) LIMIT 1   [ RunTime:0.0000s ]
SQL: SELECT `config_value` FROM `tw_config` WHERE ( config_key='web_start' ) LIMIT 1   [ RunTime:0.0010s ]
SQL: SHOW COLUMNS FROM `tw_posts` [ RunTime:0.0030s ]
SQL: SELECT * FROM `tw_posts` WHERE ( posts_class=4 ) ORDER BY posts_edit_time DESC  [ RunTime:0.0000s ]
INFO: [ view_parse ] --START--
INFO: [ template_filter ] --START--
INFO: Run Behavior\ContentReplaceBehavior [ RunTime:0.000000s ]
INFO: [ template_filter ] --END-- [ RunTime:0.000000s ]
INFO: Run Behavior\ParseTemplateBehavior [ RunTime:0.008000s ]
INFO: [ view_parse ] --END-- [ RunTime:0.008000s ]
INFO: [ view_filter ] --START--
INFO: Run Behavior\WriteHtmlCacheBehavior [ RunTime:0.001000s ]
INFO: [ view_filter ] --END-- [ RunTime:0.001000s ]
INFO: [ app_end ] --START--
INFO: Run Behavior\ShowPageTraceBehavior [ RunTime:0.001000s ]
INFO: [ app_end ] --END-- [ RunTime:0.001000s ]

[ 2017-10-09T10:28:16+08:00 ] 127.0.0.1 /index.php/Home/index.html
INFO: [ app_init ] --START--
INFO: Run Behavior\BuildLiteBehavior [ RunTime:0.000000s ]
INFO: [ app_init ] --END-- [ RunTime:0.001000s ]
INFO: [ app_begin ] --START--
INFO: Run Behavior\ReadHtmlCacheBehavior [ RunTime:0.002000s ]
INFO: [ app_begin ] --END-- [ RunTime:0.002000s ]
SQL: SHOW COLUMNS FROM `tw_config` [ RunTime:0.0030s ]
SQL: SELECT `config_value` FROM `tw_config` WHERE ( config_key='web_name' ) LIMIT 1   [ RunTime:0.0000s ]
SQL: SELECT `config_value` FROM `tw_config` WHERE ( config_key='web_footer' ) LIMIT 1   [ RunTime:0.0000s ]
SQL: SELECT `config_value` FROM `tw_config` WHERE ( config_key='web_keys' ) LIMIT 1   [ RunTime:0.0000s ]
SQL: SELECT `config_value` FROM `tw_config` WHERE ( config_key='web_description' ) LIMIT 1   [ RunTime:0.0000s ]
SQL: SELECT `config_value` FROM `tw_config` WHERE ( config_key='web_start' ) LIMIT 1   [ RunTime:0.0010s ]
SQL: SHOW COLUMNS FROM `tw_pages` [ RunTime:0.0020s ]
SQL: SELECT `pages_content` FROM `tw_pages` WHERE ( pages_title='TWOWAY' ) LIMIT 1   [ RunTime:0.0000s ]
SQL: SHOW COLUMNS FROM `tw_banner` [ RunTime:0.0020s ]
SQL: SELECT * FROM `tw_banner` WHERE ( banner_state=1 ) ORDER BY banner_sort,banner_id ASC  [ RunTime:0.0000s ]
SQL: SHOW COLUMNS FROM `tw_posts` [ RunTime:0.0030s ]
SQL: SELECT * FROM `tw_posts` WHERE ( posts_class=1 ) ORDER BY posts_edit_time DESC LIMIT 0,8   [ RunTime:0.0000s ]
SQL: SELECT * FROM `tw_posts` WHERE ( posts_class=2 ) ORDER BY posts_edit_time DESC LIMIT 0,5   [ RunTime:0.0010s ]
SQL: SELECT * FROM `tw_posts` WHERE ( posts_class=3 ) ORDER BY posts_edit_time DESC LIMIT 0,5   [ RunTime:0.0000s ]
INFO: [ view_parse ] --START--
INFO: [ template_filter ] --START--
INFO: Run Behavior\ContentReplaceBehavior [ RunTime:0.000000s ]
INFO: [ template_filter ] --END-- [ RunTime:0.000000s ]
NOTIC: [8] Undefined variable: abouttitle E:\phpStudy\WWW\twoway\Application\Runtime\Cache\Home\d9f819b3b48479d96fea8a8f2f546a01.php 第 181 行.
INFO: Run Behavior\ParseTemplateBehavior [ RunTime:0.015000s ]
INFO: [ view_parse ] --END-- [ RunTime:0.015000s ]
INFO: [ view_filter ] --START--
INFO: Run Behavior\WriteHtmlCacheBehavior [ RunTime:0.001000s ]
INFO: [ view_filter ] --END-- [ RunTime:0.001000s ]
INFO: [ app_end ] --START--
INFO: Run Behavior\ShowPageTraceBehavior [ RunTime:0.001000s ]
INFO: [ app_end ] --END-- [ RunTime:0.001000s ]

[ 2017-10-09T10:28:21+08:00 ] 127.0.0.1 /index.php/Home/index/shanghai.html
INFO: [ app_init ] --START--
INFO: Run Behavior\BuildLiteBehavior [ RunTime:0.000000s ]
INFO: [ app_init ] --END-- [ RunTime:0.000000s ]
INFO: [ app_begin ] --START--
INFO: Run Behavior\ReadHtmlCacheBehavior [ RunTime:0.001000s ]
INFO: [ app_begin ] --END-- [ RunTime:0.001000s ]
SQL: SHOW COLUMNS FROM `tw_config` [ RunTime:0.0030s ]
SQL: SELECT `config_value` FROM `tw_config` WHERE ( config_key='web_name' ) LIMIT 1   [ RunTime:0.0000s ]
SQL: SELECT `config_value` FROM `tw_config` WHERE ( config_key='web_footer' ) LIMIT 1   [ RunTime:0.0010s ]
SQL: SELECT `config_value` FROM `tw_config` WHERE ( config_key='web_keys' ) LIMIT 1   [ RunTime:0.0000s ]
SQL: SELECT `config_value` FROM `tw_config` WHERE ( config_key='web_description' ) LIMIT 1   [ RunTime:0.0000s ]
SQL: SELECT `config_value` FROM `tw_config` WHERE ( config_key='web_start' ) LIMIT 1   [ RunTime:0.0010s ]
SQL: SHOW COLUMNS FROM `tw_posts` [ RunTime:0.0020s ]
SQL: SELECT * FROM `tw_posts` WHERE ( posts_class=4 ) ORDER BY posts_edit_time DESC  [ RunTime:0.0000s ]
INFO: [ view_parse ] --START--
INFO: [ template_filter ] --START--
INFO: Run Behavior\ContentReplaceBehavior [ RunTime:0.000000s ]
INFO: [ template_filter ] --END-- [ RunTime:0.000000s ]
INFO: Run Behavior\ParseTemplateBehavior [ RunTime:0.009000s ]
INFO: [ view_parse ] --END-- [ RunTime:0.009000s ]
INFO: [ view_filter ] --START--
INFO: Run Behavior\WriteHtmlCacheBehavior [ RunTime:0.001000s ]
INFO: [ view_filter ] --END-- [ RunTime:0.001000s ]
INFO: [ app_end ] --START--
INFO: Run Behavior\ShowPageTraceBehavior [ RunTime:0.000000s ]
INFO: [ app_end ] --END-- [ RunTime:0.000000s ]

