[ 2017-08-01T08:58:51+08:00 ] 127.0.0.1 /fdsa
INFO: [ app_init ] --START--
INFO: Run Behavior\BuildLiteBehavior [ RunTime:0.000000s ]
INFO: [ app_init ] --END-- [ RunTime:0.001000s ]
ERR: 无法加载模块:Fdsa

[ 2017-08-01T08:58:51+08:00 ] 127.0.0.1 /Public/upload/images/thumb_1501123666_676_460.png
INFO: [ app_init ] --START--
INFO: Run Behavior\BuildLiteBehavior [ RunTime:0.000000s ]
INFO: [ app_init ] --END-- [ RunTime:0.000000s ]
ERR: 无法加载模块:Public

[ 2017-08-01T08:58:51+08:00 ] 127.0.0.1 /Public/upload/images/thumb_1501123517_676_460.png
INFO: [ app_init ] --START--
INFO: Run Behavior\BuildLiteBehavior [ RunTime:0.000000s ]
INFO: [ app_init ] --END-- [ RunTime:0.000000s ]
ERR: 无法加载模块:Public

[ 2017-08-01T08:58:51+08:00 ] 127.0.0.1 /Public/upload/images/thumb_1501124848_676_460.png
INFO: [ app_init ] --START--
INFO: Run Behavior\BuildLiteBehavior [ RunTime:0.000000s ]
INFO: [ app_init ] --END-- [ RunTime:0.000000s ]
ERR: 无法加载模块:Public

[ 2017-08-01T08:58:51+08:00 ] 127.0.0.1 /Public/upload/images/thumb_1501123641_676_460.png
INFO: [ app_init ] --START--
INFO: Run Behavior\BuildLiteBehavior [ RunTime:0.000000s ]
INFO: [ app_init ] --END-- [ RunTime:0.000000s ]
ERR: 无法加载模块:Public

[ 2017-08-01T08:58:51+08:00 ] 127.0.0.1 /Public/upload/images/thumb_1501123703_676_460.png
INFO: [ app_init ] --START--
INFO: Run Behavior\BuildLiteBehavior [ RunTime:0.000000s ]
INFO: [ app_init ] --END-- [ RunTime:0.001000s ]
ERR: 无法加载模块:Public

[ 2017-08-01T08:58:51+08:00 ] 127.0.0.1 /Public/upload/images/thumb_1501124086_676_460.png
INFO: [ app_init ] --START--
INFO: Run Behavior\BuildLiteBehavior [ RunTime:0.000000s ]
INFO: [ app_init ] --END-- [ RunTime:0.000000s ]
ERR: 无法加载模块:Public

[ 2017-08-01T08:58:51+08:00 ] 127.0.0.1 /Public/upload/images/thumb_1501123479_676_460.png
INFO: [ app_init ] --START--
INFO: Run Behavior\BuildLiteBehavior [ RunTime:0.000000s ]
INFO: [ app_init ] --END-- [ RunTime:0.001000s ]
ERR: 无法加载模块:Public

[ 2017-08-01T08:58:54+08:00 ] 127.0.0.1 /Public/upload/images/thumb_1501124848_676_460.png
INFO: [ app_init ] --START--
INFO: Run Behavior\BuildLiteBehavior [ RunTime:0.000000s ]
INFO: [ app_init ] --END-- [ RunTime:0.000000s ]
ERR: 无法加载模块:Public

[ 2017-08-01T08:58:54+08:00 ] 127.0.0.1 /fdsa
INFO: [ app_init ] --START--
INFO: Run Behavior\BuildLiteBehavior [ RunTime:0.000000s ]
INFO: [ app_init ] --END-- [ RunTime:0.000000s ]
ERR: 无法加载模块:Fdsa

[ 2017-08-01T08:58:54+08:00 ] 127.0.0.1 /Public/upload/images/thumb_1501123641_676_460.png
INFO: [ app_init ] --START--
INFO: Run Behavior\BuildLiteBehavior [ RunTime:0.000000s ]
INFO: [ app_init ] --END-- [ RunTime:0.000000s ]
ERR: 无法加载模块:Public

[ 2017-08-01T08:58:54+08:00 ] 127.0.0.1 /Public/upload/images/thumb_1501123479_676_460.png
INFO: [ app_init ] --START--
INFO: Run Behavior\BuildLiteBehavior [ RunTime:0.000000s ]
INFO: [ app_init ] --END-- [ RunTime:0.001000s ]
ERR: 无法加载模块:Public

[ 2017-08-01T08:58:54+08:00 ] 127.0.0.1 /Public/upload/images/thumb_1501123666_676_460.png
INFO: [ app_init ] --START--
INFO: Run Behavior\BuildLiteBehavior [ RunTime:0.000000s ]
INFO: [ app_init ] --END-- [ RunTime:0.001000s ]
ERR: 无法加载模块:Public

[ 2017-08-01T08:58:54+08:00 ] 127.0.0.1 /Public/upload/images/thumb_1501123517_676_460.png
INFO: [ app_init ] --START--
INFO: Run Behavior\BuildLiteBehavior [ RunTime:0.000000s ]
INFO: [ app_init ] --END-- [ RunTime:0.000000s ]
ERR: 无法加载模块:Public

[ 2017-08-01T08:58:54+08:00 ] 127.0.0.1 /Public/upload/images/thumb_1501123703_676_460.png
INFO: [ app_init ] --START--
INFO: Run Behavior\BuildLiteBehavior [ RunTime:0.000000s ]
INFO: [ app_init ] --END-- [ RunTime:0.001000s ]
ERR: 无法加载模块:Public

[ 2017-08-01T08:58:54+08:00 ] 127.0.0.1 /Public/upload/images/thumb_1501124086_676_460.png
INFO: [ app_init ] --START--
INFO: Run Behavior\BuildLiteBehavior [ RunTime:0.000000s ]
INFO: [ app_init ] --END-- [ RunTime:0.000000s ]
ERR: 无法加载模块:Public

[ 2017-08-01T08:58:54+08:00 ] 127.0.0.1 /favicon.ico
INFO: [ app_init ] --START--
INFO: Run Behavior\BuildLiteBehavior [ RunTime:0.000000s ]
INFO: [ app_init ] --END-- [ RunTime:0.001000s ]
ERR: 无法加载模块:Favicon

[ 2017-08-01T10:34:38+08:00 ] 127.0.0.1 /Public/Temp/plugins/editor/attached/image/20170515/20170515182146_20730.jpg
INFO: [ app_init ] --START--
INFO: Run Behavior\BuildLiteBehavior [ RunTime:0.000000s ]
INFO: [ app_init ] --END-- [ RunTime:0.001000s ]
ERR: 无法加载模块:Public

[ 2017-08-01T10:34:38+08:00 ] 127.0.0.1 /Public/Temp/plugins/editor/attached/image/20170515/20170515182147_86808.jpg
INFO: [ app_init ] --START--
INFO: Run Behavior\BuildLiteBehavior [ RunTime:0.000000s ]
INFO: [ app_init ] --END-- [ RunTime:0.001000s ]
ERR: 无法加载模块:Public

[ 2017-08-01T10:34:38+08:00 ] 127.0.0.1 /Public/Temp/plugins/editor/attached/image/20170515/20170515182147_74925.jpg
INFO: [ app_init ] --START--
INFO: Run Behavior\BuildLiteBehavior [ RunTime:0.000000s ]
INFO: [ app_init ] --END-- [ RunTime:0.001000s ]
ERR: 无法加载模块:Public

[ 2017-08-01T10:34:38+08:00 ] 127.0.0.1 /Public/Temp/plugins/editor/attached/image/20170515/20170515182146_31419.jpg
INFO: [ app_init ] --START--
INFO: Run Behavior\BuildLiteBehavior [ RunTime:0.000000s ]
INFO: [ app_init ] --END-- [ RunTime:0.000000s ]
ERR: 无法加载模块:Public

[ 2017-08-01T10:34:38+08:00 ] 127.0.0.1 /Public/Temp/plugins/editor/attached/image/20170515/20170515182148_85811.jpg
INFO: [ app_init ] --START--
INFO: Run Behavior\BuildLiteBehavior [ RunTime:0.000000s ]
INFO: [ app_init ] --END-- [ RunTime:0.001000s ]
ERR: 无法加载模块:Public

[ 2017-08-01T10:34:38+08:00 ] 127.0.0.1 /Public/Temp/plugins/editor/attached/image/20170515/20170515182147_90685.jpg
INFO: [ app_init ] --START--
INFO: Run Behavior\BuildLiteBehavior [ RunTime:0.000000s ]
INFO: [ app_init ] --END-- [ RunTime:0.001000s ]
ERR: 无法加载模块:Public

[ 2017-08-01T10:34:38+08:00 ] 127.0.0.1 /Public/Temp/plugins/editor/attached/image/20170515/20170515182148_61112.jpg
INFO: [ app_init ] --START--
INFO: Run Behavior\BuildLiteBehavior [ RunTime:0.000000s ]
INFO: [ app_init ] --END-- [ RunTime:0.000000s ]
ERR: 无法加载模块:Public

[ 2017-08-01T10:34:38+08:00 ] 127.0.0.1 /Public/Temp/plugins/editor/attached/image/20170515/20170515182146_47419.jpg
INFO: [ app_init ] --START--
INFO: Run Behavior\BuildLiteBehavior [ RunTime:0.000000s ]
INFO: [ app_init ] --END-- [ RunTime:0.000000s ]
ERR: 无法加载模块:Public

[ 2017-08-01T10:39:48+08:00 ] 127.0.0.1 /Public/Temp/plugins/editor/attached/image/20170515/20170515182147_86808.jpg
INFO: [ app_init ] --START--
INFO: Run Behavior\BuildLiteBehavior [ RunTime:0.000000s ]
INFO: [ app_init ] --END-- [ RunTime:0.001000s ]
ERR: 无法加载模块:Public

[ 2017-08-01T10:39:48+08:00 ] 127.0.0.1 /Public/Temp/plugins/editor/attached/image/20170515/20170515182147_74925.jpg
INFO: [ app_init ] --START--
INFO: Run Behavior\BuildLiteBehavior [ RunTime:0.000000s ]
INFO: [ app_init ] --END-- [ RunTime:0.000000s ]
ERR: 无法加载模块:Public

[ 2017-08-01T10:39:48+08:00 ] 127.0.0.1 /Public/Temp/plugins/editor/attached/image/20170515/20170515182146_31419.jpg
INFO: [ app_init ] --START--
INFO: Run Behavior\BuildLiteBehavior [ RunTime:0.000000s ]
INFO: [ app_init ] --END-- [ RunTime:0.001000s ]
ERR: 无法加载模块:Public

[ 2017-08-01T10:39:48+08:00 ] 127.0.0.1 /Public/Temp/plugins/editor/attached/image/20170515/20170515182146_20730.jpg
INFO: [ app_init ] --START--
INFO: Run Behavior\BuildLiteBehavior [ RunTime:0.000000s ]
INFO: [ app_init ] --END-- [ RunTime:0.001000s ]
ERR: 无法加载模块:Public

[ 2017-08-01T10:39:48+08:00 ] 127.0.0.1 /Public/Temp/plugins/editor/attached/image/20170515/20170515182148_61112.jpg
INFO: [ app_init ] --START--
INFO: Run Behavior\BuildLiteBehavior [ RunTime:0.000000s ]
INFO: [ app_init ] --END-- [ RunTime:0.000000s ]
ERR: 无法加载模块:Public

[ 2017-08-01T10:39:48+08:00 ] 127.0.0.1 /Public/Temp/plugins/editor/attached/image/20170515/20170515182147_90685.jpg
INFO: [ app_init ] --START--
INFO: Run Behavior\BuildLiteBehavior [ RunTime:0.000000s ]
INFO: [ app_init ] --END-- [ RunTime:0.000000s ]
ERR: 无法加载模块:Public

[ 2017-08-01T10:39:48+08:00 ] 127.0.0.1 /Public/Temp/plugins/editor/attached/image/20170515/20170515182148_85811.jpg
INFO: [ app_init ] --START--
INFO: Run Behavior\BuildLiteBehavior [ RunTime:0.000000s ]
INFO: [ app_init ] --END-- [ RunTime:0.001000s ]
ERR: 无法加载模块:Public

[ 2017-08-01T10:39:48+08:00 ] 127.0.0.1 /Public/Temp/plugins/editor/attached/image/20170515/20170515182146_47419.jpg
INFO: [ app_init ] --START--
INFO: Run Behavior\BuildLiteBehavior [ RunTime:0.000000s ]
INFO: [ app_init ] --END-- [ RunTime:0.001000s ]
ERR: 无法加载模块:Public

[ 2017-08-01T10:40:06+08:00 ] 127.0.0.1 /Public/Temp/plugins/editor/attached/image/20170515/20170515182146_20730.jpg
INFO: [ app_init ] --START--
INFO: Run Behavior\BuildLiteBehavior [ RunTime:0.000000s ]
INFO: [ app_init ] --END-- [ RunTime:0.001000s ]
ERR: 无法加载模块:Public

[ 2017-08-01T10:40:06+08:00 ] 127.0.0.1 /Public/Temp/plugins/editor/attached/image/20170515/20170515182146_31419.jpg
INFO: [ app_init ] --START--
INFO: Run Behavior\BuildLiteBehavior [ RunTime:0.000000s ]
INFO: [ app_init ] --END-- [ RunTime:0.000000s ]
ERR: 无法加载模块:Public

[ 2017-08-01T10:40:06+08:00 ] 127.0.0.1 /Public/Temp/plugins/editor/attached/image/20170515/20170515182146_47419.jpg
INFO: [ app_init ] --START--
INFO: Run Behavior\BuildLiteBehavior [ RunTime:0.000000s ]
INFO: [ app_init ] --END-- [ RunTime:0.000000s ]
ERR: 无法加载模块:Public

[ 2017-08-01T10:40:06+08:00 ] 127.0.0.1 /Public/Temp/plugins/editor/attached/image/20170515/20170515182147_74925.jpg
INFO: [ app_init ] --START--
INFO: Run Behavior\BuildLiteBehavior [ RunTime:0.000000s ]
INFO: [ app_init ] --END-- [ RunTime:0.001000s ]
ERR: 无法加载模块:Public

[ 2017-08-01T10:40:06+08:00 ] 127.0.0.1 /Public/Temp/plugins/editor/attached/image/20170515/20170515182147_86808.jpg
INFO: [ app_init ] --START--
INFO: Run Behavior\BuildLiteBehavior [ RunTime:0.000000s ]
INFO: [ app_init ] --END-- [ RunTime:0.000000s ]
ERR: 无法加载模块:Public

[ 2017-08-01T10:40:06+08:00 ] 127.0.0.1 /Public/Temp/plugins/editor/attached/image/20170515/20170515182148_85811.jpg
INFO: [ app_init ] --START--
INFO: Run Behavior\BuildLiteBehavior [ RunTime:0.000000s ]
INFO: [ app_init ] --END-- [ RunTime:0.001000s ]
ERR: 无法加载模块:Public

[ 2017-08-01T10:40:06+08:00 ] 127.0.0.1 /Public/Temp/plugins/editor/attached/image/20170515/20170515182148_61112.jpg
INFO: [ app_init ] --START--
INFO: Run Behavior\BuildLiteBehavior [ RunTime:0.000000s ]
INFO: [ app_init ] --END-- [ RunTime:0.001000s ]
ERR: 无法加载模块:Public

[ 2017-08-01T10:40:06+08:00 ] 127.0.0.1 /Public/Temp/plugins/editor/attached/image/20170515/20170515182147_90685.jpg
INFO: [ app_init ] --START--
INFO: Run Behavior\BuildLiteBehavior [ RunTime:0.000000s ]
INFO: [ app_init ] --END-- [ RunTime:0.000000s ]
ERR: 无法加载模块:Public

[ 2017-08-01T10:40:29+08:00 ] 127.0.0.1 /Public/Temp/plugins/editor/attached/image/20170515/20170515182147_74925.jpg
INFO: [ app_init ] --START--
INFO: Run Behavior\BuildLiteBehavior [ RunTime:0.000000s ]
INFO: [ app_init ] --END-- [ RunTime:0.000000s ]
ERR: 无法加载模块:Public

[ 2017-08-01T10:40:29+08:00 ] 127.0.0.1 /Public/Temp/plugins/editor/attached/image/20170515/20170515182146_47419.jpg
INFO: [ app_init ] --START--
INFO: Run Behavior\BuildLiteBehavior [ RunTime:0.000000s ]
INFO: [ app_init ] --END-- [ RunTime:0.001000s ]
ERR: 无法加载模块:Public

[ 2017-08-01T10:40:29+08:00 ] 127.0.0.1 /Public/Temp/plugins/editor/attached/image/20170515/20170515182146_31419.jpg
INFO: [ app_init ] --START--
INFO: Run Behavior\BuildLiteBehavior [ RunTime:0.000000s ]
INFO: [ app_init ] --END-- [ RunTime:0.000000s ]
ERR: 无法加载模块:Public

[ 2017-08-01T10:40:29+08:00 ] 127.0.0.1 /Public/Temp/plugins/editor/attached/image/20170515/20170515182147_86808.jpg
INFO: [ app_init ] --START--
INFO: Run Behavior\BuildLiteBehavior [ RunTime:0.000000s ]
INFO: [ app_init ] --END-- [ RunTime:0.001000s ]
ERR: 无法加载模块:Public

[ 2017-08-01T10:40:29+08:00 ] 127.0.0.1 /Public/Temp/plugins/editor/attached/image/20170515/20170515182146_20730.jpg
INFO: [ app_init ] --START--
INFO: Run Behavior\BuildLiteBehavior [ RunTime:0.000000s ]
INFO: [ app_init ] --END-- [ RunTime:0.001000s ]
ERR: 无法加载模块:Public

[ 2017-08-01T10:40:29+08:00 ] 127.0.0.1 /Public/Temp/plugins/editor/attached/image/20170515/20170515182147_90685.jpg
INFO: [ app_init ] --START--
INFO: Run Behavior\BuildLiteBehavior [ RunTime:0.000000s ]
INFO: [ app_init ] --END-- [ RunTime:0.001000s ]
ERR: 无法加载模块:Public

[ 2017-08-01T10:40:29+08:00 ] 127.0.0.1 /Public/Temp/plugins/editor/attached/image/20170515/20170515182148_61112.jpg
INFO: [ app_init ] --START--
INFO: Run Behavior\BuildLiteBehavior [ RunTime:0.000000s ]
INFO: [ app_init ] --END-- [ RunTime:0.001000s ]
ERR: 无法加载模块:Public

[ 2017-08-01T10:40:29+08:00 ] 127.0.0.1 /Public/Temp/plugins/editor/attached/image/20170515/20170515182148_85811.jpg
INFO: [ app_init ] --START--
INFO: Run Behavior\BuildLiteBehavior [ RunTime:0.000000s ]
INFO: [ app_init ] --END-- [ RunTime:0.001000s ]
ERR: 无法加载模块:Public

[ 2017-08-01T10:42:45+08:00 ] 127.0.0.1 /Public/Temp/plugins/editor/attached/image/20170515/20170515182147_90685.jpg
INFO: [ app_init ] --START--
INFO: Run Behavior\BuildLiteBehavior [ RunTime:0.000000s ]
INFO: [ app_init ] --END-- [ RunTime:0.000000s ]
ERR: 无法加载模块:Public

[ 2017-08-01T10:42:45+08:00 ] 127.0.0.1 /Public/Temp/plugins/editor/attached/image/20170515/20170515182146_20730.jpg
INFO: [ app_init ] --START--
INFO: Run Behavior\BuildLiteBehavior [ RunTime:0.000000s ]
INFO: [ app_init ] --END-- [ RunTime:0.002000s ]
ERR: 无法加载模块:Public

[ 2017-08-01T10:42:45+08:00 ] 127.0.0.1 /Public/Temp/plugins/editor/attached/image/20170515/20170515182147_74925.jpg
INFO: [ app_init ] --START--
INFO: Run Behavior\BuildLiteBehavior [ RunTime:0.000000s ]
INFO: [ app_init ] --END-- [ RunTime:0.002000s ]
ERR: 无法加载模块:Public

[ 2017-08-01T10:42:45+08:00 ] 127.0.0.1 /Public/Temp/plugins/editor/attached/image/20170515/20170515182147_86808.jpg
INFO: [ app_init ] --START--
INFO: Run Behavior\BuildLiteBehavior [ RunTime:0.000000s ]
INFO: [ app_init ] --END-- [ RunTime:0.001000s ]
ERR: 无法加载模块:Public

[ 2017-08-01T10:42:45+08:00 ] 127.0.0.1 /Public/Temp/plugins/editor/attached/image/20170515/20170515182146_47419.jpg
INFO: [ app_init ] --START--
INFO: Run Behavior\BuildLiteBehavior [ RunTime:0.000000s ]
INFO: [ app_init ] --END-- [ RunTime:0.000000s ]
ERR: 无法加载模块:Public

[ 2017-08-01T10:42:45+08:00 ] 127.0.0.1 /Public/Temp/plugins/editor/attached/image/20170515/20170515182146_31419.jpg
INFO: [ app_init ] --START--
INFO: Run Behavior\BuildLiteBehavior [ RunTime:0.000000s ]
INFO: [ app_init ] --END-- [ RunTime:0.000000s ]
ERR: 无法加载模块:Public

[ 2017-08-01T10:42:45+08:00 ] 127.0.0.1 /Public/Temp/plugins/editor/attached/image/20170515/20170515182148_85811.jpg
INFO: [ app_init ] --START--
INFO: Run Behavior\BuildLiteBehavior [ RunTime:0.000000s ]
INFO: [ app_init ] --END-- [ RunTime:0.000000s ]
ERR: 无法加载模块:Public

[ 2017-08-01T10:42:45+08:00 ] 127.0.0.1 /Public/Temp/plugins/editor/attached/image/20170515/20170515182148_61112.jpg
INFO: [ app_init ] --START--
INFO: Run Behavior\BuildLiteBehavior [ RunTime:0.000000s ]
INFO: [ app_init ] --END-- [ RunTime:0.000000s ]
ERR: 无法加载模块:Public

[ 2017-08-01T10:42:53+08:00 ] 127.0.0.1 /Public/Temp/plugins/editor/attached/image/20170515/20170515182146_20730.jpg
INFO: [ app_init ] --START--
INFO: Run Behavior\BuildLiteBehavior [ RunTime:0.000000s ]
INFO: [ app_init ] --END-- [ RunTime:0.001000s ]
ERR: 无法加载模块:Public

[ 2017-08-01T10:42:53+08:00 ] 127.0.0.1 /Public/Temp/plugins/editor/attached/image/20170515/20170515182146_31419.jpg
INFO: [ app_init ] --START--
INFO: Run Behavior\BuildLiteBehavior [ RunTime:0.000000s ]
INFO: [ app_init ] --END-- [ RunTime:0.000000s ]
ERR: 无法加载模块:Public

[ 2017-08-01T10:42:53+08:00 ] 127.0.0.1 /Public/Temp/plugins/editor/attached/image/20170515/20170515182147_86808.jpg
INFO: [ app_init ] --START--
INFO: Run Behavior\BuildLiteBehavior [ RunTime:0.000000s ]
INFO: [ app_init ] --END-- [ RunTime:0.000000s ]
ERR: 无法加载模块:Public

[ 2017-08-01T10:42:53+08:00 ] 127.0.0.1 /Public/Temp/plugins/editor/attached/image/20170515/20170515182147_74925.jpg
INFO: [ app_init ] --START--
INFO: Run Behavior\BuildLiteBehavior [ RunTime:0.000000s ]
INFO: [ app_init ] --END-- [ RunTime:0.000000s ]
ERR: 无法加载模块:Public

[ 2017-08-01T10:42:53+08:00 ] 127.0.0.1 /Public/Temp/plugins/editor/attached/image/20170515/20170515182146_47419.jpg
INFO: [ app_init ] --START--
INFO: Run Behavior\BuildLiteBehavior [ RunTime:0.000000s ]
INFO: [ app_init ] --END-- [ RunTime:0.001000s ]
ERR: 无法加载模块:Public

[ 2017-08-01T10:42:53+08:00 ] 127.0.0.1 /Public/Temp/plugins/editor/attached/image/20170515/20170515182148_61112.jpg
INFO: [ app_init ] --START--
INFO: Run Behavior\BuildLiteBehavior [ RunTime:0.000000s ]
INFO: [ app_init ] --END-- [ RunTime:0.001000s ]
ERR: 无法加载模块:Public

[ 2017-08-01T10:42:53+08:00 ] 127.0.0.1 /Public/Temp/plugins/editor/attached/image/20170515/20170515182148_85811.jpg
INFO: [ app_init ] --START--
INFO: Run Behavior\BuildLiteBehavior [ RunTime:0.000000s ]
INFO: [ app_init ] --END-- [ RunTime:0.001000s ]
ERR: 无法加载模块:Public

[ 2017-08-01T10:42:53+08:00 ] 127.0.0.1 /Public/Temp/plugins/editor/attached/image/20170515/20170515182147_90685.jpg
INFO: [ app_init ] --START--
INFO: Run Behavior\BuildLiteBehavior [ RunTime:0.000000s ]
INFO: [ app_init ] --END-- [ RunTime:0.001000s ]
ERR: 无法加载模块:Public

[ 2017-08-01T10:43:07+08:00 ] 127.0.0.1 /Public/Temp/plugins/editor/attached/image/20170515/20170515182146_31419.jpg
INFO: [ app_init ] --START--
INFO: Run Behavior\BuildLiteBehavior [ RunTime:0.000000s ]
INFO: [ app_init ] --END-- [ RunTime:0.000000s ]
ERR: 无法加载模块:Public

[ 2017-08-01T10:43:07+08:00 ] 127.0.0.1 /Public/Temp/plugins/editor/attached/image/20170515/20170515182146_47419.jpg
INFO: [ app_init ] --START--
INFO: Run Behavior\BuildLiteBehavior [ RunTime:0.000000s ]
INFO: [ app_init ] --END-- [ RunTime:0.000000s ]
ERR: 无法加载模块:Public

[ 2017-08-01T10:43:07+08:00 ] 127.0.0.1 /Public/Temp/plugins/editor/attached/image/20170515/20170515182146_20730.jpg
INFO: [ app_init ] --START--
INFO: Run Behavior\BuildLiteBehavior [ RunTime:0.000000s ]
INFO: [ app_init ] --END-- [ RunTime:0.001000s ]
ERR: 无法加载模块:Public

[ 2017-08-01T10:43:07+08:00 ] 127.0.0.1 /Public/Temp/plugins/editor/attached/image/20170515/20170515182147_74925.jpg
INFO: [ app_init ] --START--
INFO: Run Behavior\BuildLiteBehavior [ RunTime:0.000000s ]
INFO: [ app_init ] --END-- [ RunTime:0.000000s ]
ERR: 无法加载模块:Public

[ 2017-08-01T10:43:07+08:00 ] 127.0.0.1 /Public/Temp/plugins/editor/attached/image/20170515/20170515182147_90685.jpg
INFO: [ app_init ] --START--
INFO: Run Behavior\BuildLiteBehavior [ RunTime:0.000000s ]
INFO: [ app_init ] --END-- [ RunTime:0.000000s ]
ERR: 无法加载模块:Public

[ 2017-08-01T10:43:07+08:00 ] 127.0.0.1 /Public/Temp/plugins/editor/attached/image/20170515/20170515182147_86808.jpg
INFO: [ app_init ] --START--
INFO: Run Behavior\BuildLiteBehavior [ RunTime:0.000000s ]
INFO: [ app_init ] --END-- [ RunTime:0.000000s ]
ERR: 无法加载模块:Public

[ 2017-08-01T10:43:07+08:00 ] 127.0.0.1 /Public/Temp/plugins/editor/attached/image/20170515/20170515182148_61112.jpg
INFO: [ app_init ] --START--
INFO: Run Behavior\BuildLiteBehavior [ RunTime:0.000000s ]
INFO: [ app_init ] --END-- [ RunTime:0.001000s ]
ERR: 无法加载模块:Public

[ 2017-08-01T10:43:07+08:00 ] 127.0.0.1 /Public/Temp/plugins/editor/attached/image/20170515/20170515182148_85811.jpg
INFO: [ app_init ] --START--
INFO: Run Behavior\BuildLiteBehavior [ RunTime:0.000000s ]
INFO: [ app_init ] --END-- [ RunTime:0.000000s ]
ERR: 无法加载模块:Public

