[ 2017-08-02T09:35:10+08:00 ] 127.0.0.1 /admin
INFO: [ app_init ] --START--
INFO: Run Behavior\BuildLiteBehavior [ RunTime:0.000000s ]
INFO: [ app_init ] --END-- [ RunTime:0.001000s ]
NOTIC: [8] Use of undefined constant SHOW_PAGE_TRACE - assumed 'SHOW_PAGE_TRACE' E:\phpStudy\WWW\twoway\Application\Admin\Conf\config.php 第 9 行.

[ 2017-08-02T09:35:13+08:00 ] 127.0.0.1 /index.php/Admin/Index/login.html
INFO: [ app_init ] --START--
INFO: Run Behavior\BuildLiteBehavior [ RunTime:0.001000s ]
INFO: [ app_init ] --END-- [ RunTime:0.001000s ]
NOTIC: [8] Use of undefined constant SHOW_PAGE_TRACE - assumed 'SHOW_PAGE_TRACE' E:\phpStudy\WWW\twoway\Application\Admin\Conf\config.php 第 9 行.

[ 2017-08-02T09:35:15+08:00 ] 127.0.0.1 /index.php/Admin/Index/base.html
INFO: [ app_init ] --START--
INFO: Run Behavior\BuildLiteBehavior [ RunTime:0.000000s ]
INFO: [ app_init ] --END-- [ RunTime:0.000000s ]
NOTIC: [8] Use of undefined constant SHOW_PAGE_TRACE - assumed 'SHOW_PAGE_TRACE' E:\phpStudy\WWW\twoway\Application\Admin\Conf\config.php 第 9 行.

[ 2017-08-02T09:35:21+08:00 ] 127.0.0.1 /index.php/Admin/Index/account_register.html
INFO: [ app_init ] --START--
INFO: Run Behavior\BuildLiteBehavior [ RunTime:0.000000s ]
INFO: [ app_init ] --END-- [ RunTime:0.000000s ]
NOTIC: [8] Use of undefined constant SHOW_PAGE_TRACE - assumed 'SHOW_PAGE_TRACE' E:\phpStudy\WWW\twoway\Application\Admin\Conf\config.php 第 9 行.

[ 2017-08-02T09:54:12+08:00 ] 127.0.0.1 /index.php/Admin/Index/logout.html
INFO: [ app_init ] --START--
INFO: Run Behavior\BuildLiteBehavior [ RunTime:0.000000s ]
INFO: [ app_init ] --END-- [ RunTime:0.001000s ]
NOTIC: [8] Use of undefined constant SHOW_PAGE_TRACE - assumed 'SHOW_PAGE_TRACE' E:\phpStudy\WWW\twoway\Application\Admin\Conf\config.php 第 9 行.

[ 2017-08-02T09:54:13+08:00 ] 127.0.0.1 /index.php/Admin/Index/index
INFO: [ app_init ] --START--
INFO: Run Behavior\BuildLiteBehavior [ RunTime:0.000000s ]
INFO: [ app_init ] --END-- [ RunTime:0.001000s ]
NOTIC: [8] Use of undefined constant SHOW_PAGE_TRACE - assumed 'SHOW_PAGE_TRACE' E:\phpStudy\WWW\twoway\Application\Admin\Conf\config.php 第 9 行.

[ 2017-08-02T09:54:19+08:00 ] 127.0.0.1 /index.php/Admin/Index/login.html
INFO: [ app_init ] --START--
INFO: Run Behavior\BuildLiteBehavior [ RunTime:0.000000s ]
INFO: [ app_init ] --END-- [ RunTime:0.000000s ]
NOTIC: [8] Use of undefined constant SHOW_PAGE_TRACE - assumed 'SHOW_PAGE_TRACE' E:\phpStudy\WWW\twoway\Application\Admin\Conf\config.php 第 9 行.

[ 2017-08-02T09:54:20+08:00 ] 127.0.0.1 /index.php/Admin/Index/base.html
INFO: [ app_init ] --START--
INFO: Run Behavior\BuildLiteBehavior [ RunTime:0.000000s ]
INFO: [ app_init ] --END-- [ RunTime:0.001000s ]
NOTIC: [8] Use of undefined constant SHOW_PAGE_TRACE - assumed 'SHOW_PAGE_TRACE' E:\phpStudy\WWW\twoway\Application\Admin\Conf\config.php 第 9 行.

[ 2017-08-02T09:54:58+08:00 ] 127.0.0.1 /index.php/Admin/Index/logout.html
INFO: [ app_init ] --START--
INFO: Run Behavior\BuildLiteBehavior [ RunTime:0.000000s ]
INFO: [ app_init ] --END-- [ RunTime:0.001000s ]
NOTIC: [8] Use of undefined constant SHOW_PAGE_TRACE - assumed 'SHOW_PAGE_TRACE' E:\phpStudy\WWW\twoway\Application\Admin\Conf\config.php 第 9 行.

[ 2017-08-02T09:54:59+08:00 ] 127.0.0.1 /index.php/Admin/Index/index
INFO: [ app_init ] --START--
INFO: Run Behavior\BuildLiteBehavior [ RunTime:0.000000s ]
INFO: [ app_init ] --END-- [ RunTime:0.001000s ]
NOTIC: [8] Use of undefined constant SHOW_PAGE_TRACE - assumed 'SHOW_PAGE_TRACE' E:\phpStudy\WWW\twoway\Application\Admin\Conf\config.php 第 9 行.

[ 2017-08-02T09:55:01+08:00 ] 127.0.0.1 /index.php/Admin/Index/login.html
INFO: [ app_init ] --START--
INFO: Run Behavior\BuildLiteBehavior [ RunTime:0.000000s ]
INFO: [ app_init ] --END-- [ RunTime:0.001000s ]
NOTIC: [8] Use of undefined constant SHOW_PAGE_TRACE - assumed 'SHOW_PAGE_TRACE' E:\phpStudy\WWW\twoway\Application\Admin\Conf\config.php 第 9 行.

[ 2017-08-02T09:55:02+08:00 ] 127.0.0.1 /index.php/Admin/Index/base.html
INFO: [ app_init ] --START--
INFO: Run Behavior\BuildLiteBehavior [ RunTime:0.001000s ]
INFO: [ app_init ] --END-- [ RunTime:0.001000s ]
NOTIC: [8] Use of undefined constant SHOW_PAGE_TRACE - assumed 'SHOW_PAGE_TRACE' E:\phpStudy\WWW\twoway\Application\Admin\Conf\config.php 第 9 行.

[ 2017-08-02T09:57:57+08:00 ] 127.0.0.1 /index.php/Admin/Index/logout.html
INFO: [ app_init ] --START--
INFO: Run Behavior\BuildLiteBehavior [ RunTime:0.000000s ]
INFO: [ app_init ] --END-- [ RunTime:0.001000s ]
NOTIC: [8] Use of undefined constant SHOW_PAGE_TRACE - assumed 'SHOW_PAGE_TRACE' E:\phpStudy\WWW\twoway\Application\Admin\Conf\config.php 第 9 行.

[ 2017-08-02T09:57:58+08:00 ] 127.0.0.1 /index.php/Admin/Index/index
INFO: [ app_init ] --START--
INFO: Run Behavior\BuildLiteBehavior [ RunTime:0.000000s ]
INFO: [ app_init ] --END-- [ RunTime:0.000000s ]
NOTIC: [8] Use of undefined constant SHOW_PAGE_TRACE - assumed 'SHOW_PAGE_TRACE' E:\phpStudy\WWW\twoway\Application\Admin\Conf\config.php 第 9 行.

[ 2017-08-02T09:58:04+08:00 ] 127.0.0.1 /index.php/Admin/Index/login.html
INFO: [ app_init ] --START--
INFO: Run Behavior\BuildLiteBehavior [ RunTime:0.000000s ]
INFO: [ app_init ] --END-- [ RunTime:0.000000s ]
NOTIC: [8] Use of undefined constant SHOW_PAGE_TRACE - assumed 'SHOW_PAGE_TRACE' E:\phpStudy\WWW\twoway\Application\Admin\Conf\config.php 第 9 行.

[ 2017-08-02T09:58:05+08:00 ] 127.0.0.1 /index.php/Admin/Index/base.html
INFO: [ app_init ] --START--
INFO: Run Behavior\BuildLiteBehavior [ RunTime:0.000000s ]
INFO: [ app_init ] --END-- [ RunTime:0.001000s ]
NOTIC: [8] Use of undefined constant SHOW_PAGE_TRACE - assumed 'SHOW_PAGE_TRACE' E:\phpStudy\WWW\twoway\Application\Admin\Conf\config.php 第 9 行.

[ 2017-08-02T10:04:44+08:00 ] 127.0.0.1 /index.php/Admin/Index/logout.html
INFO: [ app_init ] --START--
INFO: Run Behavior\BuildLiteBehavior [ RunTime:0.000000s ]
INFO: [ app_init ] --END-- [ RunTime:0.001000s ]
NOTIC: [8] Use of undefined constant SHOW_PAGE_TRACE - assumed 'SHOW_PAGE_TRACE' E:\phpStudy\WWW\twoway\Application\Admin\Conf\config.php 第 9 行.

[ 2017-08-02T10:04:45+08:00 ] 127.0.0.1 /index.php/Admin/Index/index
INFO: [ app_init ] --START--
INFO: Run Behavior\BuildLiteBehavior [ RunTime:0.000000s ]
INFO: [ app_init ] --END-- [ RunTime:0.000000s ]
NOTIC: [8] Use of undefined constant SHOW_PAGE_TRACE - assumed 'SHOW_PAGE_TRACE' E:\phpStudy\WWW\twoway\Application\Admin\Conf\config.php 第 9 行.

[ 2017-08-02T10:04:48+08:00 ] 127.0.0.1 /index.php/Admin/Index/login.html
INFO: [ app_init ] --START--
INFO: Run Behavior\BuildLiteBehavior [ RunTime:0.000000s ]
INFO: [ app_init ] --END-- [ RunTime:0.000000s ]
NOTIC: [8] Use of undefined constant SHOW_PAGE_TRACE - assumed 'SHOW_PAGE_TRACE' E:\phpStudy\WWW\twoway\Application\Admin\Conf\config.php 第 9 行.

[ 2017-08-02T10:04:49+08:00 ] 127.0.0.1 /index.php/Admin/Index/base.html
INFO: [ app_init ] --START--
INFO: Run Behavior\BuildLiteBehavior [ RunTime:0.000000s ]
INFO: [ app_init ] --END-- [ RunTime:0.000000s ]
NOTIC: [8] Use of undefined constant SHOW_PAGE_TRACE - assumed 'SHOW_PAGE_TRACE' E:\phpStudy\WWW\twoway\Application\Admin\Conf\config.php 第 9 行.

[ 2017-08-02T10:06:39+08:00 ] 127.0.0.1 /index.php/Admin/Index/logout.html
INFO: [ app_init ] --START--
INFO: Run Behavior\BuildLiteBehavior [ RunTime:0.000000s ]
INFO: [ app_init ] --END-- [ RunTime:0.000000s ]
NOTIC: [8] Use of undefined constant SHOW_PAGE_TRACE - assumed 'SHOW_PAGE_TRACE' E:\phpStudy\WWW\twoway\Application\Admin\Conf\config.php 第 9 行.

[ 2017-08-02T10:06:40+08:00 ] 127.0.0.1 /index.php/Admin/Index/index
INFO: [ app_init ] --START--
INFO: Run Behavior\BuildLiteBehavior [ RunTime:0.000000s ]
INFO: [ app_init ] --END-- [ RunTime:0.000000s ]
NOTIC: [8] Use of undefined constant SHOW_PAGE_TRACE - assumed 'SHOW_PAGE_TRACE' E:\phpStudy\WWW\twoway\Application\Admin\Conf\config.php 第 9 行.

[ 2017-08-02T10:06:48+08:00 ] 127.0.0.1 /index.php/Admin/Index/login.html
INFO: [ app_init ] --START--
INFO: Run Behavior\BuildLiteBehavior [ RunTime:0.000000s ]
INFO: [ app_init ] --END-- [ RunTime:0.000000s ]
NOTIC: [8] Use of undefined constant SHOW_PAGE_TRACE - assumed 'SHOW_PAGE_TRACE' E:\phpStudy\WWW\twoway\Application\Admin\Conf\config.php 第 9 行.

[ 2017-08-02T10:06:49+08:00 ] 127.0.0.1 /index.php/Admin/Index/base.html
INFO: [ app_init ] --START--
INFO: Run Behavior\BuildLiteBehavior [ RunTime:0.000000s ]
INFO: [ app_init ] --END-- [ RunTime:0.001000s ]
NOTIC: [8] Use of undefined constant SHOW_PAGE_TRACE - assumed 'SHOW_PAGE_TRACE' E:\phpStudy\WWW\twoway\Application\Admin\Conf\config.php 第 9 行.

[ 2017-08-02T10:06:53+08:00 ] 127.0.0.1 /index.php/Admin/Index/account_register.html
INFO: [ app_init ] --START--
INFO: Run Behavior\BuildLiteBehavior [ RunTime:0.000000s ]
INFO: [ app_init ] --END-- [ RunTime:0.001000s ]
NOTIC: [8] Use of undefined constant SHOW_PAGE_TRACE - assumed 'SHOW_PAGE_TRACE' E:\phpStudy\WWW\twoway\Application\Admin\Conf\config.php 第 9 行.

[ 2017-08-02T10:09:48+08:00 ] 127.0.0.1 /index.php/Admin/Index/account_register.html
INFO: [ app_init ] --START--
INFO: Run Behavior\BuildLiteBehavior [ RunTime:0.000000s ]
INFO: [ app_init ] --END-- [ RunTime:0.001000s ]
NOTIC: [8] Use of undefined constant SHOW_PAGE_TRACE - assumed 'SHOW_PAGE_TRACE' E:\phpStudy\WWW\twoway\Application\Admin\Conf\config.php 第 9 行.

[ 2017-08-02T10:11:36+08:00 ] 127.0.0.1 /index.php/Admin/Index/account_register.html
INFO: [ app_init ] --START--
INFO: Run Behavior\BuildLiteBehavior [ RunTime:0.000000s ]
INFO: [ app_init ] --END-- [ RunTime:0.001000s ]
NOTIC: [8] Use of undefined constant SHOW_PAGE_TRACE - assumed 'SHOW_PAGE_TRACE' E:\phpStudy\WWW\twoway\Application\Admin\Conf\config.php 第 9 行.

[ 2017-08-02T10:15:11+08:00 ] 127.0.0.1 /index.php/Admin/Index/account_register.html
INFO: [ app_init ] --START--
INFO: Run Behavior\BuildLiteBehavior [ RunTime:0.000000s ]
INFO: [ app_init ] --END-- [ RunTime:0.000000s ]
NOTIC: [8] Use of undefined constant SHOW_PAGE_TRACE - assumed 'SHOW_PAGE_TRACE' E:\phpStudy\WWW\twoway\Application\Admin\Conf\config.php 第 9 行.

[ 2017-08-02T10:21:58+08:00 ] 127.0.0.1 /index.php/Admin/Index/account_register.html
INFO: [ app_init ] --START--
INFO: Run Behavior\BuildLiteBehavior [ RunTime:0.000000s ]
INFO: [ app_init ] --END-- [ RunTime:0.006000s ]
NOTIC: [8] Use of undefined constant SHOW_PAGE_TRACE - assumed 'SHOW_PAGE_TRACE' E:\phpStudy\WWW\twoway\Application\Admin\Conf\config.php 第 9 行.

[ 2017-08-02T10:22:17+08:00 ] 127.0.0.1 /index.php/Admin/Index/%7BU:(%22account_regis%22)%7D
INFO: [ app_init ] --START--
INFO: Run Behavior\BuildLiteBehavior [ RunTime:0.000000s ]
INFO: [ app_init ] --END-- [ RunTime:0.000000s ]
NOTIC: [8] Use of undefined constant SHOW_PAGE_TRACE - assumed 'SHOW_PAGE_TRACE' E:\phpStudy\WWW\twoway\Application\Admin\Conf\config.php 第 9 行.
INFO: [ app_begin ] --START--
INFO: Run Behavior\ReadHtmlCacheBehavior [ RunTime:0.001000s ]
INFO: [ app_begin ] --END-- [ RunTime:0.001000s ]

[ 2017-08-02T10:27:32+08:00 ] 127.0.0.1 /index.php/Admin/Index/account_register.html
INFO: [ app_init ] --START--
INFO: Run Behavior\BuildLiteBehavior [ RunTime:0.000000s ]
INFO: [ app_init ] --END-- [ RunTime:0.001000s ]
NOTIC: [8] Use of undefined constant SHOW_PAGE_TRACE - assumed 'SHOW_PAGE_TRACE' E:\phpStudy\WWW\twoway\Application\Admin\Conf\config.php 第 9 行.

[ 2017-08-02T10:27:41+08:00 ] 127.0.0.1 /index.php/Admin/Index/account_register.html
INFO: [ app_init ] --START--
INFO: Run Behavior\BuildLiteBehavior [ RunTime:0.000000s ]
INFO: [ app_init ] --END-- [ RunTime:0.000000s ]
NOTIC: [8] Use of undefined constant SHOW_PAGE_TRACE - assumed 'SHOW_PAGE_TRACE' E:\phpStudy\WWW\twoway\Application\Admin\Conf\config.php 第 9 行.

[ 2017-08-02T10:27:53+08:00 ] 127.0.0.1 /index.php/Admin/Index/account_register.html
INFO: [ app_init ] --START--
INFO: Run Behavior\BuildLiteBehavior [ RunTime:0.000000s ]
INFO: [ app_init ] --END-- [ RunTime:0.000000s ]
NOTIC: [8] Use of undefined constant SHOW_PAGE_TRACE - assumed 'SHOW_PAGE_TRACE' E:\phpStudy\WWW\twoway\Application\Admin\Conf\config.php 第 9 行.

[ 2017-08-02T10:28:16+08:00 ] 127.0.0.1 /index.php/Admin/Index/base.html
INFO: [ app_init ] --START--
INFO: Run Behavior\BuildLiteBehavior [ RunTime:0.000000s ]
INFO: [ app_init ] --END-- [ RunTime:0.000000s ]
NOTIC: [8] Use of undefined constant SHOW_PAGE_TRACE - assumed 'SHOW_PAGE_TRACE' E:\phpStudy\WWW\twoway\Application\Admin\Conf\config.php 第 9 行.

[ 2017-08-02T10:28:20+08:00 ] 127.0.0.1 /index.php/Admin/Index/account_register.html
INFO: [ app_init ] --START--
INFO: Run Behavior\BuildLiteBehavior [ RunTime:0.000000s ]
INFO: [ app_init ] --END-- [ RunTime:0.002000s ]
NOTIC: [8] Use of undefined constant SHOW_PAGE_TRACE - assumed 'SHOW_PAGE_TRACE' E:\phpStudy\WWW\twoway\Application\Admin\Conf\config.php 第 9 行.

[ 2017-08-02T10:29:21+08:00 ] 127.0.0.1 /index.php/Admin/Index/account_register.html
INFO: [ app_init ] --START--
INFO: Run Behavior\BuildLiteBehavior [ RunTime:0.000000s ]
INFO: [ app_init ] --END-- [ RunTime:0.000000s ]
NOTIC: [8] Use of undefined constant SHOW_PAGE_TRACE - assumed 'SHOW_PAGE_TRACE' E:\phpStudy\WWW\twoway\Application\Admin\Conf\config.php 第 9 行.

[ 2017-08-02T10:29:32+08:00 ] 127.0.0.1 /index.php/Admin/Index/%7BU:(%22user_register%22)%7D
INFO: [ app_init ] --START--
INFO: Run Behavior\BuildLiteBehavior [ RunTime:0.000000s ]
INFO: [ app_init ] --END-- [ RunTime:0.001000s ]
NOTIC: [8] Use of undefined constant SHOW_PAGE_TRACE - assumed 'SHOW_PAGE_TRACE' E:\phpStudy\WWW\twoway\Application\Admin\Conf\config.php 第 9 行.
INFO: [ app_begin ] --START--
INFO: Run Behavior\ReadHtmlCacheBehavior [ RunTime:0.001000s ]
INFO: [ app_begin ] --END-- [ RunTime:0.001000s ]

[ 2017-08-02T10:30:04+08:00 ] 127.0.0.1 /index.php/Admin/Index/account_register.html
INFO: [ app_init ] --START--
INFO: Run Behavior\BuildLiteBehavior [ RunTime:0.001000s ]
INFO: [ app_init ] --END-- [ RunTime:0.001000s ]
NOTIC: [8] Use of undefined constant SHOW_PAGE_TRACE - assumed 'SHOW_PAGE_TRACE' E:\phpStudy\WWW\twoway\Application\Admin\Conf\config.php 第 9 行.

[ 2017-08-02T10:30:13+08:00 ] 127.0.0.1 /index.php/Admin/Index/%7BU:(%22userRegister%22)%7D
INFO: [ app_init ] --START--
INFO: Run Behavior\BuildLiteBehavior [ RunTime:0.000000s ]
INFO: [ app_init ] --END-- [ RunTime:0.001000s ]
NOTIC: [8] Use of undefined constant SHOW_PAGE_TRACE - assumed 'SHOW_PAGE_TRACE' E:\phpStudy\WWW\twoway\Application\Admin\Conf\config.php 第 9 行.
INFO: [ app_begin ] --START--
INFO: Run Behavior\ReadHtmlCacheBehavior [ RunTime:0.000000s ]
INFO: [ app_begin ] --END-- [ RunTime:0.000000s ]

[ 2017-08-02T10:32:28+08:00 ] 127.0.0.1 /index.php/Admin/Index/account_register.html
INFO: [ app_init ] --START--
INFO: Run Behavior\BuildLiteBehavior [ RunTime:0.000000s ]
INFO: [ app_init ] --END-- [ RunTime:0.001000s ]
NOTIC: [8] Use of undefined constant SHOW_PAGE_TRACE - assumed 'SHOW_PAGE_TRACE' E:\phpStudy\WWW\twoway\Application\Admin\Conf\config.php 第 9 行.

[ 2017-08-02T10:32:30+08:00 ] 127.0.0.1 /index.php/Admin/Index/xxx.html
INFO: [ app_init ] --START--
INFO: Run Behavior\BuildLiteBehavior [ RunTime:0.000000s ]
INFO: [ app_init ] --END-- [ RunTime:0.001000s ]
NOTIC: [8] Use of undefined constant SHOW_PAGE_TRACE - assumed 'SHOW_PAGE_TRACE' E:\phpStudy\WWW\twoway\Application\Admin\Conf\config.php 第 9 行.
INFO: [ app_begin ] --START--
INFO: Run Behavior\ReadHtmlCacheBehavior [ RunTime:0.000000s ]
INFO: [ app_begin ] --END-- [ RunTime:0.000000s ]

[ 2017-08-02T10:33:57+08:00 ] 127.0.0.1 /index.php/Admin/Index/account_register.html
INFO: [ app_init ] --START--
INFO: Run Behavior\BuildLiteBehavior [ RunTime:0.000000s ]
INFO: [ app_init ] --END-- [ RunTime:0.001000s ]
NOTIC: [8] Use of undefined constant SHOW_PAGE_TRACE - assumed 'SHOW_PAGE_TRACE' E:\phpStudy\WWW\twoway\Application\Admin\Conf\config.php 第 9 行.

[ 2017-08-02T10:34:00+08:00 ] 127.0.0.1 /index.php/Admin/Index/userRegister.html
INFO: [ app_init ] --START--
INFO: Run Behavior\BuildLiteBehavior [ RunTime:0.000000s ]
INFO: [ app_init ] --END-- [ RunTime:0.000000s ]
NOTIC: [8] Use of undefined constant SHOW_PAGE_TRACE - assumed 'SHOW_PAGE_TRACE' E:\phpStudy\WWW\twoway\Application\Admin\Conf\config.php 第 9 行.
INFO: [ app_begin ] --START--
INFO: Run Behavior\ReadHtmlCacheBehavior [ RunTime:0.001000s ]
INFO: [ app_begin ] --END-- [ RunTime:0.001000s ]
INFO: [ app_end ] --START--
INFO: Run Behavior\ShowPageTraceBehavior [ RunTime:0.001000s ]
INFO: [ app_end ] --END-- [ RunTime:0.002000s ]

[ 2017-08-02T11:12:16+08:00 ] 127.0.0.1 /index.php/Admin/Index/account_register.html
INFO: [ app_init ] --START--
INFO: Run Behavior\BuildLiteBehavior [ RunTime:0.000000s ]
INFO: [ app_init ] --END-- [ RunTime:0.017000s ]
NOTIC: [8] Use of undefined constant SHOW_PAGE_TRACE - assumed 'SHOW_PAGE_TRACE' E:\phpStudy\WWW\twoway\Application\Admin\Conf\config.php 第 9 行.

[ 2017-08-02T11:12:26+08:00 ] 127.0.0.1 /index.php/Admin/Index/userRegister.html
INFO: [ app_init ] --START--
INFO: Run Behavior\BuildLiteBehavior [ RunTime:0.001000s ]
INFO: [ app_init ] --END-- [ RunTime:0.001000s ]
NOTIC: [8] Use of undefined constant SHOW_PAGE_TRACE - assumed 'SHOW_PAGE_TRACE' E:\phpStudy\WWW\twoway\Application\Admin\Conf\config.php 第 9 行.
INFO: [ app_begin ] --START--
INFO: Run Behavior\ReadHtmlCacheBehavior [ RunTime:0.000000s ]
INFO: [ app_begin ] --END-- [ RunTime:0.000000s ]
SQL: SHOW COLUMNS FROM `tw_user` [ RunTime:0.1880s ]
NOTIC: [8] Undefined index: validate E:\phpStudy\WWW\twoway\ThinkPHP\Library\Think\Model.class.php 第 1185 行.
SQL: SELECT * FROM `tw_user` WHERE `user_name` = '钟冠民' LIMIT 1   [ RunTime:0.0580s ]
NOTIC: [8] Undefined index: auto E:\phpStudy\WWW\twoway\ThinkPHP\Library\Think\Model.class.php 第 1128 行.
SQL: INSERT INTO `tw_user` (`user_name`,`user_psw`,`user_group`,`user_register`) VALUES ('钟冠民','7c4a8d09ca3762af61e59520943dc26494f8941b','2','2017-08-02 11:12:25') [ RunTime:0.3060s ]
INFO: [ app_end ] --START--
INFO: Run Behavior\ShowPageTraceBehavior [ RunTime:0.000000s ]
INFO: [ app_end ] --END-- [ RunTime:0.000000s ]

[ 2017-08-02T11:13:02+08:00 ] 127.0.0.1 /index.php/Admin/Index/userRegister.html
INFO: [ app_init ] --START--
INFO: Run Behavior\BuildLiteBehavior [ RunTime:0.000000s ]
INFO: [ app_init ] --END-- [ RunTime:0.000000s ]
NOTIC: [8] Use of undefined constant SHOW_PAGE_TRACE - assumed 'SHOW_PAGE_TRACE' E:\phpStudy\WWW\twoway\Application\Admin\Conf\config.php 第 9 行.
INFO: [ app_begin ] --START--
INFO: Run Behavior\ReadHtmlCacheBehavior [ RunTime:0.001000s ]
INFO: [ app_begin ] --END-- [ RunTime:0.001000s ]
SQL: SHOW COLUMNS FROM `tw_user` [ RunTime:0.0040s ]
NOTIC: [8] Undefined index: validate E:\phpStudy\WWW\twoway\ThinkPHP\Library\Think\Model.class.php 第 1185 行.
SQL: SELECT * FROM `tw_user` WHERE `user_name` = '钟冠民' LIMIT 1   [ RunTime:0.0180s ]
INFO: [ app_end ] --START--
INFO: Run Behavior\ShowPageTraceBehavior [ RunTime:0.002000s ]
INFO: [ app_end ] --END-- [ RunTime:0.002000s ]

[ 2017-08-02T11:13:18+08:00 ] 127.0.0.1 /index.php/Admin/Index/userRegister.html
INFO: [ app_init ] --START--
INFO: Run Behavior\BuildLiteBehavior [ RunTime:0.000000s ]
INFO: [ app_init ] --END-- [ RunTime:0.001000s ]
NOTIC: [8] Use of undefined constant SHOW_PAGE_TRACE - assumed 'SHOW_PAGE_TRACE' E:\phpStudy\WWW\twoway\Application\Admin\Conf\config.php 第 9 行.
INFO: [ app_begin ] --START--
INFO: Run Behavior\ReadHtmlCacheBehavior [ RunTime:0.001000s ]
INFO: [ app_begin ] --END-- [ RunTime:0.001000s ]
SQL: SHOW COLUMNS FROM `tw_user` [ RunTime:0.0030s ]
NOTIC: [8] Undefined index: validate E:\phpStudy\WWW\twoway\ThinkPHP\Library\Think\Model.class.php 第 1185 行.
SQL: SELECT * FROM `tw_user` WHERE `user_name` = '钟冠民' LIMIT 1   [ RunTime:0.0000s ]
INFO: [ app_end ] --START--
INFO: Run Behavior\ShowPageTraceBehavior [ RunTime:0.000000s ]
INFO: [ app_end ] --END-- [ RunTime:0.000000s ]

[ 2017-08-02T11:15:13+08:00 ] 127.0.0.1 /index.php/Admin/Index/account_register.html
INFO: [ app_init ] --START--
INFO: Run Behavior\BuildLiteBehavior [ RunTime:0.000000s ]
INFO: [ app_init ] --END-- [ RunTime:0.000000s ]
NOTIC: [8] Use of undefined constant SHOW_PAGE_TRACE - assumed 'SHOW_PAGE_TRACE' E:\phpStudy\WWW\twoway\Application\Admin\Conf\config.php 第 9 行.

[ 2017-08-02T11:15:19+08:00 ] 127.0.0.1 /index.php/Admin/Index/userRegister.html
INFO: [ app_init ] --START--
INFO: Run Behavior\BuildLiteBehavior [ RunTime:0.000000s ]
INFO: [ app_init ] --END-- [ RunTime:0.000000s ]
NOTIC: [8] Use of undefined constant SHOW_PAGE_TRACE - assumed 'SHOW_PAGE_TRACE' E:\phpStudy\WWW\twoway\Application\Admin\Conf\config.php 第 9 行.
INFO: [ app_begin ] --START--
INFO: Run Behavior\ReadHtmlCacheBehavior [ RunTime:0.000000s ]
INFO: [ app_begin ] --END-- [ RunTime:0.000000s ]
SQL: SHOW COLUMNS FROM `tw_user` [ RunTime:0.0050s ]
NOTIC: [8] Undefined index: validate E:\phpStudy\WWW\twoway\ThinkPHP\Library\Think\Model.class.php 第 1185 行.
SQL: SELECT * FROM `tw_user` WHERE `user_name` = '钟冠民' LIMIT 1   [ RunTime:0.0010s ]
INFO: [ app_end ] --START--
INFO: Run Behavior\ShowPageTraceBehavior [ RunTime:0.000000s ]
INFO: [ app_end ] --END-- [ RunTime:0.000000s ]

[ 2017-08-02T11:15:25+08:00 ] 127.0.0.1 /index.php/Admin/Index/userRegister.html
INFO: [ app_init ] --START--
INFO: Run Behavior\BuildLiteBehavior [ RunTime:0.000000s ]
INFO: [ app_init ] --END-- [ RunTime:0.000000s ]
NOTIC: [8] Use of undefined constant SHOW_PAGE_TRACE - assumed 'SHOW_PAGE_TRACE' E:\phpStudy\WWW\twoway\Application\Admin\Conf\config.php 第 9 行.
INFO: [ app_begin ] --START--
INFO: Run Behavior\ReadHtmlCacheBehavior [ RunTime:0.001000s ]
INFO: [ app_begin ] --END-- [ RunTime:0.001000s ]
SQL: SHOW COLUMNS FROM `tw_user` [ RunTime:0.0030s ]
NOTIC: [8] Undefined index: validate E:\phpStudy\WWW\twoway\ThinkPHP\Library\Think\Model.class.php 第 1185 行.
SQL: SELECT * FROM `tw_user` WHERE `user_name` = '钟冠民1' LIMIT 1   [ RunTime:0.0010s ]
NOTIC: [8] Undefined index: auto E:\phpStudy\WWW\twoway\ThinkPHP\Library\Think\Model.class.php 第 1128 行.
SQL: INSERT INTO `tw_user` (`user_name`,`user_psw`,`user_group`,`user_register`) VALUES ('钟冠民1','40bd001563085fc35165329ea1ff5c5ecbdbbeef','2','2017-08-02 11:15:25') [ RunTime:0.0770s ]
INFO: [ app_end ] --START--
INFO: Run Behavior\ShowPageTraceBehavior [ RunTime:0.000000s ]
INFO: [ app_end ] --END-- [ RunTime:0.001000s ]

[ 2017-08-02T11:15:27+08:00 ] 127.0.0.1 /index.php/Admin/Index/account_register.html
INFO: [ app_init ] --START--
INFO: Run Behavior\BuildLiteBehavior [ RunTime:0.000000s ]
INFO: [ app_init ] --END-- [ RunTime:0.000000s ]
NOTIC: [8] Use of undefined constant SHOW_PAGE_TRACE - assumed 'SHOW_PAGE_TRACE' E:\phpStudy\WWW\twoway\Application\Admin\Conf\config.php 第 9 行.

[ 2017-08-02T11:15:53+08:00 ] 127.0.0.1 /index.php/Admin/Index/logout.html
INFO: [ app_init ] --START--
INFO: Run Behavior\BuildLiteBehavior [ RunTime:0.000000s ]
INFO: [ app_init ] --END-- [ RunTime:0.000000s ]
NOTIC: [8] Use of undefined constant SHOW_PAGE_TRACE - assumed 'SHOW_PAGE_TRACE' E:\phpStudy\WWW\twoway\Application\Admin\Conf\config.php 第 9 行.

[ 2017-08-02T11:15:54+08:00 ] 127.0.0.1 /index.php/Admin/Index/index
INFO: [ app_init ] --START--
INFO: Run Behavior\BuildLiteBehavior [ RunTime:0.000000s ]
INFO: [ app_init ] --END-- [ RunTime:0.001000s ]
NOTIC: [8] Use of undefined constant SHOW_PAGE_TRACE - assumed 'SHOW_PAGE_TRACE' E:\phpStudy\WWW\twoway\Application\Admin\Conf\config.php 第 9 行.

[ 2017-08-02T11:16:04+08:00 ] 127.0.0.1 /index.php/Admin/Index/login.html
INFO: [ app_init ] --START--
INFO: Run Behavior\BuildLiteBehavior [ RunTime:0.000000s ]
INFO: [ app_init ] --END-- [ RunTime:0.001000s ]
NOTIC: [8] Use of undefined constant SHOW_PAGE_TRACE - assumed 'SHOW_PAGE_TRACE' E:\phpStudy\WWW\twoway\Application\Admin\Conf\config.php 第 9 行.

[ 2017-08-02T11:16:05+08:00 ] 127.0.0.1 /index.php/Admin/Index/base.html
INFO: [ app_init ] --START--
INFO: Run Behavior\BuildLiteBehavior [ RunTime:0.000000s ]
INFO: [ app_init ] --END-- [ RunTime:0.001000s ]
NOTIC: [8] Use of undefined constant SHOW_PAGE_TRACE - assumed 'SHOW_PAGE_TRACE' E:\phpStudy\WWW\twoway\Application\Admin\Conf\config.php 第 9 行.

[ 2017-08-02T13:38:02+08:00 ] 127.0.0.1 /admin
INFO: [ app_init ] --START--
INFO: Run Behavior\BuildLiteBehavior [ RunTime:0.000000s ]
INFO: [ app_init ] --END-- [ RunTime:0.001000s ]
NOTIC: [8] Use of undefined constant SHOW_PAGE_TRACE - assumed 'SHOW_PAGE_TRACE' E:\phpStudy\WWW\twoway\Application\Admin\Conf\config.php 第 9 行.

[ 2017-08-02T13:38:06+08:00 ] 127.0.0.1 /index.php/Admin/Index/login.html
INFO: [ app_init ] --START--
INFO: Run Behavior\BuildLiteBehavior [ RunTime:0.000000s ]
INFO: [ app_init ] --END-- [ RunTime:0.000000s ]
NOTIC: [8] Use of undefined constant SHOW_PAGE_TRACE - assumed 'SHOW_PAGE_TRACE' E:\phpStudy\WWW\twoway\Application\Admin\Conf\config.php 第 9 行.

[ 2017-08-02T13:38:07+08:00 ] 127.0.0.1 /index.php/Admin/Index/base.html
INFO: [ app_init ] --START--
INFO: Run Behavior\BuildLiteBehavior [ RunTime:0.000000s ]
INFO: [ app_init ] --END-- [ RunTime:0.001000s ]
NOTIC: [8] Use of undefined constant SHOW_PAGE_TRACE - assumed 'SHOW_PAGE_TRACE' E:\phpStudy\WWW\twoway\Application\Admin\Conf\config.php 第 9 行.

[ 2017-08-02T13:40:33+08:00 ] 127.0.0.1 /index.php/Admin/Index/logout.html
INFO: [ app_init ] --START--
INFO: Run Behavior\BuildLiteBehavior [ RunTime:0.000000s ]
INFO: [ app_init ] --END-- [ RunTime:0.001000s ]
NOTIC: [8] Use of undefined constant SHOW_PAGE_TRACE - assumed 'SHOW_PAGE_TRACE' E:\phpStudy\WWW\twoway\Application\Admin\Conf\config.php 第 9 行.

[ 2017-08-02T13:40:34+08:00 ] 127.0.0.1 /index.php/Admin/Index/index
INFO: [ app_init ] --START--
INFO: Run Behavior\BuildLiteBehavior [ RunTime:0.000000s ]
INFO: [ app_init ] --END-- [ RunTime:0.001000s ]
NOTIC: [8] Use of undefined constant SHOW_PAGE_TRACE - assumed 'SHOW_PAGE_TRACE' E:\phpStudy\WWW\twoway\Application\Admin\Conf\config.php 第 9 行.

[ 2017-08-02T13:40:39+08:00 ] 127.0.0.1 /index.php/Admin/Index/login.html
INFO: [ app_init ] --START--
INFO: Run Behavior\BuildLiteBehavior [ RunTime:0.000000s ]
INFO: [ app_init ] --END-- [ RunTime:0.001000s ]
NOTIC: [8] Use of undefined constant SHOW_PAGE_TRACE - assumed 'SHOW_PAGE_TRACE' E:\phpStudy\WWW\twoway\Application\Admin\Conf\config.php 第 9 行.

[ 2017-08-02T13:40:40+08:00 ] 127.0.0.1 /index.php/Admin/Index/base.html
INFO: [ app_init ] --START--
INFO: Run Behavior\BuildLiteBehavior [ RunTime:0.000000s ]
INFO: [ app_init ] --END-- [ RunTime:0.001000s ]
NOTIC: [8] Use of undefined constant SHOW_PAGE_TRACE - assumed 'SHOW_PAGE_TRACE' E:\phpStudy\WWW\twoway\Application\Admin\Conf\config.php 第 9 行.

[ 2017-08-02T13:40:49+08:00 ] 127.0.0.1 /index.php/Admin/Index/account_register.html
INFO: [ app_init ] --START--
INFO: Run Behavior\BuildLiteBehavior [ RunTime:0.000000s ]
INFO: [ app_init ] --END-- [ RunTime:0.000000s ]
NOTIC: [8] Use of undefined constant SHOW_PAGE_TRACE - assumed 'SHOW_PAGE_TRACE' E:\phpStudy\WWW\twoway\Application\Admin\Conf\config.php 第 9 行.

[ 2017-08-02T13:57:37+08:00 ] 127.0.0.1 /index.php/Admin/Index/account_register.html
INFO: [ app_init ] --START--
INFO: Run Behavior\BuildLiteBehavior [ RunTime:0.000000s ]
INFO: [ app_init ] --END-- [ RunTime:0.001000s ]
NOTIC: [8] Use of undefined constant SHOW_PAGE_TRACE - assumed 'SHOW_PAGE_TRACE' E:\phpStudy\WWW\twoway\Application\Admin\Conf\config.php 第 9 行.

[ 2017-08-02T13:57:39+08:00 ] 127.0.0.1 /index.php/Admin/Index/account_register.html
INFO: [ app_init ] --START--
INFO: Run Behavior\BuildLiteBehavior [ RunTime:0.000000s ]
INFO: [ app_init ] --END-- [ RunTime:0.000000s ]
NOTIC: [8] Use of undefined constant SHOW_PAGE_TRACE - assumed 'SHOW_PAGE_TRACE' E:\phpStudy\WWW\twoway\Application\Admin\Conf\config.php 第 9 行.

[ 2017-08-02T13:57:42+08:00 ] 127.0.0.1 /index.php/Admin/Index/logout.html
INFO: [ app_init ] --START--
INFO: Run Behavior\BuildLiteBehavior [ RunTime:0.000000s ]
INFO: [ app_init ] --END-- [ RunTime:0.001000s ]
NOTIC: [8] Use of undefined constant SHOW_PAGE_TRACE - assumed 'SHOW_PAGE_TRACE' E:\phpStudy\WWW\twoway\Application\Admin\Conf\config.php 第 9 行.

[ 2017-08-02T13:57:44+08:00 ] 127.0.0.1 /index.php/Admin/Index/index
INFO: [ app_init ] --START--
INFO: Run Behavior\BuildLiteBehavior [ RunTime:0.000000s ]
INFO: [ app_init ] --END-- [ RunTime:0.001000s ]
NOTIC: [8] Use of undefined constant SHOW_PAGE_TRACE - assumed 'SHOW_PAGE_TRACE' E:\phpStudy\WWW\twoway\Application\Admin\Conf\config.php 第 9 行.

[ 2017-08-02T13:57:46+08:00 ] 127.0.0.1 /index.php/Admin/Index/login.html
INFO: [ app_init ] --START--
INFO: Run Behavior\BuildLiteBehavior [ RunTime:0.000000s ]
INFO: [ app_init ] --END-- [ RunTime:0.001000s ]
NOTIC: [8] Use of undefined constant SHOW_PAGE_TRACE - assumed 'SHOW_PAGE_TRACE' E:\phpStudy\WWW\twoway\Application\Admin\Conf\config.php 第 9 行.

[ 2017-08-02T13:57:47+08:00 ] 127.0.0.1 /index.php/Admin/Index/base.html
INFO: [ app_init ] --START--
INFO: Run Behavior\BuildLiteBehavior [ RunTime:0.001000s ]
INFO: [ app_init ] --END-- [ RunTime:0.001000s ]
NOTIC: [8] Use of undefined constant SHOW_PAGE_TRACE - assumed 'SHOW_PAGE_TRACE' E:\phpStudy\WWW\twoway\Application\Admin\Conf\config.php 第 9 行.

[ 2017-08-02T13:58:37+08:00 ] 127.0.0.1 /index.php/Admin/Index/base.html
INFO: [ app_init ] --START--
INFO: Run Behavior\BuildLiteBehavior [ RunTime:0.000000s ]
INFO: [ app_init ] --END-- [ RunTime:0.001000s ]
NOTIC: [8] Use of undefined constant SHOW_PAGE_TRACE - assumed 'SHOW_PAGE_TRACE' E:\phpStudy\WWW\twoway\Application\Admin\Conf\config.php 第 9 行.

[ 2017-08-02T13:58:41+08:00 ] 127.0.0.1 /index.php/Admin/Index/logout.html
INFO: [ app_init ] --START--
INFO: Run Behavior\BuildLiteBehavior [ RunTime:0.000000s ]
INFO: [ app_init ] --END-- [ RunTime:0.001000s ]
NOTIC: [8] Use of undefined constant SHOW_PAGE_TRACE - assumed 'SHOW_PAGE_TRACE' E:\phpStudy\WWW\twoway\Application\Admin\Conf\config.php 第 9 行.

[ 2017-08-02T13:58:44+08:00 ] 127.0.0.1 /index.php/Admin/Index/index
INFO: [ app_init ] --START--
INFO: Run Behavior\BuildLiteBehavior [ RunTime:0.000000s ]
INFO: [ app_init ] --END-- [ RunTime:0.001000s ]
NOTIC: [8] Use of undefined constant SHOW_PAGE_TRACE - assumed 'SHOW_PAGE_TRACE' E:\phpStudy\WWW\twoway\Application\Admin\Conf\config.php 第 9 行.

[ 2017-08-02T13:58:46+08:00 ] 127.0.0.1 /index.php/Admin/Index/login.html
INFO: [ app_init ] --START--
INFO: Run Behavior\BuildLiteBehavior [ RunTime:0.000000s ]
INFO: [ app_init ] --END-- [ RunTime:0.001000s ]
NOTIC: [8] Use of undefined constant SHOW_PAGE_TRACE - assumed 'SHOW_PAGE_TRACE' E:\phpStudy\WWW\twoway\Application\Admin\Conf\config.php 第 9 行.

[ 2017-08-02T13:59:03+08:00 ] 127.0.0.1 /index.php/Admin/Index/login.html
INFO: [ app_init ] --START--
INFO: Run Behavior\BuildLiteBehavior [ RunTime:0.000000s ]
INFO: [ app_init ] --END-- [ RunTime:0.000000s ]
NOTIC: [8] Use of undefined constant SHOW_PAGE_TRACE - assumed 'SHOW_PAGE_TRACE' E:\phpStudy\WWW\twoway\Application\Admin\Conf\config.php 第 9 行.

[ 2017-08-02T13:59:04+08:00 ] 127.0.0.1 /index.php/Admin/Index/base.html
INFO: [ app_init ] --START--
INFO: Run Behavior\BuildLiteBehavior [ RunTime:0.000000s ]
INFO: [ app_init ] --END-- [ RunTime:0.000000s ]
NOTIC: [8] Use of undefined constant SHOW_PAGE_TRACE - assumed 'SHOW_PAGE_TRACE' E:\phpStudy\WWW\twoway\Application\Admin\Conf\config.php 第 9 行.

[ 2017-08-02T14:04:52+08:00 ] 127.0.0.1 /index.php/Admin/Index/logout.html
INFO: [ app_init ] --START--
INFO: Run Behavior\BuildLiteBehavior [ RunTime:0.000000s ]
INFO: [ app_init ] --END-- [ RunTime:0.001000s ]
NOTIC: [8] Use of undefined constant SHOW_PAGE_TRACE - assumed 'SHOW_PAGE_TRACE' E:\phpStudy\WWW\twoway\Application\Admin\Conf\config.php 第 9 行.

[ 2017-08-02T14:05:09+08:00 ] 127.0.0.1 /index.php/Admin/Index/logout.html
INFO: [ app_init ] --START--
INFO: Run Behavior\BuildLiteBehavior [ RunTime:0.000000s ]
INFO: [ app_init ] --END-- [ RunTime:0.001000s ]
NOTIC: [8] Use of undefined constant SHOW_PAGE_TRACE - assumed 'SHOW_PAGE_TRACE' E:\phpStudy\WWW\twoway\Application\Admin\Conf\config.php 第 9 行.

[ 2017-08-02T14:05:10+08:00 ] 127.0.0.1 /index.php/Admin/Index/index
INFO: [ app_init ] --START--
INFO: Run Behavior\BuildLiteBehavior [ RunTime:0.000000s ]
INFO: [ app_init ] --END-- [ RunTime:0.000000s ]
NOTIC: [8] Use of undefined constant SHOW_PAGE_TRACE - assumed 'SHOW_PAGE_TRACE' E:\phpStudy\WWW\twoway\Application\Admin\Conf\config.php 第 9 行.

[ 2017-08-02T14:05:13+08:00 ] 127.0.0.1 /index.php/Admin/Index/login.html
INFO: [ app_init ] --START--
INFO: Run Behavior\BuildLiteBehavior [ RunTime:0.000000s ]
INFO: [ app_init ] --END-- [ RunTime:0.001000s ]
NOTIC: [8] Use of undefined constant SHOW_PAGE_TRACE - assumed 'SHOW_PAGE_TRACE' E:\phpStudy\WWW\twoway\Application\Admin\Conf\config.php 第 9 行.

[ 2017-08-02T14:06:53+08:00 ] 127.0.0.1 /index.php/Admin/Index/login.html
INFO: [ app_init ] --START--
INFO: Run Behavior\BuildLiteBehavior [ RunTime:0.000000s ]
INFO: [ app_init ] --END-- [ RunTime:0.001000s ]
NOTIC: [8] Use of undefined constant SHOW_PAGE_TRACE - assumed 'SHOW_PAGE_TRACE' E:\phpStudy\WWW\twoway\Application\Admin\Conf\config.php 第 9 行.

[ 2017-08-02T14:06:54+08:00 ] 127.0.0.1 /index.php/Admin/Index/base.html
INFO: [ app_init ] --START--
INFO: Run Behavior\BuildLiteBehavior [ RunTime:0.000000s ]
INFO: [ app_init ] --END-- [ RunTime:0.001000s ]
NOTIC: [8] Use of undefined constant SHOW_PAGE_TRACE - assumed 'SHOW_PAGE_TRACE' E:\phpStudy\WWW\twoway\Application\Admin\Conf\config.php 第 9 行.

[ 2017-08-02T14:06:58+08:00 ] 127.0.0.1 /index.php/Admin/Index/logout.html
INFO: [ app_init ] --START--
INFO: Run Behavior\BuildLiteBehavior [ RunTime:0.001000s ]
INFO: [ app_init ] --END-- [ RunTime:0.001000s ]
NOTIC: [8] Use of undefined constant SHOW_PAGE_TRACE - assumed 'SHOW_PAGE_TRACE' E:\phpStudy\WWW\twoway\Application\Admin\Conf\config.php 第 9 行.

[ 2017-08-02T14:06:59+08:00 ] 127.0.0.1 /index.php/Admin/Index/index
INFO: [ app_init ] --START--
INFO: Run Behavior\BuildLiteBehavior [ RunTime:0.000000s ]
INFO: [ app_init ] --END-- [ RunTime:0.001000s ]
NOTIC: [8] Use of undefined constant SHOW_PAGE_TRACE - assumed 'SHOW_PAGE_TRACE' E:\phpStudy\WWW\twoway\Application\Admin\Conf\config.php 第 9 行.

[ 2017-08-02T14:07:02+08:00 ] 127.0.0.1 /index.php/Admin/Index/login.html
INFO: [ app_init ] --START--
INFO: Run Behavior\BuildLiteBehavior [ RunTime:0.000000s ]
INFO: [ app_init ] --END-- [ RunTime:0.001000s ]
NOTIC: [8] Use of undefined constant SHOW_PAGE_TRACE - assumed 'SHOW_PAGE_TRACE' E:\phpStudy\WWW\twoway\Application\Admin\Conf\config.php 第 9 行.

[ 2017-08-02T14:07:48+08:00 ] 127.0.0.1 /index.php/Admin/Index/login.html
INFO: [ app_init ] --START--
INFO: Run Behavior\BuildLiteBehavior [ RunTime:0.000000s ]
INFO: [ app_init ] --END-- [ RunTime:0.000000s ]
NOTIC: [8] Use of undefined constant SHOW_PAGE_TRACE - assumed 'SHOW_PAGE_TRACE' E:\phpStudy\WWW\twoway\Application\Admin\Conf\config.php 第 9 行.

[ 2017-08-02T14:07:50+08:00 ] 127.0.0.1 /index.php/Admin/Index/base.html
INFO: [ app_init ] --START--
INFO: Run Behavior\BuildLiteBehavior [ RunTime:0.000000s ]
INFO: [ app_init ] --END-- [ RunTime:0.000000s ]
NOTIC: [8] Use of undefined constant SHOW_PAGE_TRACE - assumed 'SHOW_PAGE_TRACE' E:\phpStudy\WWW\twoway\Application\Admin\Conf\config.php 第 9 行.

[ 2017-08-02T14:07:53+08:00 ] 127.0.0.1 /index.php/Admin/Index/logout.html
INFO: [ app_init ] --START--
INFO: Run Behavior\BuildLiteBehavior [ RunTime:0.000000s ]
INFO: [ app_init ] --END-- [ RunTime:0.001000s ]
NOTIC: [8] Use of undefined constant SHOW_PAGE_TRACE - assumed 'SHOW_PAGE_TRACE' E:\phpStudy\WWW\twoway\Application\Admin\Conf\config.php 第 9 行.

[ 2017-08-02T14:07:54+08:00 ] 127.0.0.1 /index.php/Admin/Index/index
INFO: [ app_init ] --START--
INFO: Run Behavior\BuildLiteBehavior [ RunTime:0.000000s ]
INFO: [ app_init ] --END-- [ RunTime:0.001000s ]
NOTIC: [8] Use of undefined constant SHOW_PAGE_TRACE - assumed 'SHOW_PAGE_TRACE' E:\phpStudy\WWW\twoway\Application\Admin\Conf\config.php 第 9 行.

[ 2017-08-02T14:07:57+08:00 ] 127.0.0.1 /index.php/Admin/Index/login.html
INFO: [ app_init ] --START--
INFO: Run Behavior\BuildLiteBehavior [ RunTime:0.000000s ]
INFO: [ app_init ] --END-- [ RunTime:0.000000s ]
NOTIC: [8] Use of undefined constant SHOW_PAGE_TRACE - assumed 'SHOW_PAGE_TRACE' E:\phpStudy\WWW\twoway\Application\Admin\Conf\config.php 第 9 行.
ERR: :
 [ SQL语句 ] : UPDATE `tw_user` SET `user_last` = "2017-08-02 14:07:57" WHERE `user_name`="vition"

[ 2017-08-02T14:08:50+08:00 ] 127.0.0.1 /index.php/Admin/Index/login.html
INFO: [ app_init ] --START--
INFO: Run Behavior\BuildLiteBehavior [ RunTime:0.000000s ]
INFO: [ app_init ] --END-- [ RunTime:0.001000s ]
NOTIC: [8] Use of undefined constant SHOW_PAGE_TRACE - assumed 'SHOW_PAGE_TRACE' E:\phpStudy\WWW\twoway\Application\Admin\Conf\config.php 第 9 行.

[ 2017-08-02T14:08:51+08:00 ] 127.0.0.1 /index.php/Admin/Index/base.html
INFO: [ app_init ] --START--
INFO: Run Behavior\BuildLiteBehavior [ RunTime:0.000000s ]
INFO: [ app_init ] --END-- [ RunTime:0.001000s ]
NOTIC: [8] Use of undefined constant SHOW_PAGE_TRACE - assumed 'SHOW_PAGE_TRACE' E:\phpStudy\WWW\twoway\Application\Admin\Conf\config.php 第 9 行.

[ 2017-08-02T14:08:57+08:00 ] 127.0.0.1 /index.php/Admin/Index/logout.html
INFO: [ app_init ] --START--
INFO: Run Behavior\BuildLiteBehavior [ RunTime:0.000000s ]
INFO: [ app_init ] --END-- [ RunTime:0.000000s ]
NOTIC: [8] Use of undefined constant SHOW_PAGE_TRACE - assumed 'SHOW_PAGE_TRACE' E:\phpStudy\WWW\twoway\Application\Admin\Conf\config.php 第 9 行.

[ 2017-08-02T14:08:58+08:00 ] 127.0.0.1 /index.php/Admin/Index/index
INFO: [ app_init ] --START--
INFO: Run Behavior\BuildLiteBehavior [ RunTime:0.000000s ]
INFO: [ app_init ] --END-- [ RunTime:0.000000s ]
NOTIC: [8] Use of undefined constant SHOW_PAGE_TRACE - assumed 'SHOW_PAGE_TRACE' E:\phpStudy\WWW\twoway\Application\Admin\Conf\config.php 第 9 行.

[ 2017-08-02T14:09:03+08:00 ] 127.0.0.1 /index.php/Admin/Index/login.html
INFO: [ app_init ] --START--
INFO: Run Behavior\BuildLiteBehavior [ RunTime:0.000000s ]
INFO: [ app_init ] --END-- [ RunTime:0.001000s ]
NOTIC: [8] Use of undefined constant SHOW_PAGE_TRACE - assumed 'SHOW_PAGE_TRACE' E:\phpStudy\WWW\twoway\Application\Admin\Conf\config.php 第 9 行.
ERR: :
 [ SQL语句 ] : UPDATE `tw_user` SET `user_last` = "2017-08-02 14:09:03" WHERE `user_name`="vition";

[ 2017-08-02T14:09:42+08:00 ] 127.0.0.1 /index.php/Admin/Index/login.html
INFO: [ app_init ] --START--
INFO: Run Behavior\BuildLiteBehavior [ RunTime:0.000000s ]
INFO: [ app_init ] --END-- [ RunTime:0.001000s ]
NOTIC: [8] Use of undefined constant SHOW_PAGE_TRACE - assumed 'SHOW_PAGE_TRACE' E:\phpStudy\WWW\twoway\Application\Admin\Conf\config.php 第 9 行.

[ 2017-08-02T14:09:43+08:00 ] 127.0.0.1 /index.php/Admin/Index/base.html
INFO: [ app_init ] --START--
INFO: Run Behavior\BuildLiteBehavior [ RunTime:0.001000s ]
INFO: [ app_init ] --END-- [ RunTime:0.001000s ]
NOTIC: [8] Use of undefined constant SHOW_PAGE_TRACE - assumed 'SHOW_PAGE_TRACE' E:\phpStudy\WWW\twoway\Application\Admin\Conf\config.php 第 9 行.

[ 2017-08-02T14:10:08+08:00 ] 127.0.0.1 /index.php/Admin/Index/logout.html
INFO: [ app_init ] --START--
INFO: Run Behavior\BuildLiteBehavior [ RunTime:0.000000s ]
INFO: [ app_init ] --END-- [ RunTime:0.001000s ]
NOTIC: [8] Use of undefined constant SHOW_PAGE_TRACE - assumed 'SHOW_PAGE_TRACE' E:\phpStudy\WWW\twoway\Application\Admin\Conf\config.php 第 9 行.

[ 2017-08-02T14:10:09+08:00 ] 127.0.0.1 /index.php/Admin/Index/index
INFO: [ app_init ] --START--
INFO: Run Behavior\BuildLiteBehavior [ RunTime:0.000000s ]
INFO: [ app_init ] --END-- [ RunTime:0.001000s ]
NOTIC: [8] Use of undefined constant SHOW_PAGE_TRACE - assumed 'SHOW_PAGE_TRACE' E:\phpStudy\WWW\twoway\Application\Admin\Conf\config.php 第 9 行.

[ 2017-08-02T14:10:14+08:00 ] 127.0.0.1 /index.php/Admin/Index/login.html
INFO: [ app_init ] --START--
INFO: Run Behavior\BuildLiteBehavior [ RunTime:0.000000s ]
INFO: [ app_init ] --END-- [ RunTime:0.000000s ]
NOTIC: [8] Use of undefined constant SHOW_PAGE_TRACE - assumed 'SHOW_PAGE_TRACE' E:\phpStudy\WWW\twoway\Application\Admin\Conf\config.php 第 9 行.

[ 2017-08-02T14:10:33+08:00 ] 127.0.0.1 /index.php/Admin/Index/login.html
INFO: [ app_init ] --START--
INFO: Run Behavior\BuildLiteBehavior [ RunTime:0.000000s ]
INFO: [ app_init ] --END-- [ RunTime:0.001000s ]
NOTIC: [8] Use of undefined constant SHOW_PAGE_TRACE - assumed 'SHOW_PAGE_TRACE' E:\phpStudy\WWW\twoway\Application\Admin\Conf\config.php 第 9 行.

[ 2017-08-02T14:10:34+08:00 ] 127.0.0.1 /index.php/Admin/Index/base.html
INFO: [ app_init ] --START--
INFO: Run Behavior\BuildLiteBehavior [ RunTime:0.000000s ]
INFO: [ app_init ] --END-- [ RunTime:0.001000s ]
NOTIC: [8] Use of undefined constant SHOW_PAGE_TRACE - assumed 'SHOW_PAGE_TRACE' E:\phpStudy\WWW\twoway\Application\Admin\Conf\config.php 第 9 行.

[ 2017-08-02T14:10:49+08:00 ] 127.0.0.1 /index.php/Admin/Index/logout.html
INFO: [ app_init ] --START--
INFO: Run Behavior\BuildLiteBehavior [ RunTime:0.000000s ]
INFO: [ app_init ] --END-- [ RunTime:0.001000s ]
NOTIC: [8] Use of undefined constant SHOW_PAGE_TRACE - assumed 'SHOW_PAGE_TRACE' E:\phpStudy\WWW\twoway\Application\Admin\Conf\config.php 第 9 行.

[ 2017-08-02T14:10:50+08:00 ] 127.0.0.1 /index.php/Admin/Index/index
INFO: [ app_init ] --START--
INFO: Run Behavior\BuildLiteBehavior [ RunTime:0.000000s ]
INFO: [ app_init ] --END-- [ RunTime:0.000000s ]
NOTIC: [8] Use of undefined constant SHOW_PAGE_TRACE - assumed 'SHOW_PAGE_TRACE' E:\phpStudy\WWW\twoway\Application\Admin\Conf\config.php 第 9 行.

[ 2017-08-02T14:10:53+08:00 ] 127.0.0.1 /index.php/Admin/Index/login.html
INFO: [ app_init ] --START--
INFO: Run Behavior\BuildLiteBehavior [ RunTime:0.000000s ]
INFO: [ app_init ] --END-- [ RunTime:0.000000s ]
NOTIC: [8] Use of undefined constant SHOW_PAGE_TRACE - assumed 'SHOW_PAGE_TRACE' E:\phpStudy\WWW\twoway\Application\Admin\Conf\config.php 第 9 行.
ERR: :
 [ SQL语句 ] : UPDATE `tw_user` SET `user_last` = "2017-08-02 14:10:53" WHERE `user_name`="minmin";

[ 2017-08-02T14:11:05+08:00 ] 127.0.0.1 /index.php/Admin/Index/login.html
INFO: [ app_init ] --START--
INFO: Run Behavior\BuildLiteBehavior [ RunTime:0.000000s ]
INFO: [ app_init ] --END-- [ RunTime:0.000000s ]
NOTIC: [8] Use of undefined constant SHOW_PAGE_TRACE - assumed 'SHOW_PAGE_TRACE' E:\phpStudy\WWW\twoway\Application\Admin\Conf\config.php 第 9 行.

[ 2017-08-02T14:11:06+08:00 ] 127.0.0.1 /index.php/Admin/Index/base.html
INFO: [ app_init ] --START--
INFO: Run Behavior\BuildLiteBehavior [ RunTime:0.000000s ]
INFO: [ app_init ] --END-- [ RunTime:0.000000s ]
NOTIC: [8] Use of undefined constant SHOW_PAGE_TRACE - assumed 'SHOW_PAGE_TRACE' E:\phpStudy\WWW\twoway\Application\Admin\Conf\config.php 第 9 行.

[ 2017-08-02T14:17:15+08:00 ] 127.0.0.1 /index.php/Admin/Index/logout.html
INFO: [ app_init ] --START--
INFO: Run Behavior\BuildLiteBehavior [ RunTime:0.000000s ]
INFO: [ app_init ] --END-- [ RunTime:0.001000s ]
NOTIC: [8] Use of undefined constant SHOW_PAGE_TRACE - assumed 'SHOW_PAGE_TRACE' E:\phpStudy\WWW\twoway\Application\Admin\Conf\config.php 第 9 行.

[ 2017-08-02T14:17:17+08:00 ] 127.0.0.1 /index.php/Admin/Index/index
INFO: [ app_init ] --START--
INFO: Run Behavior\BuildLiteBehavior [ RunTime:0.000000s ]
INFO: [ app_init ] --END-- [ RunTime:0.001000s ]
NOTIC: [8] Use of undefined constant SHOW_PAGE_TRACE - assumed 'SHOW_PAGE_TRACE' E:\phpStudy\WWW\twoway\Application\Admin\Conf\config.php 第 9 行.

[ 2017-08-02T14:17:19+08:00 ] 127.0.0.1 /index.php/Admin/Index/login.html
INFO: [ app_init ] --START--
INFO: Run Behavior\BuildLiteBehavior [ RunTime:0.000000s ]
INFO: [ app_init ] --END-- [ RunTime:0.000000s ]
NOTIC: [8] Use of undefined constant SHOW_PAGE_TRACE - assumed 'SHOW_PAGE_TRACE' E:\phpStudy\WWW\twoway\Application\Admin\Conf\config.php 第 9 行.
ERR: :
 [ SQL语句 ] : UPDATE `tw_user` SET `user_last` = "2017-08-02 14:17:19" WHERE `user_name`="minmin";

[ 2017-08-02T14:33:34+08:00 ] 127.0.0.1 /index.php/Admin/Index/login.html
INFO: [ app_init ] --START--
INFO: Run Behavior\BuildLiteBehavior [ RunTime:0.000000s ]
INFO: [ app_init ] --END-- [ RunTime:0.001000s ]
NOTIC: [8] Use of undefined constant SHOW_PAGE_TRACE - assumed 'SHOW_PAGE_TRACE' E:\phpStudy\WWW\twoway\Application\Admin\Conf\config.php 第 9 行.

[ 2017-08-02T14:33:35+08:00 ] 127.0.0.1 /index.php/Admin/Index/base.html
INFO: [ app_init ] --START--
INFO: Run Behavior\BuildLiteBehavior [ RunTime:0.000000s ]
INFO: [ app_init ] --END-- [ RunTime:0.001000s ]
NOTIC: [8] Use of undefined constant SHOW_PAGE_TRACE - assumed 'SHOW_PAGE_TRACE' E:\phpStudy\WWW\twoway\Application\Admin\Conf\config.php 第 9 行.

[ 2017-08-02T14:33:39+08:00 ] 127.0.0.1 /index.php/Admin/Index/logout.html
INFO: [ app_init ] --START--
INFO: Run Behavior\BuildLiteBehavior [ RunTime:0.000000s ]
INFO: [ app_init ] --END-- [ RunTime:0.000000s ]
NOTIC: [8] Use of undefined constant SHOW_PAGE_TRACE - assumed 'SHOW_PAGE_TRACE' E:\phpStudy\WWW\twoway\Application\Admin\Conf\config.php 第 9 行.

[ 2017-08-02T14:33:40+08:00 ] 127.0.0.1 /index.php/Admin/Index/index
INFO: [ app_init ] --START--
INFO: Run Behavior\BuildLiteBehavior [ RunTime:0.000000s ]
INFO: [ app_init ] --END-- [ RunTime:0.001000s ]
NOTIC: [8] Use of undefined constant SHOW_PAGE_TRACE - assumed 'SHOW_PAGE_TRACE' E:\phpStudy\WWW\twoway\Application\Admin\Conf\config.php 第 9 行.

[ 2017-08-02T14:33:53+08:00 ] 127.0.0.1 /index.php/Admin/Index/login.html
INFO: [ app_init ] --START--
INFO: Run Behavior\BuildLiteBehavior [ RunTime:0.000000s ]
INFO: [ app_init ] --END-- [ RunTime:0.000000s ]
NOTIC: [8] Use of undefined constant SHOW_PAGE_TRACE - assumed 'SHOW_PAGE_TRACE' E:\phpStudy\WWW\twoway\Application\Admin\Conf\config.php 第 9 行.

[ 2017-08-02T14:33:54+08:00 ] 127.0.0.1 /index.php/Admin/Index/index
INFO: [ app_init ] --START--
INFO: Run Behavior\BuildLiteBehavior [ RunTime:0.000000s ]
INFO: [ app_init ] --END-- [ RunTime:0.001000s ]
NOTIC: [8] Use of undefined constant SHOW_PAGE_TRACE - assumed 'SHOW_PAGE_TRACE' E:\phpStudy\WWW\twoway\Application\Admin\Conf\config.php 第 9 行.

[ 2017-08-02T14:34:02+08:00 ] 127.0.0.1 /index.php/Admin/Index/login.html
INFO: [ app_init ] --START--
INFO: Run Behavior\BuildLiteBehavior [ RunTime:0.000000s ]
INFO: [ app_init ] --END-- [ RunTime:0.001000s ]
NOTIC: [8] Use of undefined constant SHOW_PAGE_TRACE - assumed 'SHOW_PAGE_TRACE' E:\phpStudy\WWW\twoway\Application\Admin\Conf\config.php 第 9 行.

[ 2017-08-02T14:34:03+08:00 ] 127.0.0.1 /index.php/Admin/Index/base.html
INFO: [ app_init ] --START--
INFO: Run Behavior\BuildLiteBehavior [ RunTime:0.000000s ]
INFO: [ app_init ] --END-- [ RunTime:0.001000s ]
NOTIC: [8] Use of undefined constant SHOW_PAGE_TRACE - assumed 'SHOW_PAGE_TRACE' E:\phpStudy\WWW\twoway\Application\Admin\Conf\config.php 第 9 行.

[ 2017-08-02T14:35:23+08:00 ] 127.0.0.1 /index.php/Admin/Index/logout.html
INFO: [ app_init ] --START--
INFO: Run Behavior\BuildLiteBehavior [ RunTime:0.000000s ]
INFO: [ app_init ] --END-- [ RunTime:0.001000s ]
NOTIC: [8] Use of undefined constant SHOW_PAGE_TRACE - assumed 'SHOW_PAGE_TRACE' E:\phpStudy\WWW\twoway\Application\Admin\Conf\config.php 第 9 行.

[ 2017-08-02T14:35:24+08:00 ] 127.0.0.1 /index.php/Admin/Index/index
INFO: [ app_init ] --START--
INFO: Run Behavior\BuildLiteBehavior [ RunTime:0.000000s ]
INFO: [ app_init ] --END-- [ RunTime:0.001000s ]
NOTIC: [8] Use of undefined constant SHOW_PAGE_TRACE - assumed 'SHOW_PAGE_TRACE' E:\phpStudy\WWW\twoway\Application\Admin\Conf\config.php 第 9 行.

[ 2017-08-02T14:35:30+08:00 ] 127.0.0.1 /index.php/Admin/Index/login.html
INFO: [ app_init ] --START--
INFO: Run Behavior\BuildLiteBehavior [ RunTime:0.000000s ]
INFO: [ app_init ] --END-- [ RunTime:0.000000s ]
NOTIC: [8] Use of undefined constant SHOW_PAGE_TRACE - assumed 'SHOW_PAGE_TRACE' E:\phpStudy\WWW\twoway\Application\Admin\Conf\config.php 第 9 行.

[ 2017-08-02T14:35:32+08:00 ] 127.0.0.1 /index.php/Admin/Index/base.html
INFO: [ app_init ] --START--
INFO: Run Behavior\BuildLiteBehavior [ RunTime:0.000000s ]
INFO: [ app_init ] --END-- [ RunTime:0.001000s ]
NOTIC: [8] Use of undefined constant SHOW_PAGE_TRACE - assumed 'SHOW_PAGE_TRACE' E:\phpStudy\WWW\twoway\Application\Admin\Conf\config.php 第 9 行.

[ 2017-08-02T14:38:57+08:00 ] 127.0.0.1 /index.php/Admin/Index/account_register.html
INFO: [ app_init ] --START--
INFO: Run Behavior\BuildLiteBehavior [ RunTime:0.000000s ]
INFO: [ app_init ] --END-- [ RunTime:0.000000s ]
NOTIC: [8] Use of undefined constant SHOW_PAGE_TRACE - assumed 'SHOW_PAGE_TRACE' E:\phpStudy\WWW\twoway\Application\Admin\Conf\config.php 第 9 行.

[ 2017-08-02T14:39:12+08:00 ] 127.0.0.1 /index.php/Admin/Index/account_register.html
INFO: [ app_init ] --START--
INFO: Run Behavior\BuildLiteBehavior [ RunTime:0.000000s ]
INFO: [ app_init ] --END-- [ RunTime:0.000000s ]
NOTIC: [8] Use of undefined constant SHOW_PAGE_TRACE - assumed 'SHOW_PAGE_TRACE' E:\phpStudy\WWW\twoway\Application\Admin\Conf\config.php 第 9 行.

[ 2017-08-02T14:39:17+08:00 ] 127.0.0.1 /index.php/Admin/Index/account_register.html
INFO: [ app_init ] --START--
INFO: Run Behavior\BuildLiteBehavior [ RunTime:0.000000s ]
INFO: [ app_init ] --END-- [ RunTime:0.000000s ]
NOTIC: [8] Use of undefined constant SHOW_PAGE_TRACE - assumed 'SHOW_PAGE_TRACE' E:\phpStudy\WWW\twoway\Application\Admin\Conf\config.php 第 9 行.

[ 2017-08-02T14:40:14+08:00 ] 127.0.0.1 /index.php/Admin/Index/account_register.html
INFO: [ app_init ] --START--
INFO: Run Behavior\BuildLiteBehavior [ RunTime:0.000000s ]
INFO: [ app_init ] --END-- [ RunTime:0.001000s ]
NOTIC: [8] Use of undefined constant SHOW_PAGE_TRACE - assumed 'SHOW_PAGE_TRACE' E:\phpStudy\WWW\twoway\Application\Admin\Conf\config.php 第 9 行.

[ 2017-08-02T14:40:21+08:00 ] 127.0.0.1 /index.php/Admin/Index/userRegister.html
INFO: [ app_init ] --START--
INFO: Run Behavior\BuildLiteBehavior [ RunTime:0.000000s ]
INFO: [ app_init ] --END-- [ RunTime:0.001000s ]
NOTIC: [8] Use of undefined constant SHOW_PAGE_TRACE - assumed 'SHOW_PAGE_TRACE' E:\phpStudy\WWW\twoway\Application\Admin\Conf\config.php 第 9 行.
INFO: [ app_begin ] --START--
INFO: Run Behavior\ReadHtmlCacheBehavior [ RunTime:0.001000s ]
INFO: [ app_begin ] --END-- [ RunTime:0.001000s ]
SQL: SHOW COLUMNS FROM `tw_user` [ RunTime:0.0110s ]
NOTIC: [8] Undefined index: validate E:\phpStudy\WWW\twoway\ThinkPHP\Library\Think\Model.class.php 第 1185 行.
SQL: SELECT * FROM `tw_user` WHERE `user_name` = '麦迪' LIMIT 1   [ RunTime:0.0000s ]
NOTIC: [8] Undefined index: auto E:\phpStudy\WWW\twoway\ThinkPHP\Library\Think\Model.class.php 第 1128 行.
SQL: INSERT INTO `tw_user` (`user_name`,`user_psw`,`user_group`,`user_register`) VALUES ('麦迪','40bd001563085fc35165329ea1ff5c5ecbdbbeef','1','2017-08-02 14:40:21') [ RunTime:0.0710s ]
INFO: [ app_end ] --START--
INFO: Run Behavior\ShowPageTraceBehavior [ RunTime:0.001000s ]
INFO: [ app_end ] --END-- [ RunTime:0.001000s ]

[ 2017-08-02T14:40:22+08:00 ] 127.0.0.1 /index.php/Admin/Index/account_register.html
INFO: [ app_init ] --START--
INFO: Run Behavior\BuildLiteBehavior [ RunTime:0.000000s ]
INFO: [ app_init ] --END-- [ RunTime:0.000000s ]
NOTIC: [8] Use of undefined constant SHOW_PAGE_TRACE - assumed 'SHOW_PAGE_TRACE' E:\phpStudy\WWW\twoway\Application\Admin\Conf\config.php 第 9 行.

[ 2017-08-02T14:41:53+08:00 ] 127.0.0.1 /index.php/Admin/Index/account_register.html
INFO: [ app_init ] --START--
INFO: Run Behavior\BuildLiteBehavior [ RunTime:0.000000s ]
INFO: [ app_init ] --END-- [ RunTime:0.000000s ]
NOTIC: [8] Use of undefined constant SHOW_PAGE_TRACE - assumed 'SHOW_PAGE_TRACE' E:\phpStudy\WWW\twoway\Application\Admin\Conf\config.php 第 9 行.

[ 2017-08-02T14:41:57+08:00 ] 127.0.0.1 /index.php/Admin/Index/userRegister.html
INFO: [ app_init ] --START--
INFO: Run Behavior\BuildLiteBehavior [ RunTime:0.000000s ]
INFO: [ app_init ] --END-- [ RunTime:0.000000s ]
NOTIC: [8] Use of undefined constant SHOW_PAGE_TRACE - assumed 'SHOW_PAGE_TRACE' E:\phpStudy\WWW\twoway\Application\Admin\Conf\config.php 第 9 行.
INFO: [ app_begin ] --START--
INFO: Run Behavior\ReadHtmlCacheBehavior [ RunTime:0.001000s ]
INFO: [ app_begin ] --END-- [ RunTime:0.001000s ]
SQL: SHOW COLUMNS FROM `tw_user` [ RunTime:0.0090s ]
NOTIC: [8] Undefined index: validate E:\phpStudy\WWW\twoway\ThinkPHP\Library\Think\Model.class.php 第 1185 行.
SQL: SELECT * FROM `tw_user` WHERE `user_name` = '' LIMIT 1   [ RunTime:0.0010s ]
NOTIC: [8] Undefined index: auto E:\phpStudy\WWW\twoway\ThinkPHP\Library\Think\Model.class.php 第 1128 行.
SQL: INSERT INTO `tw_user` (`user_name`,`user_psw`,`user_group`,`user_register`) VALUES ('','da39a3ee5e6b4b0d3255bfef95601890afd80709','1','2017-08-02 14:41:57') [ RunTime:0.0590s ]
INFO: [ app_end ] --START--
INFO: Run Behavior\ShowPageTraceBehavior [ RunTime:0.001000s ]
INFO: [ app_end ] --END-- [ RunTime:0.001000s ]

[ 2017-08-02T14:41:58+08:00 ] 127.0.0.1 /index.php/Admin/Index/account_register.html
INFO: [ app_init ] --START--
INFO: Run Behavior\BuildLiteBehavior [ RunTime:0.000000s ]
INFO: [ app_init ] --END-- [ RunTime:0.001000s ]
NOTIC: [8] Use of undefined constant SHOW_PAGE_TRACE - assumed 'SHOW_PAGE_TRACE' E:\phpStudy\WWW\twoway\Application\Admin\Conf\config.php 第 9 行.

[ 2017-08-02T14:42:21+08:00 ] 127.0.0.1 /index.php/Admin/Index/account_register.html
INFO: [ app_init ] --START--
INFO: Run Behavior\BuildLiteBehavior [ RunTime:0.000000s ]
INFO: [ app_init ] --END-- [ RunTime:0.001000s ]
NOTIC: [8] Use of undefined constant SHOW_PAGE_TRACE - assumed 'SHOW_PAGE_TRACE' E:\phpStudy\WWW\twoway\Application\Admin\Conf\config.php 第 9 行.

[ 2017-08-02T14:43:09+08:00 ] 127.0.0.1 /index.php/Admin/Index/account_register.html
INFO: [ app_init ] --START--
INFO: Run Behavior\BuildLiteBehavior [ RunTime:0.000000s ]
INFO: [ app_init ] --END-- [ RunTime:0.000000s ]
NOTIC: [8] Use of undefined constant SHOW_PAGE_TRACE - assumed 'SHOW_PAGE_TRACE' E:\phpStudy\WWW\twoway\Application\Admin\Conf\config.php 第 9 行.

[ 2017-08-02T14:44:38+08:00 ] 127.0.0.1 /index.php/Admin/Index/account_register.html
INFO: [ app_init ] --START--
INFO: Run Behavior\BuildLiteBehavior [ RunTime:0.000000s ]
INFO: [ app_init ] --END-- [ RunTime:0.001000s ]
NOTIC: [8] Use of undefined constant SHOW_PAGE_TRACE - assumed 'SHOW_PAGE_TRACE' E:\phpStudy\WWW\twoway\Application\Admin\Conf\config.php 第 9 行.

[ 2017-08-02T14:44:42+08:00 ] 127.0.0.1 /index.php/Admin/Index/userRegister.html
INFO: [ app_init ] --START--
INFO: Run Behavior\BuildLiteBehavior [ RunTime:0.000000s ]
INFO: [ app_init ] --END-- [ RunTime:0.000000s ]
NOTIC: [8] Use of undefined constant SHOW_PAGE_TRACE - assumed 'SHOW_PAGE_TRACE' E:\phpStudy\WWW\twoway\Application\Admin\Conf\config.php 第 9 行.
INFO: [ app_begin ] --START--
INFO: Run Behavior\ReadHtmlCacheBehavior [ RunTime:0.001000s ]
INFO: [ app_begin ] --END-- [ RunTime:0.001000s ]
SQL: SHOW COLUMNS FROM `tw_user` [ RunTime:0.0070s ]
NOTIC: [8] Undefined index: validate E:\phpStudy\WWW\twoway\ThinkPHP\Library\Think\Model.class.php 第 1185 行.
SQL: SELECT * FROM `tw_user` WHERE `user_name` = 'AJ' LIMIT 1   [ RunTime:0.0000s ]
NOTIC: [8] Undefined index: auto E:\phpStudy\WWW\twoway\ThinkPHP\Library\Think\Model.class.php 第 1128 行.
SQL: INSERT INTO `tw_user` (`user_name`,`user_psw`,`user_group`,`user_register`) VALUES ('AJ','da39a3ee5e6b4b0d3255bfef95601890afd80709','1','2017-08-02 14:44:41') [ RunTime:0.0910s ]
INFO: [ app_end ] --START--
INFO: Run Behavior\ShowPageTraceBehavior [ RunTime:0.001000s ]
INFO: [ app_end ] --END-- [ RunTime:0.001000s ]

[ 2017-08-02T14:44:43+08:00 ] 127.0.0.1 /index.php/Admin/Index/account_register.html
INFO: [ app_init ] --START--
INFO: Run Behavior\BuildLiteBehavior [ RunTime:0.000000s ]
INFO: [ app_init ] --END-- [ RunTime:0.000000s ]
NOTIC: [8] Use of undefined constant SHOW_PAGE_TRACE - assumed 'SHOW_PAGE_TRACE' E:\phpStudy\WWW\twoway\Application\Admin\Conf\config.php 第 9 行.

[ 2017-08-02T14:46:40+08:00 ] 127.0.0.1 /index.php/Admin/Index/account_register.html
INFO: [ app_init ] --START--
INFO: Run Behavior\BuildLiteBehavior [ RunTime:0.000000s ]
INFO: [ app_init ] --END-- [ RunTime:0.000000s ]
NOTIC: [8] Use of undefined constant SHOW_PAGE_TRACE - assumed 'SHOW_PAGE_TRACE' E:\phpStudy\WWW\twoway\Application\Admin\Conf\config.php 第 9 行.

[ 2017-08-02T14:51:49+08:00 ] 127.0.0.1 /index.php/Admin/Index/account_register.html
INFO: [ app_init ] --START--
INFO: Run Behavior\BuildLiteBehavior [ RunTime:0.000000s ]
INFO: [ app_init ] --END-- [ RunTime:0.001000s ]
NOTIC: [8] Use of undefined constant SHOW_PAGE_TRACE - assumed 'SHOW_PAGE_TRACE' E:\phpStudy\WWW\twoway\Application\Admin\Conf\config.php 第 9 行.

[ 2017-08-02T14:52:23+08:00 ] 127.0.0.1 /index.php/Admin/Index/account_register.html
INFO: [ app_init ] --START--
INFO: Run Behavior\BuildLiteBehavior [ RunTime:0.000000s ]
INFO: [ app_init ] --END-- [ RunTime:0.001000s ]
NOTIC: [8] Use of undefined constant SHOW_PAGE_TRACE - assumed 'SHOW_PAGE_TRACE' E:\phpStudy\WWW\twoway\Application\Admin\Conf\config.php 第 9 行.

[ 2017-08-02T14:52:46+08:00 ] 127.0.0.1 /index.php/Admin/Index/account_register.html
INFO: [ app_init ] --START--
INFO: Run Behavior\BuildLiteBehavior [ RunTime:0.000000s ]
INFO: [ app_init ] --END-- [ RunTime:0.000000s ]
NOTIC: [8] Use of undefined constant SHOW_PAGE_TRACE - assumed 'SHOW_PAGE_TRACE' E:\phpStudy\WWW\twoway\Application\Admin\Conf\config.php 第 9 行.

[ 2017-08-02T14:53:30+08:00 ] 127.0.0.1 /index.php/Admin/Index/account_register.html
INFO: [ app_init ] --START--
INFO: Run Behavior\BuildLiteBehavior [ RunTime:0.000000s ]
INFO: [ app_init ] --END-- [ RunTime:0.001000s ]
NOTIC: [8] Use of undefined constant SHOW_PAGE_TRACE - assumed 'SHOW_PAGE_TRACE' E:\phpStudy\WWW\twoway\Application\Admin\Conf\config.php 第 9 行.

[ 2017-08-02T14:54:38+08:00 ] 127.0.0.1 /index.php/Admin/Index/account_register.html
INFO: [ app_init ] --START--
INFO: Run Behavior\BuildLiteBehavior [ RunTime:0.000000s ]
INFO: [ app_init ] --END-- [ RunTime:0.001000s ]
NOTIC: [8] Use of undefined constant SHOW_PAGE_TRACE - assumed 'SHOW_PAGE_TRACE' E:\phpStudy\WWW\twoway\Application\Admin\Conf\config.php 第 9 行.

[ 2017-08-02T14:55:34+08:00 ] 127.0.0.1 /index.php/Admin/Index/account_register.html
INFO: [ app_init ] --START--
INFO: Run Behavior\BuildLiteBehavior [ RunTime:0.000000s ]
INFO: [ app_init ] --END-- [ RunTime:0.000000s ]
NOTIC: [8] Use of undefined constant SHOW_PAGE_TRACE - assumed 'SHOW_PAGE_TRACE' E:\phpStudy\WWW\twoway\Application\Admin\Conf\config.php 第 9 行.

[ 2017-08-02T14:56:02+08:00 ] 127.0.0.1 /index.php/Admin/Index/staff_getlist.html
INFO: [ app_init ] --START--
INFO: Run Behavior\BuildLiteBehavior [ RunTime:0.000000s ]
INFO: [ app_init ] --END-- [ RunTime:0.001000s ]
NOTIC: [8] Use of undefined constant SHOW_PAGE_TRACE - assumed 'SHOW_PAGE_TRACE' E:\phpStudy\WWW\twoway\Application\Admin\Conf\config.php 第 9 行.

[ 2017-08-02T16:06:22+08:00 ] 127.0.0.1 /index.php/Admin/Index/account_register.html
INFO: [ app_init ] --START--
INFO: Run Behavior\BuildLiteBehavior [ RunTime:0.000000s ]
INFO: [ app_init ] --END-- [ RunTime:0.001000s ]
NOTIC: [8] Use of undefined constant SHOW_PAGE_TRACE - assumed 'SHOW_PAGE_TRACE' E:\phpStudy\WWW\twoway\Application\Admin\Conf\config.php 第 9 行.

[ 2017-08-02T16:06:23+08:00 ] 127.0.0.1 /index.php/Admin/Index/account_getlist.html
INFO: [ app_init ] --START--
INFO: Run Behavior\BuildLiteBehavior [ RunTime:0.000000s ]
INFO: [ app_init ] --END-- [ RunTime:0.000000s ]
NOTIC: [8] Use of undefined constant SHOW_PAGE_TRACE - assumed 'SHOW_PAGE_TRACE' E:\phpStudy\WWW\twoway\Application\Admin\Conf\config.php 第 9 行.

[ 2017-08-02T16:09:12+08:00 ] 127.0.0.1 /index.php/Admin/Index/postsman.html
INFO: [ app_init ] --START--
INFO: Run Behavior\BuildLiteBehavior [ RunTime:0.000000s ]
INFO: [ app_init ] --END-- [ RunTime:0.001000s ]
NOTIC: [8] Use of undefined constant SHOW_PAGE_TRACE - assumed 'SHOW_PAGE_TRACE' E:\phpStudy\WWW\twoway\Application\Admin\Conf\config.php 第 9 行.

[ 2017-08-02T16:09:20+08:00 ] 127.0.0.1 /index.php/Admin/Index/resource.html
INFO: [ app_init ] --START--
INFO: Run Behavior\BuildLiteBehavior [ RunTime:0.000000s ]
INFO: [ app_init ] --END-- [ RunTime:0.001000s ]
NOTIC: [8] Use of undefined constant SHOW_PAGE_TRACE - assumed 'SHOW_PAGE_TRACE' E:\phpStudy\WWW\twoway\Application\Admin\Conf\config.php 第 9 行.

[ 2017-08-02T16:12:53+08:00 ] 127.0.0.1 /index.php/Admin/Index/resource.html
INFO: [ app_init ] --START--
INFO: Run Behavior\BuildLiteBehavior [ RunTime:0.000000s ]
INFO: [ app_init ] --END-- [ RunTime:0.001000s ]
NOTIC: [8] Use of undefined constant SHOW_PAGE_TRACE - assumed 'SHOW_PAGE_TRACE' E:\phpStudy\WWW\twoway\Application\Admin\Conf\config.php 第 9 行.

[ 2017-08-02T16:12:58+08:00 ] 127.0.0.1 /index.php/Admin/Index/account_getlist.html
INFO: [ app_init ] --START--
INFO: Run Behavior\BuildLiteBehavior [ RunTime:0.000000s ]
INFO: [ app_init ] --END-- [ RunTime:0.000000s ]
NOTIC: [8] Use of undefined constant SHOW_PAGE_TRACE - assumed 'SHOW_PAGE_TRACE' E:\phpStudy\WWW\twoway\Application\Admin\Conf\config.php 第 9 行.

[ 2017-08-02T16:13:34+08:00 ] 127.0.0.1 /index.php/Admin/Index/account_getlist.html
INFO: [ app_init ] --START--
INFO: Run Behavior\BuildLiteBehavior [ RunTime:0.000000s ]
INFO: [ app_init ] --END-- [ RunTime:0.000000s ]
NOTIC: [8] Use of undefined constant SHOW_PAGE_TRACE - assumed 'SHOW_PAGE_TRACE' E:\phpStudy\WWW\twoway\Application\Admin\Conf\config.php 第 9 行.

[ 2017-08-02T16:19:08+08:00 ] 127.0.0.1 /index.php/Admin/Index/account_getlist.html
INFO: [ app_init ] --START--
INFO: Run Behavior\BuildLiteBehavior [ RunTime:0.000000s ]
INFO: [ app_init ] --END-- [ RunTime:0.001000s ]
NOTIC: [8] Use of undefined constant SHOW_PAGE_TRACE - assumed 'SHOW_PAGE_TRACE' E:\phpStudy\WWW\twoway\Application\Admin\Conf\config.php 第 9 行.

[ 2017-08-02T16:28:03+08:00 ] 127.0.0.1 /index.php/Admin/Index/account_getlist.html
INFO: [ app_init ] --START--
INFO: Run Behavior\BuildLiteBehavior [ RunTime:0.000000s ]
INFO: [ app_init ] --END-- [ RunTime:0.000000s ]
NOTIC: [8] Use of undefined constant SHOW_PAGE_TRACE - assumed 'SHOW_PAGE_TRACE' E:\phpStudy\WWW\twoway\Application\Admin\Conf\config.php 第 9 行.

[ 2017-08-02T16:31:16+08:00 ] 127.0.0.1 /index.php/Admin/Index/account_getlist.html
INFO: [ app_init ] --START--
INFO: Run Behavior\BuildLiteBehavior [ RunTime:0.000000s ]
INFO: [ app_init ] --END-- [ RunTime:0.000000s ]
NOTIC: [8] Use of undefined constant SHOW_PAGE_TRACE - assumed 'SHOW_PAGE_TRACE' E:\phpStudy\WWW\twoway\Application\Admin\Conf\config.php 第 9 行.

[ 2017-08-02T16:33:00+08:00 ] 127.0.0.1 /index.php/Admin/Index/account_getlist.html
INFO: [ app_init ] --START--
INFO: Run Behavior\BuildLiteBehavior [ RunTime:0.000000s ]
INFO: [ app_init ] --END-- [ RunTime:0.000000s ]
NOTIC: [8] Use of undefined constant SHOW_PAGE_TRACE - assumed 'SHOW_PAGE_TRACE' E:\phpStudy\WWW\twoway\Application\Admin\Conf\config.php 第 9 行.

[ 2017-08-02T16:33:52+08:00 ] 127.0.0.1 /index.php/Admin/Index/account_getlist.html
INFO: [ app_init ] --START--
INFO: Run Behavior\BuildLiteBehavior [ RunTime:0.000000s ]
INFO: [ app_init ] --END-- [ RunTime:0.001000s ]
NOTIC: [8] Use of undefined constant SHOW_PAGE_TRACE - assumed 'SHOW_PAGE_TRACE' E:\phpStudy\WWW\twoway\Application\Admin\Conf\config.php 第 9 行.

[ 2017-08-02T16:34:20+08:00 ] 127.0.0.1 /index.php/Admin/Index/account_getlist.html
INFO: [ app_init ] --START--
INFO: Run Behavior\BuildLiteBehavior [ RunTime:0.000000s ]
INFO: [ app_init ] --END-- [ RunTime:0.001000s ]
NOTIC: [8] Use of undefined constant SHOW_PAGE_TRACE - assumed 'SHOW_PAGE_TRACE' E:\phpStudy\WWW\twoway\Application\Admin\Conf\config.php 第 9 行.

[ 2017-08-02T16:35:19+08:00 ] 127.0.0.1 /index.php/Admin/Index/account_getlist.html
INFO: [ app_init ] --START--
INFO: Run Behavior\BuildLiteBehavior [ RunTime:0.000000s ]
INFO: [ app_init ] --END-- [ RunTime:0.000000s ]
NOTIC: [8] Use of undefined constant SHOW_PAGE_TRACE - assumed 'SHOW_PAGE_TRACE' E:\phpStudy\WWW\twoway\Application\Admin\Conf\config.php 第 9 行.

[ 2017-08-02T16:35:54+08:00 ] 127.0.0.1 /index.php/Admin/Index/account_getlist.html
INFO: [ app_init ] --START--
INFO: Run Behavior\BuildLiteBehavior [ RunTime:0.000000s ]
INFO: [ app_init ] --END-- [ RunTime:0.001000s ]
NOTIC: [8] Use of undefined constant SHOW_PAGE_TRACE - assumed 'SHOW_PAGE_TRACE' E:\phpStudy\WWW\twoway\Application\Admin\Conf\config.php 第 9 行.

[ 2017-08-02T16:37:37+08:00 ] 127.0.0.1 /index.php/Admin/Index/account_getlist.html
INFO: [ app_init ] --START--
INFO: Run Behavior\BuildLiteBehavior [ RunTime:0.000000s ]
INFO: [ app_init ] --END-- [ RunTime:0.001000s ]
NOTIC: [8] Use of undefined constant SHOW_PAGE_TRACE - assumed 'SHOW_PAGE_TRACE' E:\phpStudy\WWW\twoway\Application\Admin\Conf\config.php 第 9 行.

[ 2017-08-02T16:38:34+08:00 ] 127.0.0.1 /index.php/Admin/Index/account_getlist.html
INFO: [ app_init ] --START--
INFO: Run Behavior\BuildLiteBehavior [ RunTime:0.000000s ]
INFO: [ app_init ] --END-- [ RunTime:0.000000s ]
NOTIC: [8] Use of undefined constant SHOW_PAGE_TRACE - assumed 'SHOW_PAGE_TRACE' E:\phpStudy\WWW\twoway\Application\Admin\Conf\config.php 第 9 行.

[ 2017-08-02T16:38:56+08:00 ] 127.0.0.1 /index.php/Admin/Index/account_getlist.html
INFO: [ app_init ] --START--
INFO: Run Behavior\BuildLiteBehavior [ RunTime:0.000000s ]
INFO: [ app_init ] --END-- [ RunTime:0.000000s ]
NOTIC: [8] Use of undefined constant SHOW_PAGE_TRACE - assumed 'SHOW_PAGE_TRACE' E:\phpStudy\WWW\twoway\Application\Admin\Conf\config.php 第 9 行.

[ 2017-08-02T16:39:47+08:00 ] 127.0.0.1 /index.php/Admin/Index/account_register.html
INFO: [ app_init ] --START--
INFO: Run Behavior\BuildLiteBehavior [ RunTime:0.000000s ]
INFO: [ app_init ] --END-- [ RunTime:0.000000s ]
NOTIC: [8] Use of undefined constant SHOW_PAGE_TRACE - assumed 'SHOW_PAGE_TRACE' E:\phpStudy\WWW\twoway\Application\Admin\Conf\config.php 第 9 行.

[ 2017-08-02T16:41:18+08:00 ] 127.0.0.1 /admin
INFO: [ app_init ] --START--
INFO: Run Behavior\BuildLiteBehavior [ RunTime:0.000000s ]
INFO: [ app_init ] --END-- [ RunTime:0.000000s ]
NOTIC: [8] Use of undefined constant SHOW_PAGE_TRACE - assumed 'SHOW_PAGE_TRACE' E:\phpStudy\WWW\twoway\Application\Admin\Conf\config.php 第 9 行.

[ 2017-08-02T16:41:19+08:00 ] 127.0.0.1 /index.php/Admin/Index/base.html
INFO: [ app_init ] --START--
INFO: Run Behavior\BuildLiteBehavior [ RunTime:0.000000s ]
INFO: [ app_init ] --END-- [ RunTime:0.001000s ]
NOTIC: [8] Use of undefined constant SHOW_PAGE_TRACE - assumed 'SHOW_PAGE_TRACE' E:\phpStudy\WWW\twoway\Application\Admin\Conf\config.php 第 9 行.

[ 2017-08-02T16:46:31+08:00 ] 127.0.0.1 /index.php/Admin/Index/account_getlist.html
INFO: [ app_init ] --START--
INFO: Run Behavior\BuildLiteBehavior [ RunTime:0.000000s ]
INFO: [ app_init ] --END-- [ RunTime:0.000000s ]
NOTIC: [8] Use of undefined constant SHOW_PAGE_TRACE - assumed 'SHOW_PAGE_TRACE' E:\phpStudy\WWW\twoway\Application\Admin\Conf\config.php 第 9 行.

[ 2017-08-02T16:47:09+08:00 ] 127.0.0.1 /index.php/Admin/Index/account_getlist.html
INFO: [ app_init ] --START--
INFO: Run Behavior\BuildLiteBehavior [ RunTime:0.000000s ]
INFO: [ app_init ] --END-- [ RunTime:0.001000s ]
NOTIC: [8] Use of undefined constant SHOW_PAGE_TRACE - assumed 'SHOW_PAGE_TRACE' E:\phpStudy\WWW\twoway\Application\Admin\Conf\config.php 第 9 行.

[ 2017-08-02T16:51:42+08:00 ] 127.0.0.1 /index.php/Admin/Index/account_getlist.html
INFO: [ app_init ] --START--
INFO: Run Behavior\BuildLiteBehavior [ RunTime:0.000000s ]
INFO: [ app_init ] --END-- [ RunTime:0.001000s ]
NOTIC: [8] Use of undefined constant SHOW_PAGE_TRACE - assumed 'SHOW_PAGE_TRACE' E:\phpStudy\WWW\twoway\Application\Admin\Conf\config.php 第 9 行.

[ 2017-08-02T16:52:33+08:00 ] 127.0.0.1 /index.php/Admin/Index/account_getlist.html
INFO: [ app_init ] --START--
INFO: Run Behavior\BuildLiteBehavior [ RunTime:0.000000s ]
INFO: [ app_init ] --END-- [ RunTime:0.001000s ]
NOTIC: [8] Use of undefined constant SHOW_PAGE_TRACE - assumed 'SHOW_PAGE_TRACE' E:\phpStudy\WWW\twoway\Application\Admin\Conf\config.php 第 9 行.

[ 2017-08-02T16:54:29+08:00 ] 127.0.0.1 /index.php/Admin/Index/account_getlist.html
INFO: [ app_init ] --START--
INFO: Run Behavior\BuildLiteBehavior [ RunTime:0.000000s ]
INFO: [ app_init ] --END-- [ RunTime:0.000000s ]
NOTIC: [8] Use of undefined constant SHOW_PAGE_TRACE - assumed 'SHOW_PAGE_TRACE' E:\phpStudy\WWW\twoway\Application\Admin\Conf\config.php 第 9 行.

[ 2017-08-02T16:54:57+08:00 ] 127.0.0.1 /index.php/Admin/Index/account_getlist.html
INFO: [ app_init ] --START--
INFO: Run Behavior\BuildLiteBehavior [ RunTime:0.000000s ]
INFO: [ app_init ] --END-- [ RunTime:0.001000s ]
NOTIC: [8] Use of undefined constant SHOW_PAGE_TRACE - assumed 'SHOW_PAGE_TRACE' E:\phpStudy\WWW\twoway\Application\Admin\Conf\config.php 第 9 行.

[ 2017-08-02T16:59:49+08:00 ] 127.0.0.1 /index.php/Admin/Index/account_getlist.html
INFO: [ app_init ] --START--
INFO: Run Behavior\BuildLiteBehavior [ RunTime:0.000000s ]
INFO: [ app_init ] --END-- [ RunTime:0.001000s ]
NOTIC: [8] Use of undefined constant SHOW_PAGE_TRACE - assumed 'SHOW_PAGE_TRACE' E:\phpStudy\WWW\twoway\Application\Admin\Conf\config.php 第 9 行.

[ 2017-08-02T17:01:15+08:00 ] 127.0.0.1 /index.php/Admin/Index/account_getlist.html
INFO: [ app_init ] --START--
INFO: Run Behavior\BuildLiteBehavior [ RunTime:0.000000s ]
INFO: [ app_init ] --END-- [ RunTime:0.001000s ]
NOTIC: [8] Use of undefined constant SHOW_PAGE_TRACE - assumed 'SHOW_PAGE_TRACE' E:\phpStudy\WWW\twoway\Application\Admin\Conf\config.php 第 9 行.

[ 2017-08-02T17:07:25+08:00 ] 127.0.0.1 /index.php/Admin/Index/account_getlist.html
INFO: [ app_init ] --START--
INFO: Run Behavior\BuildLiteBehavior [ RunTime:0.000000s ]
INFO: [ app_init ] --END-- [ RunTime:0.001000s ]
NOTIC: [8] Use of undefined constant SHOW_PAGE_TRACE - assumed 'SHOW_PAGE_TRACE' E:\phpStudy\WWW\twoway\Application\Admin\Conf\config.php 第 9 行.

[ 2017-08-02T17:10:05+08:00 ] 127.0.0.1 /index.php/Admin/Index/account_getlist.html
INFO: [ app_init ] --START--
INFO: Run Behavior\BuildLiteBehavior [ RunTime:0.000000s ]
INFO: [ app_init ] --END-- [ RunTime:0.001000s ]
NOTIC: [8] Use of undefined constant SHOW_PAGE_TRACE - assumed 'SHOW_PAGE_TRACE' E:\phpStudy\WWW\twoway\Application\Admin\Conf\config.php 第 9 行.

[ 2017-08-02T17:12:40+08:00 ] 127.0.0.1 /index.php/Admin/Index/account_getlist.html
INFO: [ app_init ] --START--
INFO: Run Behavior\BuildLiteBehavior [ RunTime:0.000000s ]
INFO: [ app_init ] --END-- [ RunTime:0.000000s ]
NOTIC: [8] Use of undefined constant SHOW_PAGE_TRACE - assumed 'SHOW_PAGE_TRACE' E:\phpStudy\WWW\twoway\Application\Admin\Conf\config.php 第 9 行.

[ 2017-08-02T17:14:06+08:00 ] 127.0.0.1 /index.php/Admin/Index/account_getlist.html
INFO: [ app_init ] --START--
INFO: Run Behavior\BuildLiteBehavior [ RunTime:0.000000s ]
INFO: [ app_init ] --END-- [ RunTime:0.001000s ]
NOTIC: [8] Use of undefined constant SHOW_PAGE_TRACE - assumed 'SHOW_PAGE_TRACE' E:\phpStudy\WWW\twoway\Application\Admin\Conf\config.php 第 9 行.

[ 2017-08-02T17:14:41+08:00 ] 127.0.0.1 /index.php/Admin/Index/account_getlist.html
INFO: [ app_init ] --START--
INFO: Run Behavior\BuildLiteBehavior [ RunTime:0.000000s ]
INFO: [ app_init ] --END-- [ RunTime:0.000000s ]
NOTIC: [8] Use of undefined constant SHOW_PAGE_TRACE - assumed 'SHOW_PAGE_TRACE' E:\phpStudy\WWW\twoway\Application\Admin\Conf\config.php 第 9 行.

[ 2017-08-02T17:15:35+08:00 ] 127.0.0.1 /index.php/Admin/Index/account_getlist.html
INFO: [ app_init ] --START--
INFO: Run Behavior\BuildLiteBehavior [ RunTime:0.000000s ]
INFO: [ app_init ] --END-- [ RunTime:0.001000s ]
NOTIC: [8] Use of undefined constant SHOW_PAGE_TRACE - assumed 'SHOW_PAGE_TRACE' E:\phpStudy\WWW\twoway\Application\Admin\Conf\config.php 第 9 行.

[ 2017-08-02T17:16:02+08:00 ] 127.0.0.1 /index.php/Admin/Index/account_getlist.html
INFO: [ app_init ] --START--
INFO: Run Behavior\BuildLiteBehavior [ RunTime:0.000000s ]
INFO: [ app_init ] --END-- [ RunTime:0.000000s ]
NOTIC: [8] Use of undefined constant SHOW_PAGE_TRACE - assumed 'SHOW_PAGE_TRACE' E:\phpStudy\WWW\twoway\Application\Admin\Conf\config.php 第 9 行.

[ 2017-08-02T17:16:25+08:00 ] 127.0.0.1 /index.php/Admin/Index/account_getlist.html
INFO: [ app_init ] --START--
INFO: Run Behavior\BuildLiteBehavior [ RunTime:0.000000s ]
INFO: [ app_init ] --END-- [ RunTime:0.001000s ]
NOTIC: [8] Use of undefined constant SHOW_PAGE_TRACE - assumed 'SHOW_PAGE_TRACE' E:\phpStudy\WWW\twoway\Application\Admin\Conf\config.php 第 9 行.

[ 2017-08-02T17:16:37+08:00 ] 127.0.0.1 /index.php/Admin/Index/account_getlist.html
INFO: [ app_init ] --START--
INFO: Run Behavior\BuildLiteBehavior [ RunTime:0.000000s ]
INFO: [ app_init ] --END-- [ RunTime:0.000000s ]
NOTIC: [8] Use of undefined constant SHOW_PAGE_TRACE - assumed 'SHOW_PAGE_TRACE' E:\phpStudy\WWW\twoway\Application\Admin\Conf\config.php 第 9 行.

[ 2017-08-02T17:17:32+08:00 ] 127.0.0.1 /index.php/Admin/Index/account_getlist.html
INFO: [ app_init ] --START--
INFO: Run Behavior\BuildLiteBehavior [ RunTime:0.000000s ]
INFO: [ app_init ] --END-- [ RunTime:0.001000s ]
NOTIC: [8] Use of undefined constant SHOW_PAGE_TRACE - assumed 'SHOW_PAGE_TRACE' E:\phpStudy\WWW\twoway\Application\Admin\Conf\config.php 第 9 行.

[ 2017-08-02T17:17:48+08:00 ] 127.0.0.1 /index.php/Admin/Index/account_getlist.html
INFO: [ app_init ] --START--
INFO: Run Behavior\BuildLiteBehavior [ RunTime:0.000000s ]
INFO: [ app_init ] --END-- [ RunTime:0.001000s ]
NOTIC: [8] Use of undefined constant SHOW_PAGE_TRACE - assumed 'SHOW_PAGE_TRACE' E:\phpStudy\WWW\twoway\Application\Admin\Conf\config.php 第 9 行.

[ 2017-08-02T17:18:20+08:00 ] 127.0.0.1 /index.php/Admin/Index/account_getlist.html
INFO: [ app_init ] --START--
INFO: Run Behavior\BuildLiteBehavior [ RunTime:0.000000s ]
INFO: [ app_init ] --END-- [ RunTime:0.001000s ]
NOTIC: [8] Use of undefined constant SHOW_PAGE_TRACE - assumed 'SHOW_PAGE_TRACE' E:\phpStudy\WWW\twoway\Application\Admin\Conf\config.php 第 9 行.

[ 2017-08-02T17:18:34+08:00 ] 127.0.0.1 /index.php/Admin/Index/account_getlist.html
INFO: [ app_init ] --START--
INFO: Run Behavior\BuildLiteBehavior [ RunTime:0.000000s ]
INFO: [ app_init ] --END-- [ RunTime:0.001000s ]
NOTIC: [8] Use of undefined constant SHOW_PAGE_TRACE - assumed 'SHOW_PAGE_TRACE' E:\phpStudy\WWW\twoway\Application\Admin\Conf\config.php 第 9 行.

[ 2017-08-02T17:19:31+08:00 ] 127.0.0.1 /index.php/Admin/Index/account_getlist.html
INFO: [ app_init ] --START--
INFO: Run Behavior\BuildLiteBehavior [ RunTime:0.000000s ]
INFO: [ app_init ] --END-- [ RunTime:0.000000s ]
NOTIC: [8] Use of undefined constant SHOW_PAGE_TRACE - assumed 'SHOW_PAGE_TRACE' E:\phpStudy\WWW\twoway\Application\Admin\Conf\config.php 第 9 行.

[ 2017-08-02T17:20:01+08:00 ] 127.0.0.1 /index.php/Admin/Index/account_getlist.html
INFO: [ app_init ] --START--
INFO: Run Behavior\BuildLiteBehavior [ RunTime:0.000000s ]
INFO: [ app_init ] --END-- [ RunTime:0.000000s ]
NOTIC: [8] Use of undefined constant SHOW_PAGE_TRACE - assumed 'SHOW_PAGE_TRACE' E:\phpStudy\WWW\twoway\Application\Admin\Conf\config.php 第 9 行.

[ 2017-08-02T17:21:00+08:00 ] 127.0.0.1 /index.php/Admin/Index/account_getlist.html
INFO: [ app_init ] --START--
INFO: Run Behavior\BuildLiteBehavior [ RunTime:0.000000s ]
INFO: [ app_init ] --END-- [ RunTime:0.000000s ]
NOTIC: [8] Use of undefined constant SHOW_PAGE_TRACE - assumed 'SHOW_PAGE_TRACE' E:\phpStudy\WWW\twoway\Application\Admin\Conf\config.php 第 9 行.

[ 2017-08-02T17:21:37+08:00 ] 127.0.0.1 /index.php/Admin/Index/account_getlist.html
INFO: [ app_init ] --START--
INFO: Run Behavior\BuildLiteBehavior [ RunTime:0.000000s ]
INFO: [ app_init ] --END-- [ RunTime:0.001000s ]
NOTIC: [8] Use of undefined constant SHOW_PAGE_TRACE - assumed 'SHOW_PAGE_TRACE' E:\phpStudy\WWW\twoway\Application\Admin\Conf\config.php 第 9 行.

[ 2017-08-02T17:25:05+08:00 ] 127.0.0.1 /index.php/Admin/Index/account_getlist.html
INFO: [ app_init ] --START--
INFO: Run Behavior\BuildLiteBehavior [ RunTime:0.000000s ]
INFO: [ app_init ] --END-- [ RunTime:0.000000s ]
NOTIC: [8] Use of undefined constant SHOW_PAGE_TRACE - assumed 'SHOW_PAGE_TRACE' E:\phpStudy\WWW\twoway\Application\Admin\Conf\config.php 第 9 行.

[ 2017-08-02T17:25:48+08:00 ] 127.0.0.1 /index.php/Admin/Index/account_getlist.html
INFO: [ app_init ] --START--
INFO: Run Behavior\BuildLiteBehavior [ RunTime:0.000000s ]
INFO: [ app_init ] --END-- [ RunTime:0.001000s ]
NOTIC: [8] Use of undefined constant SHOW_PAGE_TRACE - assumed 'SHOW_PAGE_TRACE' E:\phpStudy\WWW\twoway\Application\Admin\Conf\config.php 第 9 行.

[ 2017-08-02T17:31:15+08:00 ] 127.0.0.1 /index.php/Admin/Index/postsman.html
INFO: [ app_init ] --START--
INFO: Run Behavior\BuildLiteBehavior [ RunTime:0.000000s ]
INFO: [ app_init ] --END-- [ RunTime:0.000000s ]
NOTIC: [8] Use of undefined constant SHOW_PAGE_TRACE - assumed 'SHOW_PAGE_TRACE' E:\phpStudy\WWW\twoway\Application\Admin\Conf\config.php 第 9 行.

[ 2017-08-02T17:31:18+08:00 ] 127.0.0.1 /index.php/Admin/Index/newposts/17
INFO: [ app_init ] --START--
INFO: Run Behavior\BuildLiteBehavior [ RunTime:0.000000s ]
INFO: [ app_init ] --END-- [ RunTime:0.000000s ]
NOTIC: [8] Use of undefined constant SHOW_PAGE_TRACE - assumed 'SHOW_PAGE_TRACE' E:\phpStudy\WWW\twoway\Application\Admin\Conf\config.php 第 9 行.

[ 2017-08-02T17:31:19+08:00 ] 127.0.0.1 /index.php/Admin/Index/findselect.html
INFO: [ app_init ] --START--
INFO: Run Behavior\BuildLiteBehavior [ RunTime:0.000000s ]
INFO: [ app_init ] --END-- [ RunTime:0.001000s ]
NOTIC: [8] Use of undefined constant SHOW_PAGE_TRACE - assumed 'SHOW_PAGE_TRACE' E:\phpStudy\WWW\twoway\Application\Admin\Conf\config.php 第 9 行.
INFO: [ app_begin ] --START--
INFO: Run Behavior\ReadHtmlCacheBehavior [ RunTime:0.001000s ]
INFO: [ app_begin ] --END-- [ RunTime:0.001000s ]
SQL: SHOW COLUMNS FROM `tw_posts` [ RunTime:0.0170s ]
SQL: select * from tw_posts where posts_id =17 [ RunTime:0.0010s ]

[ 2017-08-02T17:51:21+08:00 ] 127.0.0.1 /index.php/Admin/Index/newposts/17
INFO: [ app_init ] --START--
INFO: Run Behavior\BuildLiteBehavior [ RunTime:0.000000s ]
INFO: [ app_init ] --END-- [ RunTime:0.000000s ]
NOTIC: [8] Use of undefined constant SHOW_PAGE_TRACE - assumed 'SHOW_PAGE_TRACE' E:\phpStudy\WWW\twoway\Application\Admin\Conf\config.php 第 9 行.

[ 2017-08-02T17:51:22+08:00 ] 127.0.0.1 /index.php/Admin/Index/findselect.html
INFO: [ app_init ] --START--
INFO: Run Behavior\BuildLiteBehavior [ RunTime:0.000000s ]
INFO: [ app_init ] --END-- [ RunTime:0.001000s ]
NOTIC: [8] Use of undefined constant SHOW_PAGE_TRACE - assumed 'SHOW_PAGE_TRACE' E:\phpStudy\WWW\twoway\Application\Admin\Conf\config.php 第 9 行.
INFO: [ app_begin ] --START--
INFO: Run Behavior\ReadHtmlCacheBehavior [ RunTime:0.001000s ]
INFO: [ app_begin ] --END-- [ RunTime:0.001000s ]
SQL: SHOW COLUMNS FROM `tw_posts` [ RunTime:0.0130s ]
SQL: select * from tw_posts where posts_id =17 [ RunTime:0.0000s ]

[ 2017-08-02T17:51:27+08:00 ] 127.0.0.1 /index.php/Admin/Index/account_getlist.html
INFO: [ app_init ] --START--
INFO: Run Behavior\BuildLiteBehavior [ RunTime:0.000000s ]
INFO: [ app_init ] --END-- [ RunTime:0.000000s ]
NOTIC: [8] Use of undefined constant SHOW_PAGE_TRACE - assumed 'SHOW_PAGE_TRACE' E:\phpStudy\WWW\twoway\Application\Admin\Conf\config.php 第 9 行.

[ 2017-08-02T17:51:59+08:00 ] 127.0.0.1 /index.php/Admin/Index/account_getlist.html
INFO: [ app_init ] --START--
INFO: Run Behavior\BuildLiteBehavior [ RunTime:0.000000s ]
INFO: [ app_init ] --END-- [ RunTime:0.001000s ]
NOTIC: [8] Use of undefined constant SHOW_PAGE_TRACE - assumed 'SHOW_PAGE_TRACE' E:\phpStudy\WWW\twoway\Application\Admin\Conf\config.php 第 9 行.

[ 2017-08-02T17:52:44+08:00 ] 127.0.0.1 /index.php/Admin/Index/account_getlist.html
INFO: [ app_init ] --START--
INFO: Run Behavior\BuildLiteBehavior [ RunTime:0.000000s ]
INFO: [ app_init ] --END-- [ RunTime:0.000000s ]
NOTIC: [8] Use of undefined constant SHOW_PAGE_TRACE - assumed 'SHOW_PAGE_TRACE' E:\phpStudy\WWW\twoway\Application\Admin\Conf\config.php 第 9 行.

[ 2017-08-02T17:53:47+08:00 ] 127.0.0.1 /index.php/Admin/Index/account_getlist.html
INFO: [ app_init ] --START--
INFO: Run Behavior\BuildLiteBehavior [ RunTime:0.000000s ]
INFO: [ app_init ] --END-- [ RunTime:0.000000s ]
NOTIC: [8] Use of undefined constant SHOW_PAGE_TRACE - assumed 'SHOW_PAGE_TRACE' E:\phpStudy\WWW\twoway\Application\Admin\Conf\config.php 第 9 行.

[ 2017-08-02T17:54:07+08:00 ] 127.0.0.1 /index.php/Admin/Index/account_getlist.html
INFO: [ app_init ] --START--
INFO: Run Behavior\BuildLiteBehavior [ RunTime:0.000000s ]
INFO: [ app_init ] --END-- [ RunTime:0.001000s ]
NOTIC: [8] Use of undefined constant SHOW_PAGE_TRACE - assumed 'SHOW_PAGE_TRACE' E:\phpStudy\WWW\twoway\Application\Admin\Conf\config.php 第 9 行.

[ 2017-08-02T17:54:55+08:00 ] 127.0.0.1 /index.php/Admin/Index/account_getlist.html
INFO: [ app_init ] --START--
INFO: Run Behavior\BuildLiteBehavior [ RunTime:0.000000s ]
INFO: [ app_init ] --END-- [ RunTime:0.001000s ]
NOTIC: [8] Use of undefined constant SHOW_PAGE_TRACE - assumed 'SHOW_PAGE_TRACE' E:\phpStudy\WWW\twoway\Application\Admin\Conf\config.php 第 9 行.

[ 2017-08-02T17:55:44+08:00 ] 127.0.0.1 /index.php/Admin/Index/account_getlist.html
INFO: [ app_init ] --START--
INFO: Run Behavior\BuildLiteBehavior [ RunTime:0.000000s ]
INFO: [ app_init ] --END-- [ RunTime:0.000000s ]
NOTIC: [8] Use of undefined constant SHOW_PAGE_TRACE - assumed 'SHOW_PAGE_TRACE' E:\phpStudy\WWW\twoway\Application\Admin\Conf\config.php 第 9 行.

[ 2017-08-02T17:56:02+08:00 ] 127.0.0.1 /index.php/Admin/Index/account_getlist.html
INFO: [ app_init ] --START--
INFO: Run Behavior\BuildLiteBehavior [ RunTime:0.000000s ]
INFO: [ app_init ] --END-- [ RunTime:0.000000s ]
NOTIC: [8] Use of undefined constant SHOW_PAGE_TRACE - assumed 'SHOW_PAGE_TRACE' E:\phpStudy\WWW\twoway\Application\Admin\Conf\config.php 第 9 行.

[ 2017-08-02T17:56:51+08:00 ] 127.0.0.1 /index.php/Admin/Index/account_getlist.html
INFO: [ app_init ] --START--
INFO: Run Behavior\BuildLiteBehavior [ RunTime:0.000000s ]
INFO: [ app_init ] --END-- [ RunTime:0.001000s ]
NOTIC: [8] Use of undefined constant SHOW_PAGE_TRACE - assumed 'SHOW_PAGE_TRACE' E:\phpStudy\WWW\twoway\Application\Admin\Conf\config.php 第 9 行.

[ 2017-08-02T17:56:58+08:00 ] 127.0.0.1 /index.php/Admin/Index/account_getlist.html
INFO: [ app_init ] --START--
INFO: Run Behavior\BuildLiteBehavior [ RunTime:0.000000s ]
INFO: [ app_init ] --END-- [ RunTime:0.001000s ]
NOTIC: [8] Use of undefined constant SHOW_PAGE_TRACE - assumed 'SHOW_PAGE_TRACE' E:\phpStudy\WWW\twoway\Application\Admin\Conf\config.php 第 9 行.

[ 2017-08-02T17:57:43+08:00 ] 127.0.0.1 /index.php/Admin/Index/account_getlist.html
INFO: [ app_init ] --START--
INFO: Run Behavior\BuildLiteBehavior [ RunTime:0.000000s ]
INFO: [ app_init ] --END-- [ RunTime:0.001000s ]
NOTIC: [8] Use of undefined constant SHOW_PAGE_TRACE - assumed 'SHOW_PAGE_TRACE' E:\phpStudy\WWW\twoway\Application\Admin\Conf\config.php 第 9 行.

[ 2017-08-02T17:58:05+08:00 ] 127.0.0.1 /index.php/Admin/Index/account_getlist.html
INFO: [ app_init ] --START--
INFO: Run Behavior\BuildLiteBehavior [ RunTime:0.000000s ]
INFO: [ app_init ] --END-- [ RunTime:0.001000s ]
NOTIC: [8] Use of undefined constant SHOW_PAGE_TRACE - assumed 'SHOW_PAGE_TRACE' E:\phpStudy\WWW\twoway\Application\Admin\Conf\config.php 第 9 行.

[ 2017-08-02T17:58:37+08:00 ] 127.0.0.1 /index.php/Admin/Index/account_getlist.html
INFO: [ app_init ] --START--
INFO: Run Behavior\BuildLiteBehavior [ RunTime:0.000000s ]
INFO: [ app_init ] --END-- [ RunTime:0.000000s ]
NOTIC: [8] Use of undefined constant SHOW_PAGE_TRACE - assumed 'SHOW_PAGE_TRACE' E:\phpStudy\WWW\twoway\Application\Admin\Conf\config.php 第 9 行.

[ 2017-08-02T18:01:00+08:00 ] 127.0.0.1 /index.php/Admin/Index/account_getlist.html
INFO: [ app_init ] --START--
INFO: Run Behavior\BuildLiteBehavior [ RunTime:0.000000s ]
INFO: [ app_init ] --END-- [ RunTime:0.000000s ]
NOTIC: [8] Use of undefined constant SHOW_PAGE_TRACE - assumed 'SHOW_PAGE_TRACE' E:\phpStudy\WWW\twoway\Application\Admin\Conf\config.php 第 9 行.

[ 2017-08-02T18:02:04+08:00 ] 127.0.0.1 /index.php/Admin/Index/account_getlist.html
INFO: [ app_init ] --START--
INFO: Run Behavior\BuildLiteBehavior [ RunTime:0.000000s ]
INFO: [ app_init ] --END-- [ RunTime:0.000000s ]
NOTIC: [8] Use of undefined constant SHOW_PAGE_TRACE - assumed 'SHOW_PAGE_TRACE' E:\phpStudy\WWW\twoway\Application\Admin\Conf\config.php 第 9 行.

[ 2017-08-02T18:02:49+08:00 ] 127.0.0.1 /index.php/Admin/Index/account_getlist.html
INFO: [ app_init ] --START--
INFO: Run Behavior\BuildLiteBehavior [ RunTime:0.000000s ]
INFO: [ app_init ] --END-- [ RunTime:0.001000s ]
NOTIC: [8] Use of undefined constant SHOW_PAGE_TRACE - assumed 'SHOW_PAGE_TRACE' E:\phpStudy\WWW\twoway\Application\Admin\Conf\config.php 第 9 行.

[ 2017-08-02T18:03:05+08:00 ] 127.0.0.1 /index.php/Admin/Index/account_getlist.html
INFO: [ app_init ] --START--
INFO: Run Behavior\BuildLiteBehavior [ RunTime:0.000000s ]
INFO: [ app_init ] --END-- [ RunTime:0.001000s ]
NOTIC: [8] Use of undefined constant SHOW_PAGE_TRACE - assumed 'SHOW_PAGE_TRACE' E:\phpStudy\WWW\twoway\Application\Admin\Conf\config.php 第 9 行.

[ 2017-08-02T18:03:53+08:00 ] 127.0.0.1 /index.php/Admin/Index/account_getlist.html
INFO: [ app_init ] --START--
INFO: Run Behavior\BuildLiteBehavior [ RunTime:0.000000s ]
INFO: [ app_init ] --END-- [ RunTime:0.000000s ]
NOTIC: [8] Use of undefined constant SHOW_PAGE_TRACE - assumed 'SHOW_PAGE_TRACE' E:\phpStudy\WWW\twoway\Application\Admin\Conf\config.php 第 9 行.

[ 2017-08-02T18:04:50+08:00 ] 127.0.0.1 /index.php/Admin/Index/account_getlist.html
INFO: [ app_init ] --START--
INFO: Run Behavior\BuildLiteBehavior [ RunTime:0.000000s ]
INFO: [ app_init ] --END-- [ RunTime:0.000000s ]
NOTIC: [8] Use of undefined constant SHOW_PAGE_TRACE - assumed 'SHOW_PAGE_TRACE' E:\phpStudy\WWW\twoway\Application\Admin\Conf\config.php 第 9 行.

[ 2017-08-02T18:06:19+08:00 ] 127.0.0.1 /index.php/Admin/Index/account_getlist.html
INFO: [ app_init ] --START--
INFO: Run Behavior\BuildLiteBehavior [ RunTime:0.000000s ]
INFO: [ app_init ] --END-- [ RunTime:0.000000s ]
NOTIC: [8] Use of undefined constant SHOW_PAGE_TRACE - assumed 'SHOW_PAGE_TRACE' E:\phpStudy\WWW\twoway\Application\Admin\Conf\config.php 第 9 行.

[ 2017-08-02T18:06:41+08:00 ] 127.0.0.1 /index.php/Admin/Index/account_getlist.html
INFO: [ app_init ] --START--
INFO: Run Behavior\BuildLiteBehavior [ RunTime:0.000000s ]
INFO: [ app_init ] --END-- [ RunTime:0.001000s ]
NOTIC: [8] Use of undefined constant SHOW_PAGE_TRACE - assumed 'SHOW_PAGE_TRACE' E:\phpStudy\WWW\twoway\Application\Admin\Conf\config.php 第 9 行.

[ 2017-08-02T18:07:53+08:00 ] 127.0.0.1 /index.php/Admin/Index/account_getlist.html
INFO: [ app_init ] --START--
INFO: Run Behavior\BuildLiteBehavior [ RunTime:0.000000s ]
INFO: [ app_init ] --END-- [ RunTime:0.001000s ]
NOTIC: [8] Use of undefined constant SHOW_PAGE_TRACE - assumed 'SHOW_PAGE_TRACE' E:\phpStudy\WWW\twoway\Application\Admin\Conf\config.php 第 9 行.

[ 2017-08-02T18:08:38+08:00 ] 127.0.0.1 /index.php/Admin/Index/account_getlist.html
INFO: [ app_init ] --START--
INFO: Run Behavior\BuildLiteBehavior [ RunTime:0.000000s ]
INFO: [ app_init ] --END-- [ RunTime:0.000000s ]
NOTIC: [8] Use of undefined constant SHOW_PAGE_TRACE - assumed 'SHOW_PAGE_TRACE' E:\phpStudy\WWW\twoway\Application\Admin\Conf\config.php 第 9 行.

[ 2017-08-02T18:08:55+08:00 ] 127.0.0.1 /index.php/Admin/Index/account_getlist.html
INFO: [ app_init ] --START--
INFO: Run Behavior\BuildLiteBehavior [ RunTime:0.000000s ]
INFO: [ app_init ] --END-- [ RunTime:0.000000s ]
NOTIC: [8] Use of undefined constant SHOW_PAGE_TRACE - assumed 'SHOW_PAGE_TRACE' E:\phpStudy\WWW\twoway\Application\Admin\Conf\config.php 第 9 行.

[ 2017-08-02T18:09:27+08:00 ] 127.0.0.1 /index.php/Admin/Index/account_getlist.html
INFO: [ app_init ] --START--
INFO: Run Behavior\BuildLiteBehavior [ RunTime:0.000000s ]
INFO: [ app_init ] --END-- [ RunTime:0.000000s ]
NOTIC: [8] Use of undefined constant SHOW_PAGE_TRACE - assumed 'SHOW_PAGE_TRACE' E:\phpStudy\WWW\twoway\Application\Admin\Conf\config.php 第 9 行.

[ 2017-08-02T18:10:14+08:00 ] 127.0.0.1 /index.php/Admin/Index/account_getlist.html
INFO: [ app_init ] --START--
INFO: Run Behavior\BuildLiteBehavior [ RunTime:0.000000s ]
INFO: [ app_init ] --END-- [ RunTime:0.000000s ]
NOTIC: [8] Use of undefined constant SHOW_PAGE_TRACE - assumed 'SHOW_PAGE_TRACE' E:\phpStudy\WWW\twoway\Application\Admin\Conf\config.php 第 9 行.

[ 2017-08-02T18:12:03+08:00 ] 127.0.0.1 /index.php/Admin/Index/account_getlist.html
INFO: [ app_init ] --START--
INFO: Run Behavior\BuildLiteBehavior [ RunTime:0.000000s ]
INFO: [ app_init ] --END-- [ RunTime:0.001000s ]
NOTIC: [8] Use of undefined constant SHOW_PAGE_TRACE - assumed 'SHOW_PAGE_TRACE' E:\phpStudy\WWW\twoway\Application\Admin\Conf\config.php 第 9 行.

[ 2017-08-02T18:12:38+08:00 ] 127.0.0.1 /index.php/Admin/Index/account_getlist.html
INFO: [ app_init ] --START--
INFO: Run Behavior\BuildLiteBehavior [ RunTime:0.000000s ]
INFO: [ app_init ] --END-- [ RunTime:0.001000s ]
NOTIC: [8] Use of undefined constant SHOW_PAGE_TRACE - assumed 'SHOW_PAGE_TRACE' E:\phpStudy\WWW\twoway\Application\Admin\Conf\config.php 第 9 行.

[ 2017-08-02T18:14:38+08:00 ] 127.0.0.1 /index.php/Admin/Index/account_getlist.html
INFO: [ app_init ] --START--
INFO: Run Behavior\BuildLiteBehavior [ RunTime:0.000000s ]
INFO: [ app_init ] --END-- [ RunTime:0.000000s ]
NOTIC: [8] Use of undefined constant SHOW_PAGE_TRACE - assumed 'SHOW_PAGE_TRACE' E:\phpStudy\WWW\twoway\Application\Admin\Conf\config.php 第 9 行.

[ 2017-08-02T18:15:03+08:00 ] 127.0.0.1 /index.php/Admin/Index/account_getlist.html
INFO: [ app_init ] --START--
INFO: Run Behavior\BuildLiteBehavior [ RunTime:0.000000s ]
INFO: [ app_init ] --END-- [ RunTime:0.001000s ]
NOTIC: [8] Use of undefined constant SHOW_PAGE_TRACE - assumed 'SHOW_PAGE_TRACE' E:\phpStudy\WWW\twoway\Application\Admin\Conf\config.php 第 9 行.

[ 2017-08-02T18:16:21+08:00 ] 127.0.0.1 /index.php/Admin/Index/account_getlist.html
INFO: [ app_init ] --START--
INFO: Run Behavior\BuildLiteBehavior [ RunTime:0.000000s ]
INFO: [ app_init ] --END-- [ RunTime:0.001000s ]
NOTIC: [8] Use of undefined constant SHOW_PAGE_TRACE - assumed 'SHOW_PAGE_TRACE' E:\phpStudy\WWW\twoway\Application\Admin\Conf\config.php 第 9 行.

[ 2017-08-02T18:17:13+08:00 ] 127.0.0.1 /index.php/Admin/Index/account_getlist.html
INFO: [ app_init ] --START--
INFO: Run Behavior\BuildLiteBehavior [ RunTime:0.000000s ]
INFO: [ app_init ] --END-- [ RunTime:0.002000s ]
NOTIC: [8] Use of undefined constant SHOW_PAGE_TRACE - assumed 'SHOW_PAGE_TRACE' E:\phpStudy\WWW\twoway\Application\Admin\Conf\config.php 第 9 行.

[ 2017-08-02T18:19:46+08:00 ] 127.0.0.1 /index.php/Admin/Index/account_getlist.html
INFO: [ app_init ] --START--
INFO: Run Behavior\BuildLiteBehavior [ RunTime:0.000000s ]
INFO: [ app_init ] --END-- [ RunTime:0.000000s ]
NOTIC: [8] Use of undefined constant SHOW_PAGE_TRACE - assumed 'SHOW_PAGE_TRACE' E:\phpStudy\WWW\twoway\Application\Admin\Conf\config.php 第 9 行.

[ 2017-08-02T18:25:36+08:00 ] 127.0.0.1 /index.php/Admin/Index/postsman.html
INFO: [ app_init ] --START--
INFO: Run Behavior\BuildLiteBehavior [ RunTime:0.000000s ]
INFO: [ app_init ] --END-- [ RunTime:0.001000s ]
NOTIC: [8] Use of undefined constant SHOW_PAGE_TRACE - assumed 'SHOW_PAGE_TRACE' E:\phpStudy\WWW\twoway\Application\Admin\Conf\config.php 第 9 行.

[ 2017-08-02T18:25:39+08:00 ] 127.0.0.1 /index.php/Admin/Index/newposts.html
INFO: [ app_init ] --START--
INFO: Run Behavior\BuildLiteBehavior [ RunTime:0.000000s ]
INFO: [ app_init ] --END-- [ RunTime:0.000000s ]
NOTIC: [8] Use of undefined constant SHOW_PAGE_TRACE - assumed 'SHOW_PAGE_TRACE' E:\phpStudy\WWW\twoway\Application\Admin\Conf\config.php 第 9 行.

[ 2017-08-02T18:25:41+08:00 ] 127.0.0.1 /index.php/Admin/Index/findselect.html
INFO: [ app_init ] --START--
INFO: Run Behavior\BuildLiteBehavior [ RunTime:0.000000s ]
INFO: [ app_init ] --END-- [ RunTime:0.000000s ]
NOTIC: [8] Use of undefined constant SHOW_PAGE_TRACE - assumed 'SHOW_PAGE_TRACE' E:\phpStudy\WWW\twoway\Application\Admin\Conf\config.php 第 9 行.
INFO: [ app_begin ] --START--
INFO: Run Behavior\ReadHtmlCacheBehavior [ RunTime:0.001000s ]
INFO: [ app_begin ] --END-- [ RunTime:0.001000s ]
SQL: SHOW COLUMNS FROM `tw_posts` [ RunTime:0.0070s ]
ERR: 1064:You have an error in your SQL syntax; check the manual that corresponds to your MySQL server version for the right syntax to use near '' at line 1
 [ SQL语句 ] : select * from tw_posts where posts_id =
ERR: 1064:You have an error in your SQL syntax; check the manual that corresponds to your MySQL server version for the right syntax to use near '' at line 1
 [ SQL语句 ] : select * from tw_posts where posts_id =

[ 2017-08-02T18:25:43+08:00 ] 127.0.0.1 /index.php/Admin/Index/classman.html
INFO: [ app_init ] --START--
INFO: Run Behavior\BuildLiteBehavior [ RunTime:0.000000s ]
INFO: [ app_init ] --END-- [ RunTime:0.001000s ]
NOTIC: [8] Use of undefined constant SHOW_PAGE_TRACE - assumed 'SHOW_PAGE_TRACE' E:\phpStudy\WWW\twoway\Application\Admin\Conf\config.php 第 9 行.

[ 2017-08-02T18:25:47+08:00 ] 127.0.0.1 /index.php/Admin/Index/account_register.html
INFO: [ app_init ] --START--
INFO: Run Behavior\BuildLiteBehavior [ RunTime:0.000000s ]
INFO: [ app_init ] --END-- [ RunTime:0.000000s ]
NOTIC: [8] Use of undefined constant SHOW_PAGE_TRACE - assumed 'SHOW_PAGE_TRACE' E:\phpStudy\WWW\twoway\Application\Admin\Conf\config.php 第 9 行.

[ 2017-08-02T18:25:51+08:00 ] 127.0.0.1 /index.php/Admin/Index/resource.html
INFO: [ app_init ] --START--
INFO: Run Behavior\BuildLiteBehavior [ RunTime:0.000000s ]
INFO: [ app_init ] --END-- [ RunTime:0.000000s ]
NOTIC: [8] Use of undefined constant SHOW_PAGE_TRACE - assumed 'SHOW_PAGE_TRACE' E:\phpStudy\WWW\twoway\Application\Admin\Conf\config.php 第 9 行.

[ 2017-08-02T18:25:55+08:00 ] 127.0.0.1 /index.php/Admin/Index/updatasource.html
INFO: [ app_init ] --START--
INFO: Run Behavior\BuildLiteBehavior [ RunTime:0.000000s ]
INFO: [ app_init ] --END-- [ RunTime:0.000000s ]
NOTIC: [8] Use of undefined constant SHOW_PAGE_TRACE - assumed 'SHOW_PAGE_TRACE' E:\phpStudy\WWW\twoway\Application\Admin\Conf\config.php 第 9 行.

[ 2017-08-02T18:27:23+08:00 ] 127.0.0.1 /index.php/Admin/Index/resource.html
INFO: [ app_init ] --START--
INFO: Run Behavior\BuildLiteBehavior [ RunTime:0.000000s ]
INFO: [ app_init ] --END-- [ RunTime:0.001000s ]
NOTIC: [8] Use of undefined constant SHOW_PAGE_TRACE - assumed 'SHOW_PAGE_TRACE' E:\phpStudy\WWW\twoway\Application\Admin\Conf\config.php 第 9 行.

[ 2017-08-02T18:27:42+08:00 ] 127.0.0.1 /index.php/Admin/Index/resource.html
INFO: [ app_init ] --START--
INFO: Run Behavior\BuildLiteBehavior [ RunTime:0.000000s ]
INFO: [ app_init ] --END-- [ RunTime:0.001000s ]
NOTIC: [8] Use of undefined constant SHOW_PAGE_TRACE - assumed 'SHOW_PAGE_TRACE' E:\phpStudy\WWW\twoway\Application\Admin\Conf\config.php 第 9 行.

[ 2017-08-02T18:29:53+08:00 ] 127.0.0.1 /index.php/Admin/Index/account_getlist.html
INFO: [ app_init ] --START--
INFO: Run Behavior\BuildLiteBehavior [ RunTime:0.000000s ]
INFO: [ app_init ] --END-- [ RunTime:0.001000s ]
NOTIC: [8] Use of undefined constant SHOW_PAGE_TRACE - assumed 'SHOW_PAGE_TRACE' E:\phpStudy\WWW\twoway\Application\Admin\Conf\config.php 第 9 行.

[ 2017-08-02T18:30:42+08:00 ] 127.0.0.1 /index.php/Admin/Index/account_getlist.html
INFO: [ app_init ] --START--
INFO: Run Behavior\BuildLiteBehavior [ RunTime:0.000000s ]
INFO: [ app_init ] --END-- [ RunTime:0.000000s ]
NOTIC: [8] Use of undefined constant SHOW_PAGE_TRACE - assumed 'SHOW_PAGE_TRACE' E:\phpStudy\WWW\twoway\Application\Admin\Conf\config.php 第 9 行.

[ 2017-08-02T18:31:30+08:00 ] 127.0.0.1 /index.php/Admin/Index/account_getlist.html
INFO: [ app_init ] --START--
INFO: Run Behavior\BuildLiteBehavior [ RunTime:0.000000s ]
INFO: [ app_init ] --END-- [ RunTime:0.001000s ]
NOTIC: [8] Use of undefined constant SHOW_PAGE_TRACE - assumed 'SHOW_PAGE_TRACE' E:\phpStudy\WWW\twoway\Application\Admin\Conf\config.php 第 9 行.

[ 2017-08-02T18:32:05+08:00 ] 127.0.0.1 /index.php/Admin/Index/account_getlist.html
INFO: [ app_init ] --START--
INFO: Run Behavior\BuildLiteBehavior [ RunTime:0.000000s ]
INFO: [ app_init ] --END-- [ RunTime:0.001000s ]
NOTIC: [8] Use of undefined constant SHOW_PAGE_TRACE - assumed 'SHOW_PAGE_TRACE' E:\phpStudy\WWW\twoway\Application\Admin\Conf\config.php 第 9 行.

