[ 2017-10-09T10:02:58+08:00 ] 127.0.0.1 /index.php/admin/
INFO: [ app_init ] --START--
INFO: Run Behavior\BuildLiteBehavior [ RunTime:0.000000s ]
INFO: [ app_init ] --END-- [ RunTime:0.001000s ]
NOTIC: [8] Use of undefined constant SHOW_PAGE_TRACE - assumed 'SHOW_PAGE_TRACE' E:\phpStudy\WWW\twoway\Application\Admin\Conf\config.php 第 9 行.

[ 2017-10-09T10:03:02+08:00 ] 127.0.0.1 /index.php/Admin/Index/login.html
INFO: [ app_init ] --START--
INFO: Run Behavior\BuildLiteBehavior [ RunTime:0.000000s ]
INFO: [ app_init ] --END-- [ RunTime:0.001000s ]
NOTIC: [8] Use of undefined constant SHOW_PAGE_TRACE - assumed 'SHOW_PAGE_TRACE' E:\phpStudy\WWW\twoway\Application\Admin\Conf\config.php 第 9 行.

[ 2017-10-09T10:03:04+08:00 ] 127.0.0.1 /index.php/Admin/Index/base.html
INFO: [ app_init ] --START--
INFO: Run Behavior\BuildLiteBehavior [ RunTime:0.000000s ]
INFO: [ app_init ] --END-- [ RunTime:0.000000s ]
NOTIC: [8] Use of undefined constant SHOW_PAGE_TRACE - assumed 'SHOW_PAGE_TRACE' E:\phpStudy\WWW\twoway\Application\Admin\Conf\config.php 第 9 行.

[ 2017-10-09T10:03:24+08:00 ] 127.0.0.1 /index.php/Admin/Index/classman.html
INFO: [ app_init ] --START--
INFO: Run Behavior\BuildLiteBehavior [ RunTime:0.000000s ]
INFO: [ app_init ] --END-- [ RunTime:0.001000s ]
NOTIC: [8] Use of undefined constant SHOW_PAGE_TRACE - assumed 'SHOW_PAGE_TRACE' E:\phpStudy\WWW\twoway\Application\Admin\Conf\config.php 第 9 行.

[ 2017-10-09T10:03:27+08:00 ] 127.0.0.1 /index.php/Admin/Index/postsman.html
INFO: [ app_init ] --START--
INFO: Run Behavior\BuildLiteBehavior [ RunTime:0.000000s ]
INFO: [ app_init ] --END-- [ RunTime:0.001000s ]
NOTIC: [8] Use of undefined constant SHOW_PAGE_TRACE - assumed 'SHOW_PAGE_TRACE' E:\phpStudy\WWW\twoway\Application\Admin\Conf\config.php 第 9 行.

[ 2017-10-09T10:09:47+08:00 ] 127.0.0.1 /index.php/Admin/Index/classman.html
INFO: [ app_init ] --START--
INFO: Run Behavior\BuildLiteBehavior [ RunTime:0.000000s ]
INFO: [ app_init ] --END-- [ RunTime:0.000000s ]
NOTIC: [8] Use of undefined constant SHOW_PAGE_TRACE - assumed 'SHOW_PAGE_TRACE' E:\phpStudy\WWW\twoway\Application\Admin\Conf\config.php 第 9 行.

[ 2017-10-09T10:09:58+08:00 ] 127.0.0.1 /index.php/Admin/Index/newposts.html
INFO: [ app_init ] --START--
INFO: Run Behavior\BuildLiteBehavior [ RunTime:0.000000s ]
INFO: [ app_init ] --END-- [ RunTime:0.001000s ]
NOTIC: [8] Use of undefined constant SHOW_PAGE_TRACE - assumed 'SHOW_PAGE_TRACE' E:\phpStudy\WWW\twoway\Application\Admin\Conf\config.php 第 9 行.

[ 2017-10-09T10:10:00+08:00 ] 127.0.0.1 /index.php/Admin/Index/findselect.html
INFO: [ app_init ] --START--
INFO: Run Behavior\BuildLiteBehavior [ RunTime:0.000000s ]
INFO: [ app_init ] --END-- [ RunTime:0.001000s ]
NOTIC: [8] Use of undefined constant SHOW_PAGE_TRACE - assumed 'SHOW_PAGE_TRACE' E:\phpStudy\WWW\twoway\Application\Admin\Conf\config.php 第 9 行.
INFO: [ app_begin ] --START--
INFO: Run Behavior\ReadHtmlCacheBehavior [ RunTime:0.001000s ]
INFO: [ app_begin ] --END-- [ RunTime:0.001000s ]
SQL: SHOW COLUMNS FROM `tw_posts` [ RunTime:0.0020s ]
ERR: 1064:You have an error in your SQL syntax; check the manual that corresponds to your MySQL server version for the right syntax to use near '' at line 1
 [ SQL语句 ] : select * from tw_posts where posts_id =
ERR: 1064:You have an error in your SQL syntax; check the manual that corresponds to your MySQL server version for the right syntax to use near '' at line 1
 [ SQL语句 ] : select * from tw_posts where posts_id =

[ 2017-10-09T10:11:01+08:00 ] 127.0.0.1 /index.php/Admin/Index/postsman.html
INFO: [ app_init ] --START--
INFO: Run Behavior\BuildLiteBehavior [ RunTime:0.000000s ]
INFO: [ app_init ] --END-- [ RunTime:0.001000s ]
NOTIC: [8] Use of undefined constant SHOW_PAGE_TRACE - assumed 'SHOW_PAGE_TRACE' E:\phpStudy\WWW\twoway\Application\Admin\Conf\config.php 第 9 行.

[ 2017-10-09T10:12:34+08:00 ] 127.0.0.1 /index.php/Admin/Index/newposts.html
INFO: [ app_init ] --START--
INFO: Run Behavior\BuildLiteBehavior [ RunTime:0.000000s ]
INFO: [ app_init ] --END-- [ RunTime:0.000000s ]
NOTIC: [8] Use of undefined constant SHOW_PAGE_TRACE - assumed 'SHOW_PAGE_TRACE' E:\phpStudy\WWW\twoway\Application\Admin\Conf\config.php 第 9 行.

[ 2017-10-09T10:12:36+08:00 ] 127.0.0.1 /index.php/Admin/Index/findselect.html
INFO: [ app_init ] --START--
INFO: Run Behavior\BuildLiteBehavior [ RunTime:0.000000s ]
INFO: [ app_init ] --END-- [ RunTime:0.001000s ]
NOTIC: [8] Use of undefined constant SHOW_PAGE_TRACE - assumed 'SHOW_PAGE_TRACE' E:\phpStudy\WWW\twoway\Application\Admin\Conf\config.php 第 9 行.
INFO: [ app_begin ] --START--
INFO: Run Behavior\ReadHtmlCacheBehavior [ RunTime:0.001000s ]
INFO: [ app_begin ] --END-- [ RunTime:0.001000s ]
SQL: SHOW COLUMNS FROM `tw_posts` [ RunTime:0.0030s ]
ERR: 1064:You have an error in your SQL syntax; check the manual that corresponds to your MySQL server version for the right syntax to use near '' at line 1
 [ SQL语句 ] : select * from tw_posts where posts_id =
ERR: 1064:You have an error in your SQL syntax; check the manual that corresponds to your MySQL server version for the right syntax to use near '' at line 1
 [ SQL语句 ] : select * from tw_posts where posts_id =

[ 2017-10-09T10:16:05+08:00 ] 127.0.0.1 /index.php/Admin/Index/postsman.html
INFO: [ app_init ] --START--
INFO: Run Behavior\BuildLiteBehavior [ RunTime:0.000000s ]
INFO: [ app_init ] --END-- [ RunTime:0.001000s ]
NOTIC: [8] Use of undefined constant SHOW_PAGE_TRACE - assumed 'SHOW_PAGE_TRACE' E:\phpStudy\WWW\twoway\Application\Admin\Conf\config.php 第 9 行.

[ 2017-10-09T10:16:08+08:00 ] 127.0.0.1 /index.php/Admin/Index/newposts.html
INFO: [ app_init ] --START--
INFO: Run Behavior\BuildLiteBehavior [ RunTime:0.000000s ]
INFO: [ app_init ] --END-- [ RunTime:0.001000s ]
NOTIC: [8] Use of undefined constant SHOW_PAGE_TRACE - assumed 'SHOW_PAGE_TRACE' E:\phpStudy\WWW\twoway\Application\Admin\Conf\config.php 第 9 行.

[ 2017-10-09T10:16:09+08:00 ] 127.0.0.1 /index.php/Admin/Index/classman.html
INFO: [ app_init ] --START--
INFO: Run Behavior\BuildLiteBehavior [ RunTime:0.000000s ]
INFO: [ app_init ] --END-- [ RunTime:0.001000s ]
NOTIC: [8] Use of undefined constant SHOW_PAGE_TRACE - assumed 'SHOW_PAGE_TRACE' E:\phpStudy\WWW\twoway\Application\Admin\Conf\config.php 第 9 行.

[ 2017-10-09T10:16:39+08:00 ] 127.0.0.1 /index.php/Admin/Index/classman.html
INFO: [ app_init ] --START--
INFO: Run Behavior\BuildLiteBehavior [ RunTime:0.000000s ]
INFO: [ app_init ] --END-- [ RunTime:0.001000s ]
NOTIC: [8] Use of undefined constant SHOW_PAGE_TRACE - assumed 'SHOW_PAGE_TRACE' E:\phpStudy\WWW\twoway\Application\Admin\Conf\config.php 第 9 行.
INFO: [ app_begin ] --START--
INFO: Run Behavior\ReadHtmlCacheBehavior [ RunTime:0.000000s ]
INFO: [ app_begin ] --END-- [ RunTime:0.000000s ]
SQL: SHOW COLUMNS FROM `tw_user` [ RunTime:0.0030s ]
SQL: SELECT `user_name`,b.group_name  user_group,`user_register`,`user_last`,`user_remark`,`user_avatar` FROM tw_user  a INNER JOIN tw_group  b  WHERE ( user_name='' AND a.user_group=b.group_id ) LIMIT 1   [ RunTime:0.0000s ]
SQL: SHOW COLUMNS FROM `tw_class` [ RunTime:0.0020s ]
SQL: INSERT INTO `tw_class` (`class_name`,`class_explain`) VALUES ('上海项目','关于上海的项目活动') [ RunTime:0.0570s ]
NOTIC: [2] call_user_func() expects parameter 1 to be a valid callback, no array or string given E:\phpStudy\WWW\twoway\Application\Admin\Controller\IndexController.class.php 第 97 行.
INFO: [ app_end ] --START--
INFO: Run Behavior\ShowPageTraceBehavior [ RunTime:0.001000s ]
INFO: [ app_end ] --END-- [ RunTime:0.001000s ]

[ 2017-10-09T10:16:40+08:00 ] 127.0.0.1 /index.php/Admin/Index/classman.html
INFO: [ app_init ] --START--
INFO: Run Behavior\BuildLiteBehavior [ RunTime:0.000000s ]
INFO: [ app_init ] --END-- [ RunTime:0.001000s ]
NOTIC: [8] Use of undefined constant SHOW_PAGE_TRACE - assumed 'SHOW_PAGE_TRACE' E:\phpStudy\WWW\twoway\Application\Admin\Conf\config.php 第 9 行.

[ 2017-10-09T10:16:43+08:00 ] 127.0.0.1 /index.php/Admin/Index/newposts.html
INFO: [ app_init ] --START--
INFO: Run Behavior\BuildLiteBehavior [ RunTime:0.000000s ]
INFO: [ app_init ] --END-- [ RunTime:0.000000s ]
NOTIC: [8] Use of undefined constant SHOW_PAGE_TRACE - assumed 'SHOW_PAGE_TRACE' E:\phpStudy\WWW\twoway\Application\Admin\Conf\config.php 第 9 行.

[ 2017-10-09T10:16:45+08:00 ] 127.0.0.1 /index.php/Admin/Index/findselect.html
INFO: [ app_init ] --START--
INFO: Run Behavior\BuildLiteBehavior [ RunTime:0.000000s ]
INFO: [ app_init ] --END-- [ RunTime:0.000000s ]
NOTIC: [8] Use of undefined constant SHOW_PAGE_TRACE - assumed 'SHOW_PAGE_TRACE' E:\phpStudy\WWW\twoway\Application\Admin\Conf\config.php 第 9 行.
INFO: [ app_begin ] --START--
INFO: Run Behavior\ReadHtmlCacheBehavior [ RunTime:0.001000s ]
INFO: [ app_begin ] --END-- [ RunTime:0.001000s ]
SQL: SHOW COLUMNS FROM `tw_posts` [ RunTime:0.0020s ]
ERR: 1064:You have an error in your SQL syntax; check the manual that corresponds to your MySQL server version for the right syntax to use near '' at line 1
 [ SQL语句 ] : select * from tw_posts where posts_id =
ERR: 1064:You have an error in your SQL syntax; check the manual that corresponds to your MySQL server version for the right syntax to use near '' at line 1
 [ SQL语句 ] : select * from tw_posts where posts_id =

[ 2017-10-09T10:17:19+08:00 ] 127.0.0.1 /index.php/Admin/Index/newposts.html
INFO: [ app_init ] --START--
INFO: Run Behavior\BuildLiteBehavior [ RunTime:0.000000s ]
INFO: [ app_init ] --END-- [ RunTime:0.001000s ]
NOTIC: [8] Use of undefined constant SHOW_PAGE_TRACE - assumed 'SHOW_PAGE_TRACE' E:\phpStudy\WWW\twoway\Application\Admin\Conf\config.php 第 9 行.
INFO: [ app_begin ] --START--
INFO: Run Behavior\ReadHtmlCacheBehavior [ RunTime:0.001000s ]
INFO: [ app_begin ] --END-- [ RunTime:0.001000s ]
SQL: SHOW COLUMNS FROM `tw_user` [ RunTime:0.0030s ]
SQL: SELECT `user_name`,b.group_name  user_group,`user_register`,`user_last`,`user_remark`,`user_avatar` FROM tw_user  a INNER JOIN tw_group  b  WHERE ( user_name='' AND a.user_group=b.group_id ) LIMIT 1   [ RunTime:0.0000s ]
NOTIC: [8] Undefined variable: data E:\phpStudy\WWW\twoway\Application\Admin\Controller\IndexController.class.php 第 184 行.
SQL: SHOW COLUMNS FROM `tw_posts` [ RunTime:0.0030s ]
SQL: SHOW COLUMNS FROM `tw_class` [ RunTime:0.0020s ]
SQL: SELECT `class_id` FROM `tw_class` WHERE ( class_name='上海项目' )  [ RunTime:0.0000s ]
SQL: SELECT `posts_id` FROM `tw_posts` WHERE ( posts_title='阿斯蒂芬' ) LIMIT 1   [ RunTime:0.0000s ]
SQL: INSERT INTO `tw_posts` (`posts_author`,`posts_class`,`posts_id`,`posts_title`,`posts_cover`,`posts_tags`,`posts_content`,`posts_create_time`,`posts_edit_time`) VALUES ('vition','4','','阿斯蒂芬','','萨芬','阿什顿','2017-10-09 10:17:19','2017-10-09 10:17:19') [ RunTime:0.0480s ]
INFO: [ log ] --START--
SQL: SHOW COLUMNS FROM `tw_log` [ RunTime:0.0030s ]
SQL: INSERT INTO `tw_log` (`user`,`type`,`module`,`create_time`) VALUES ('vition','新建文章','文章管理 >> 新建文章','2017-10-09 10:17:19') [ RunTime:0.0000s ]
INFO: Run Admin\Behavior\LogBehavior [ RunTime:0.004000s ]
INFO: [ log ] --END-- [ RunTime:0.004000s ]
NOTIC: [2] call_user_func() expects parameter 1 to be a valid callback, no array or string given E:\phpStudy\WWW\twoway\Application\Admin\Controller\IndexController.class.php 第 97 行.
INFO: [ app_end ] --START--
INFO: Run Behavior\ShowPageTraceBehavior [ RunTime:0.001000s ]
INFO: [ app_end ] --END-- [ RunTime:0.001000s ]

[ 2017-10-09T10:17:21+08:00 ] 127.0.0.1 /index.php/Admin/Index/newposts.html
INFO: [ app_init ] --START--
INFO: Run Behavior\BuildLiteBehavior [ RunTime:0.000000s ]
INFO: [ app_init ] --END-- [ RunTime:0.000000s ]
NOTIC: [8] Use of undefined constant SHOW_PAGE_TRACE - assumed 'SHOW_PAGE_TRACE' E:\phpStudy\WWW\twoway\Application\Admin\Conf\config.php 第 9 行.

[ 2017-10-09T10:17:23+08:00 ] 127.0.0.1 /index.php/Admin/Index/findselect.html
INFO: [ app_init ] --START--
INFO: Run Behavior\BuildLiteBehavior [ RunTime:0.000000s ]
INFO: [ app_init ] --END-- [ RunTime:0.001000s ]
NOTIC: [8] Use of undefined constant SHOW_PAGE_TRACE - assumed 'SHOW_PAGE_TRACE' E:\phpStudy\WWW\twoway\Application\Admin\Conf\config.php 第 9 行.
INFO: [ app_begin ] --START--
INFO: Run Behavior\ReadHtmlCacheBehavior [ RunTime:0.000000s ]
INFO: [ app_begin ] --END-- [ RunTime:0.000000s ]
SQL: SHOW COLUMNS FROM `tw_posts` [ RunTime:0.0230s ]
ERR: 1064:You have an error in your SQL syntax; check the manual that corresponds to your MySQL server version for the right syntax to use near '' at line 1
 [ SQL语句 ] : select * from tw_posts where posts_id =
ERR: 1064:You have an error in your SQL syntax; check the manual that corresponds to your MySQL server version for the right syntax to use near '' at line 1
 [ SQL语句 ] : select * from tw_posts where posts_id =

[ 2017-10-09T10:19:06+08:00 ] 127.0.0.1 /index.php/Admin/Index/newposts.html
INFO: [ app_init ] --START--
INFO: Run Behavior\BuildLiteBehavior [ RunTime:0.000000s ]
INFO: [ app_init ] --END-- [ RunTime:0.000000s ]
NOTIC: [8] Use of undefined constant SHOW_PAGE_TRACE - assumed 'SHOW_PAGE_TRACE' E:\phpStudy\WWW\twoway\Application\Admin\Conf\config.php 第 9 行.

[ 2017-10-09T10:19:08+08:00 ] 127.0.0.1 /index.php/Admin/Index/findselect.html
INFO: [ app_init ] --START--
INFO: Run Behavior\BuildLiteBehavior [ RunTime:0.000000s ]
INFO: [ app_init ] --END-- [ RunTime:0.001000s ]
NOTIC: [8] Use of undefined constant SHOW_PAGE_TRACE - assumed 'SHOW_PAGE_TRACE' E:\phpStudy\WWW\twoway\Application\Admin\Conf\config.php 第 9 行.
INFO: [ app_begin ] --START--
INFO: Run Behavior\ReadHtmlCacheBehavior [ RunTime:0.001000s ]
INFO: [ app_begin ] --END-- [ RunTime:0.001000s ]
SQL: SHOW COLUMNS FROM `tw_posts` [ RunTime:0.0020s ]
ERR: 1064:You have an error in your SQL syntax; check the manual that corresponds to your MySQL server version for the right syntax to use near '' at line 1
 [ SQL语句 ] : select * from tw_posts where posts_id =
ERR: 1064:You have an error in your SQL syntax; check the manual that corresponds to your MySQL server version for the right syntax to use near '' at line 1
 [ SQL语句 ] : select * from tw_posts where posts_id =

[ 2017-10-09T10:19:25+08:00 ] 127.0.0.1 /index.php/Admin/Index/newposts.html
INFO: [ app_init ] --START--
INFO: Run Behavior\BuildLiteBehavior [ RunTime:0.000000s ]
INFO: [ app_init ] --END-- [ RunTime:0.000000s ]
NOTIC: [8] Use of undefined constant SHOW_PAGE_TRACE - assumed 'SHOW_PAGE_TRACE' E:\phpStudy\WWW\twoway\Application\Admin\Conf\config.php 第 9 行.
INFO: [ app_begin ] --START--
INFO: Run Behavior\ReadHtmlCacheBehavior [ RunTime:0.001000s ]
INFO: [ app_begin ] --END-- [ RunTime:0.001000s ]
SQL: SHOW COLUMNS FROM `tw_user` [ RunTime:0.0030s ]
SQL: SELECT `user_name`,b.group_name  user_group,`user_register`,`user_last`,`user_remark`,`user_avatar` FROM tw_user  a INNER JOIN tw_group  b  WHERE ( user_name='' AND a.user_group=b.group_id ) LIMIT 1   [ RunTime:0.0000s ]
NOTIC: [8] Undefined variable: data E:\phpStudy\WWW\twoway\Application\Admin\Controller\IndexController.class.php 第 184 行.
SQL: SHOW COLUMNS FROM `tw_posts` [ RunTime:0.0030s ]
SQL: SHOW COLUMNS FROM `tw_class` [ RunTime:0.0020s ]
SQL: SELECT `class_id` FROM `tw_class` WHERE ( class_name='TW项目' )  [ RunTime:0.0010s ]
SQL: SELECT `posts_id` FROM `tw_posts` WHERE ( posts_title='你你' ) LIMIT 1   [ RunTime:0.0000s ]
SQL: INSERT INTO `tw_posts` (`posts_author`,`posts_class`,`posts_id`,`posts_title`,`posts_cover`,`posts_tags`,`posts_content`,`posts_create_time`,`posts_edit_time`) VALUES ('vition','1','','你你','./Public/upload/images\\thumb_1507515565_676_460.jpg','阿达','说的','2017-10-09 10:19:25','2017-10-09 10:19:25') [ RunTime:0.0390s ]
INFO: [ log ] --START--
SQL: SHOW COLUMNS FROM `tw_log` [ RunTime:0.0070s ]
SQL: INSERT INTO `tw_log` (`user`,`type`,`module`,`create_time`) VALUES ('vition','新建文章','文章管理 >> 新建文章','2017-10-09 10:19:25') [ RunTime:0.0010s ]
INFO: Run Admin\Behavior\LogBehavior [ RunTime:0.010000s ]
INFO: [ log ] --END-- [ RunTime:0.010000s ]
NOTIC: [2] call_user_func() expects parameter 1 to be a valid callback, no array or string given E:\phpStudy\WWW\twoway\Application\Admin\Controller\IndexController.class.php 第 97 行.
INFO: [ app_end ] --START--
INFO: Run Behavior\ShowPageTraceBehavior [ RunTime:0.001000s ]
INFO: [ app_end ] --END-- [ RunTime:0.001000s ]

[ 2017-10-09T10:19:28+08:00 ] 127.0.0.1 /index.php/Admin/Index/newposts.html
INFO: [ app_init ] --START--
INFO: Run Behavior\BuildLiteBehavior [ RunTime:0.000000s ]
INFO: [ app_init ] --END-- [ RunTime:0.000000s ]
NOTIC: [8] Use of undefined constant SHOW_PAGE_TRACE - assumed 'SHOW_PAGE_TRACE' E:\phpStudy\WWW\twoway\Application\Admin\Conf\config.php 第 9 行.

[ 2017-10-09T10:19:31+08:00 ] 127.0.0.1 /index.php/Admin/Index/findselect.html
INFO: [ app_init ] --START--
INFO: Run Behavior\BuildLiteBehavior [ RunTime:0.000000s ]
INFO: [ app_init ] --END-- [ RunTime:0.001000s ]
NOTIC: [8] Use of undefined constant SHOW_PAGE_TRACE - assumed 'SHOW_PAGE_TRACE' E:\phpStudy\WWW\twoway\Application\Admin\Conf\config.php 第 9 行.
INFO: [ app_begin ] --START--
INFO: Run Behavior\ReadHtmlCacheBehavior [ RunTime:0.000000s ]
INFO: [ app_begin ] --END-- [ RunTime:0.000000s ]
SQL: SHOW COLUMNS FROM `tw_posts` [ RunTime:0.0050s ]
ERR: 1064:You have an error in your SQL syntax; check the manual that corresponds to your MySQL server version for the right syntax to use near '' at line 1
 [ SQL语句 ] : select * from tw_posts where posts_id =
ERR: 1064:You have an error in your SQL syntax; check the manual that corresponds to your MySQL server version for the right syntax to use near '' at line 1
 [ SQL语句 ] : select * from tw_posts where posts_id =

[ 2017-10-09T10:19:54+08:00 ] 127.0.0.1 /index.php/Admin/Index/newposts.html
INFO: [ app_init ] --START--
INFO: Run Behavior\BuildLiteBehavior [ RunTime:0.000000s ]
INFO: [ app_init ] --END-- [ RunTime:0.000000s ]
NOTIC: [8] Use of undefined constant SHOW_PAGE_TRACE - assumed 'SHOW_PAGE_TRACE' E:\phpStudy\WWW\twoway\Application\Admin\Conf\config.php 第 9 行.
INFO: [ app_begin ] --START--
INFO: Run Behavior\ReadHtmlCacheBehavior [ RunTime:0.000000s ]
INFO: [ app_begin ] --END-- [ RunTime:0.001000s ]
SQL: SHOW COLUMNS FROM `tw_user` [ RunTime:0.0020s ]
SQL: SELECT `user_name`,b.group_name  user_group,`user_register`,`user_last`,`user_remark`,`user_avatar` FROM tw_user  a INNER JOIN tw_group  b  WHERE ( user_name='' AND a.user_group=b.group_id ) LIMIT 1   [ RunTime:0.0000s ]
NOTIC: [8] Undefined variable: data E:\phpStudy\WWW\twoway\Application\Admin\Controller\IndexController.class.php 第 184 行.
SQL: SHOW COLUMNS FROM `tw_posts` [ RunTime:0.0020s ]
SQL: SHOW COLUMNS FROM `tw_class` [ RunTime:0.0010s ]
SQL: SELECT `class_id` FROM `tw_class` WHERE ( class_name='上海项目' )  [ RunTime:0.0000s ]
SQL: SELECT `posts_id` FROM `tw_posts` WHERE ( posts_title=' 阿斯蒂芬' ) LIMIT 1   [ RunTime:0.0010s ]
SQL: INSERT INTO `tw_posts` (`posts_author`,`posts_class`,`posts_id`,`posts_title`,`posts_cover`,`posts_tags`,`posts_content`,`posts_create_time`,`posts_edit_time`) VALUES ('vition','4','',' 阿斯蒂芬','./Public/upload/images\\thumb_1507515594_676_460.jpg','阿达撒旦法','阿什顿','2017-10-09 10:19:54','2017-10-09 10:19:54') [ RunTime:0.0590s ]
INFO: [ log ] --START--
SQL: SHOW COLUMNS FROM `tw_log` [ RunTime:0.0030s ]
SQL: INSERT INTO `tw_log` (`user`,`type`,`module`,`create_time`) VALUES ('vition','新建文章','文章管理 >> 新建文章','2017-10-09 10:19:54') [ RunTime:0.0000s ]
INFO: Run Admin\Behavior\LogBehavior [ RunTime:0.004000s ]
INFO: [ log ] --END-- [ RunTime:0.004000s ]
NOTIC: [2] call_user_func() expects parameter 1 to be a valid callback, no array or string given E:\phpStudy\WWW\twoway\Application\Admin\Controller\IndexController.class.php 第 97 行.
INFO: [ app_end ] --START--
INFO: Run Behavior\ShowPageTraceBehavior [ RunTime:0.001000s ]
INFO: [ app_end ] --END-- [ RunTime:0.001000s ]

[ 2017-10-09T10:19:57+08:00 ] 127.0.0.1 /index.php/Admin/Index/newposts.html
INFO: [ app_init ] --START--
INFO: Run Behavior\BuildLiteBehavior [ RunTime:0.000000s ]
INFO: [ app_init ] --END-- [ RunTime:0.000000s ]
NOTIC: [8] Use of undefined constant SHOW_PAGE_TRACE - assumed 'SHOW_PAGE_TRACE' E:\phpStudy\WWW\twoway\Application\Admin\Conf\config.php 第 9 行.

[ 2017-10-09T10:19:59+08:00 ] 127.0.0.1 /index.php/Admin/Index/findselect.html
INFO: [ app_init ] --START--
INFO: Run Behavior\BuildLiteBehavior [ RunTime:0.000000s ]
INFO: [ app_init ] --END-- [ RunTime:0.001000s ]
NOTIC: [8] Use of undefined constant SHOW_PAGE_TRACE - assumed 'SHOW_PAGE_TRACE' E:\phpStudy\WWW\twoway\Application\Admin\Conf\config.php 第 9 行.
INFO: [ app_begin ] --START--
INFO: Run Behavior\ReadHtmlCacheBehavior [ RunTime:0.000000s ]
INFO: [ app_begin ] --END-- [ RunTime:0.000000s ]
SQL: SHOW COLUMNS FROM `tw_posts` [ RunTime:0.0020s ]
ERR: 1064:You have an error in your SQL syntax; check the manual that corresponds to your MySQL server version for the right syntax to use near '' at line 1
 [ SQL语句 ] : select * from tw_posts where posts_id =
ERR: 1064:You have an error in your SQL syntax; check the manual that corresponds to your MySQL server version for the right syntax to use near '' at line 1
 [ SQL语句 ] : select * from tw_posts where posts_id =

